[0.050s] Invoking command in '/home/datn/ydlidar_ws/build/slam_gmapping': AMENT_PREFIX_PATH=/home/datn/ydlidar_ws/install/openslam_gmapping:${AMENT_PREFIX_PATH} CMAKE_PREFIX_PATH=/home/datn/ydlidar_ws/install/openslam_gmapping:/opt/ros/foxy LD_LIBRARY_PATH=/home/datn/ydlidar_ws/install/openslam_gmapping/lib:${LD_LIBRARY_PATH} /usr/bin/cmake --build /home/datn/ydlidar_ws/build/slam_gmapping -- -j4 -l4
[0.399s] [100%] Built target slam_gmapping
[0.400s] [100%] Built target transform
[0.441s] Invoked command in '/home/datn/ydlidar_ws/build/slam_gmapping' returned '0': AMENT_PREFIX_PATH=/home/datn/ydlidar_ws/install/openslam_gmapping:${AMENT_PREFIX_PATH} CMAKE_PREFIX_PATH=/home/datn/ydlidar_ws/install/openslam_gmapping:/opt/ros/foxy LD_LIBRARY_PATH=/home/datn/ydlidar_ws/install/openslam_gmapping/lib:${LD_LIBRARY_PATH} /usr/bin/cmake --build /home/datn/ydlidar_ws/build/slam_gmapping -- -j4 -l4
[0.592s] Invoking command in '/home/datn/ydlidar_ws/build/slam_gmapping': AMENT_PREFIX_PATH=/home/datn/ydlidar_ws/install/openslam_gmapping:${AMENT_PREFIX_PATH} CMAKE_PREFIX_PATH=/home/datn/ydlidar_ws/install/openslam_gmapping:/opt/ros/foxy LD_LIBRARY_PATH=/home/datn/ydlidar_ws/install/openslam_gmapping/lib:${LD_LIBRARY_PATH} /usr/bin/cmake --install /home/datn/ydlidar_ws/build/slam_gmapping
[0.627s] -- Install configuration: ""
[0.628s] -- Execute custom install script
[0.630s] -- Up-to-date symlink: /home/datn/ydlidar_ws/install/slam_gmapping/lib/slam_gmapping/slam_gmapping
[0.632s] -- Up-to-date symlink: /home/datn/ydlidar_ws/install/slam_gmapping/lib/slam_gmapping/transform
[0.635s] -- Up-to-date symlink: /home/datn/ydlidar_ws/install/slam_gmapping/share/slam_gmapping/launch/gmapping_4ros_launch.py
[0.636s] -- Up-to-date symlink: /home/datn/ydlidar_ws/install/slam_gmapping/share/slam_gmapping/launch/gmapping_x3_launch.py
[0.637s] -- Up-to-date symlink: /home/datn/ydlidar_ws/install/slam_gmapping/share/slam_gmapping/launch/slam_4ros_gmapping.launch.py
[0.638s] -- Up-to-date symlink: /home/datn/ydlidar_ws/install/slam_gmapping/share/slam_gmapping/launch/test_gmapping.launch.py
[0.639s] -- Up-to-date symlink: /home/datn/ydlidar_ws/install/slam_gmapping/share/slam_gmapping/launch/x3_slam.py
[0.640s] -- Up-to-date symlink: /home/datn/ydlidar_ws/install/slam_gmapping/share/slam_gmapping/launch/ydlidar_slam.py
[0.642s] -- Up-to-date symlink: /home/datn/ydlidar_ws/install/slam_gmapping/share/slam_gmapping/params/slam_gmapping.yaml
[0.643s] -- Up-to-date symlink: /home/datn/ydlidar_ws/install/slam_gmapping/share/ament_index/resource_index/package_run_dependencies/slam_gmapping
[0.645s] -- Up-to-date symlink: /home/datn/ydlidar_ws/install/slam_gmapping/share/ament_index/resource_index/parent_prefix_path/slam_gmapping
[0.646s] -- Up-to-date symlink: /home/datn/ydlidar_ws/install/slam_gmapping/share/slam_gmapping/environment/ament_prefix_path.sh
[0.648s] -- Up-to-date symlink: /home/datn/ydlidar_ws/install/slam_gmapping/share/slam_gmapping/environment/ament_prefix_path.dsv
[0.649s] -- Up-to-date symlink: /home/datn/ydlidar_ws/install/slam_gmapping/share/slam_gmapping/environment/path.sh
[0.651s] -- Up-to-date symlink: /home/datn/ydlidar_ws/install/slam_gmapping/share/slam_gmapping/environment/path.dsv
[0.652s] -- Up-to-date symlink: /home/datn/ydlidar_ws/install/slam_gmapping/share/slam_gmapping/local_setup.bash
[0.653s] -- Up-to-date symlink: /home/datn/ydlidar_ws/install/slam_gmapping/share/slam_gmapping/local_setup.sh
[0.655s] -- Up-to-date symlink: /home/datn/ydlidar_ws/install/slam_gmapping/share/slam_gmapping/local_setup.zsh
[0.656s] -- Up-to-date symlink: /home/datn/ydlidar_ws/install/slam_gmapping/share/slam_gmapping/local_setup.dsv
[0.657s] -- Symlinking: /home/datn/ydlidar_ws/install/slam_gmapping/share/slam_gmapping/package.dsv
[0.695s] -- Up-to-date symlink: /home/datn/ydlidar_ws/install/slam_gmapping/share/ament_index/resource_index/packages/slam_gmapping
[0.696s] -- Up-to-date symlink: /home/datn/ydlidar_ws/install/slam_gmapping/share/slam_gmapping/cmake/slam_gmappingConfig.cmake
[0.697s] -- Up-to-date symlink: /home/datn/ydlidar_ws/install/slam_gmapping/share/slam_gmapping/cmake/slam_gmappingConfig-version.cmake
[0.699s] -- Up-to-date symlink: /home/datn/ydlidar_ws/install/slam_gmapping/share/slam_gmapping/package.xml
[0.707s] Invoked command in '/home/datn/ydlidar_ws/build/slam_gmapping' returned '0': AMENT_PREFIX_PATH=/home/datn/ydlidar_ws/install/openslam_gmapping:${AMENT_PREFIX_PATH} CMAKE_PREFIX_PATH=/home/datn/ydlidar_ws/install/openslam_gmapping:/opt/ros/foxy LD_LIBRARY_PATH=/home/datn/ydlidar_ws/install/openslam_gmapping/lib:${LD_LIBRARY_PATH} /usr/bin/cmake --install /home/datn/ydlidar_ws/build/slam_gmapping
