[0.008s] Invoking command in '/home/ndp/ydlidar_ws/build/slam_gmapping': AMENT_PREFIX_PATH=/home/ndp/ydlidar_ws/install/openslam_gmapping:${AMENT_PREFIX_PATH} CMAKE_PREFIX_PATH=/home/ndp/ydlidar_ws/install/openslam_gmapping:/home/ndp/ydlidar_ws/install/ydlidar_ros2_driver:/home/ndp/ydlidar/install/ydlidar_ros2_driver:/opt/ros/foxy LD_LIBRARY_PATH=/home/ndp/ydlidar_ws/install/openslam_gmapping/lib:${LD_LIBRARY_PATH} /usr/bin/cmake /home/ndp/ydlidar_ws/slam_gmapping -DAMENT_CMAKE_SYMLINK_INSTALL=1 -DCMAKE_INSTALL_PREFIX=/home/ndp/ydlidar_ws/install/slam_gmapping
[0.049s] -- The C compiler identification is GNU 9.4.0
[0.088s] -- The CXX compiler identification is GNU 9.4.0
[0.090s] -- Check for working C compiler: /usr/bin/cc
[0.152s] -- Check for working C compiler: /usr/bin/cc -- works
[0.153s] -- Detecting C compiler ABI info
[0.203s] -- Detecting C compiler ABI info - done
[0.215s] -- Detecting C compile features
[0.215s] -- Detecting C compile features - done
[0.217s] -- Check for working CXX compiler: /usr/bin/c++
[0.276s] -- Check for working CXX compiler: /usr/bin/c++ -- works
[0.277s] -- Detecting CXX compiler ABI info
[0.348s] -- Detecting CXX compiler ABI info - done
[0.356s] -- Detecting CXX compile features
[0.357s] -- Detecting CXX compile features - done
[0.357s]  -fuse-ld=lld -Wl,--disable-new-dtags
[0.358s] -- Found ament_cmake: 0.9.12 (/opt/ros/foxy/share/ament_cmake/cmake)
[0.374s] -- Found PythonInterp: /usr/bin/python3 (found suitable version "3.8.10", minimum required is "3") 
[0.374s] -- Using PYTHON_EXECUTABLE: /usr/bin/python3
[0.486s] -- Override CMake install command with custom implementation using symlinks instead of copying resources
[0.508s] -- Found std_msgs: 2.0.5 (/opt/ros/foxy/share/std_msgs/cmake)
[0.534s] -- Using all available rosidl_typesupport_c: rosidl_typesupport_fastrtps_c;rosidl_typesupport_introspection_c
[0.540s] -- Found rosidl_adapter: 1.3.1 (/opt/ros/foxy/share/rosidl_adapter/cmake)
[0.592s] -- Found OpenSSL: /usr/lib/x86_64-linux-gnu/libcrypto.so (found version "1.1.1f")  
[0.612s] -- Found FastRTPS: /opt/ros/foxy/include  
[0.672s] -- Using all available rosidl_typesupport_cpp: rosidl_typesupport_fastrtps_cpp;rosidl_typesupport_introspection_cpp
[0.710s] -- Found nav_msgs: 2.0.5 (/opt/ros/foxy/share/nav_msgs/cmake)
[0.796s] -- Found tf2: 0.13.14 (/opt/ros/foxy/share/tf2/cmake)
[0.805s] -- Found tf2_ros: 0.13.14 (/opt/ros/foxy/share/tf2_ros/cmake)
[0.860s] -- Found rmw_implementation_cmake: 1.0.4 (/opt/ros/foxy/share/rmw_implementation_cmake/cmake)
[0.862s] -- Using RMW implementation 'rmw_fastrtps_cpp' as default
[0.863s] -- Looking for pthread.h
[0.920s] -- Looking for pthread.h - found
[0.920s] -- Performing Test CMAKE_HAVE_LIBC_PTHREAD
[0.982s] -- Performing Test CMAKE_HAVE_LIBC_PTHREAD - Failed
[0.982s] -- Looking for pthread_create in pthreads
[1.036s] -- Looking for pthread_create in pthreads - not found
[1.036s] -- Looking for pthread_create in pthread
[1.105s] -- Looking for pthread_create in pthread - found
[1.106s] -- Found Threads: TRUE  
[1.438s] -- Found tf2_geometry_msgs: 0.13.14 (/opt/ros/foxy/share/tf2_geometry_msgs/cmake)
[1.445s] -- Found eigen3_cmake_module: 0.1.1 (/opt/ros/foxy/share/eigen3_cmake_module/cmake)
[1.448s] -- Found Eigen3: TRUE (found version "3.3.7") 
[1.467s] -- Found sensor_msgs: 2.0.5 (/opt/ros/foxy/share/sensor_msgs/cmake)
[1.528s] -- Found visualization_msgs: 2.0.5 (/opt/ros/foxy/share/visualization_msgs/cmake)
[1.604s] -- Found openslam_gmapping: 0.1.2 (/home/ndp/ydlidar_ws/install/openslam_gmapping/share/openslam_gmapping/cmake)
[1.607s] -- Found ament_lint_auto: 0.9.8 (/opt/ros/foxy/share/ament_lint_auto/cmake)
[1.681s] -- Added test 'cppcheck' to perform static code analysis on C / C++ code
[1.681s] -- Configured cppcheck include dirs: /home/ndp/ydlidar_ws/slam_gmapping/include
[1.681s] -- Configured cppcheck exclude dirs and/or files: 
[1.682s] -- Added test 'flake8' to check Python code syntax and style conventions
[1.683s] -- Added test 'lint_cmake' to check CMake code style
[1.683s] -- Added test 'pep257' to check Python code against some of the style conventions in PEP 257
[1.684s] -- Added test 'uncrustify' to check C / C++ code style
[1.684s] -- Configured uncrustify additional arguments: 
[1.685s] -- Added test 'xmllint' to check XML markup files
[1.688s] -- Configuring done
[1.704s] -- Generating done
[1.706s] -- Build files have been written to: /home/ndp/ydlidar_ws/build/slam_gmapping
[1.713s] Invoked command in '/home/ndp/ydlidar_ws/build/slam_gmapping' returned '0': AMENT_PREFIX_PATH=/home/ndp/ydlidar_ws/install/openslam_gmapping:${AMENT_PREFIX_PATH} CMAKE_PREFIX_PATH=/home/ndp/ydlidar_ws/install/openslam_gmapping:/home/ndp/ydlidar_ws/install/ydlidar_ros2_driver:/home/ndp/ydlidar/install/ydlidar_ros2_driver:/opt/ros/foxy LD_LIBRARY_PATH=/home/ndp/ydlidar_ws/install/openslam_gmapping/lib:${LD_LIBRARY_PATH} /usr/bin/cmake /home/ndp/ydlidar_ws/slam_gmapping -DAMENT_CMAKE_SYMLINK_INSTALL=1 -DCMAKE_INSTALL_PREFIX=/home/ndp/ydlidar_ws/install/slam_gmapping
[1.715s] Invoking command in '/home/ndp/ydlidar_ws/build/slam_gmapping': AMENT_PREFIX_PATH=/home/ndp/ydlidar_ws/install/openslam_gmapping:${AMENT_PREFIX_PATH} CMAKE_PREFIX_PATH=/home/ndp/ydlidar_ws/install/openslam_gmapping:/home/ndp/ydlidar_ws/install/ydlidar_ros2_driver:/home/ndp/ydlidar/install/ydlidar_ros2_driver:/opt/ros/foxy LD_LIBRARY_PATH=/home/ndp/ydlidar_ws/install/openslam_gmapping/lib:${LD_LIBRARY_PATH} /usr/bin/cmake --build /home/ndp/ydlidar_ws/build/slam_gmapping -- -j8 -l8
[1.752s] [35m[1mScanning dependencies of target slam_gmapping[0m
[1.752s] [35m[1mScanning dependencies of target transform[0m
[1.847s] [ 25%] [32mBuilding CXX object CMakeFiles/slam_gmapping.dir/src/slam_gmapping.cpp.o[0m
[1.849s] [ 50%] [32mBuilding CXX object CMakeFiles/transform.dir/src/transform.cpp.o[0m
[3.184s] In file included from [01m[K/home/ndp/ydlidar_ws/install/openslam_gmapping/include/gmapping/gridfastslam/gridslamprocessor.h:9[m[K,
[3.184s]                  from [01m[K/home/ndp/ydlidar_ws/slam_gmapping/include/slam_gmapping/slam_gmapping.h:45[m[K,
[3.184s]                  from [01m[K/home/ndp/ydlidar_ws/slam_gmapping/src/slam_gmapping.cpp:24[m[K:
[3.184s] [01m[K/home/ndp/ydlidar_ws/install/openslam_gmapping/include/gmapping/particlefilter/particlefilter.h:[m[K In function ‘[01m[Kvoid rle(OutputIterator&, const Iterator&, const Iterator&)[m[K’:
[3.185s] [01m[K/home/ndp/ydlidar_ws/install/openslam_gmapping/include/gmapping/particlefilter/particlefilter.h:140:2:[m[K [01;35m[Kwarning: [m[Kthis ‘[01m[Kif[m[K’ clause does not guard... [[01;35m[K-Wmisleading-indentation[m[K]
[3.185s]   140 |  [01;35m[Kif[m[K (count>0)
[3.185s]       |  [01;35m[K^~[m[K
[3.185s] [01m[K/home/ndp/ydlidar_ws/install/openslam_gmapping/include/gmapping/particlefilter/particlefilter.h:142:3:[m[K [01;36m[Knote: [m[K...this statement, but the latter is misleadingly indented as if it were guarded by the ‘[01m[Kif[m[K’
[3.185s]   142 |   [01;36m[Kout[m[K++;
[3.185s]       |   [01;36m[K^~~[m[K
[3.190s] In file included from [01m[K/home/ndp/ydlidar_ws/install/openslam_gmapping/include/gmapping/gridfastslam/gridslamprocessor.h:9[m[K,
[3.190s]                  from [01m[K/home/ndp/ydlidar_ws/slam_gmapping/include/slam_gmapping/transform.h:25[m[K,
[3.191s]                  from [01m[K/home/ndp/ydlidar_ws/slam_gmapping/src/transform.cpp:3[m[K:
[3.191s] [01m[K/home/ndp/ydlidar_ws/install/openslam_gmapping/include/gmapping/particlefilter/particlefilter.h:[m[K In function ‘[01m[Kvoid rle(OutputIterator&, const Iterator&, const Iterator&)[m[K’:
[3.191s] [01m[K/home/ndp/ydlidar_ws/install/openslam_gmapping/include/gmapping/particlefilter/particlefilter.h:140:2:[m[K [01;35m[Kwarning: [m[Kthis ‘[01m[Kif[m[K’ clause does not guard... [[01;35m[K-Wmisleading-indentation[m[K]
[3.191s]   140 |  [01;35m[Kif[m[K (count>0)
[3.191s]       |  [01;35m[K^~[m[K
[3.191s] [01m[K/home/ndp/ydlidar_ws/install/openslam_gmapping/include/gmapping/particlefilter/particlefilter.h:142:3:[m[K [01;36m[Knote: [m[K...this statement, but the latter is misleadingly indented as if it were guarded by the ‘[01m[Kif[m[K’
[3.191s]   142 |   [01;36m[Kout[m[K++;
[3.191s]       |   [01;36m[K^~~[m[K
[3.191s] In file included from [01m[K/home/ndp/ydlidar_ws/install/openslam_gmapping/include/gmapping/gridfastslam/gridslamprocessor.h:10[m[K,
[3.191s]                  from [01m[K/home/ndp/ydlidar_ws/slam_gmapping/include/slam_gmapping/slam_gmapping.h:45[m[K,
[3.191s]                  from [01m[K/home/ndp/ydlidar_ws/slam_gmapping/src/slam_gmapping.cpp:24[m[K:
[3.191s] [01m[K/home/ndp/ydlidar_ws/install/openslam_gmapping/include/gmapping/utils/point.h:[m[K At global scope:
[3.191s] [01m[K/home/ndp/ydlidar_ws/install/openslam_gmapping/include/gmapping/utils/point.h:205:2:[m[K [01;35m[Kwarning: [m[Kextra ‘[01m[K;[m[K’ [[01;35m[K-Wpedantic[m[K]
[3.192s]   205 | }[01;35m[K;[m[K //end namespace
[3.192s]       |  [01;35m[K^[m[K
[3.192s] In file included from [01m[K/home/ndp/ydlidar_ws/install/openslam_gmapping/include/gmapping/sensor/sensor_base/sensorreading.h:4[m[K,
[3.192s]                  from [01m[K/home/ndp/ydlidar_ws/install/openslam_gmapping/include/gmapping/log/sensorlog.h:6[m[K,
[3.192s]                  from [01m[K/home/ndp/ydlidar_ws/install/openslam_gmapping/include/gmapping/gridfastslam/gridslamprocessor.h:12[m[K,
[3.192s]                  from [01m[K/home/ndp/ydlidar_ws/slam_gmapping/include/slam_gmapping/slam_gmapping.h:45[m[K,
[3.192s]                  from [01m[K/home/ndp/ydlidar_ws/slam_gmapping/src/slam_gmapping.cpp:24[m[K:
[3.192s] [01m[K/home/ndp/ydlidar_ws/install/openslam_gmapping/include/gmapping/sensor/sensor_base/sensor.h:21:2:[m[K [01;35m[Kwarning: [m[Kextra ‘[01m[K;[m[K’ [[01;35m[K-Wpedantic[m[K]
[3.192s]    21 | }[01;35m[K;[m[K //end namespace
[3.192s]       |  [01;35m[K^[m[K
[3.192s] In file included from [01m[K/home/ndp/ydlidar_ws/install/openslam_gmapping/include/gmapping/log/sensorlog.h:6[m[K,
[3.192s]                  from [01m[K/home/ndp/ydlidar_ws/install/openslam_gmapping/include/gmapping/gridfastslam/gridslamprocessor.h:12[m[K,
[3.192s]                  from [01m[K/home/ndp/ydlidar_ws/slam_gmapping/include/slam_gmapping/slam_gmapping.h:45[m[K,
[3.192s]                  from [01m[K/home/ndp/ydlidar_ws/slam_gmapping/src/slam_gmapping.cpp:24[m[K:
[3.192s] [01m[K/home/ndp/ydlidar_ws/install/openslam_gmapping/include/gmapping/sensor/sensor_base/sensorreading.h:23:2:[m[K [01;35m[Kwarning: [m[Kextra ‘[01m[K;[m[K’ [[01;35m[K-Wpedantic[m[K]
[3.192s]    23 | }[01;35m[K;[m[K //end namespace
[3.193s]       |  [01;35m[K^[m[K
[3.193s] In file included from [01m[K/home/ndp/ydlidar_ws/install/openslam_gmapping/include/gmapping/log/sensorlog.h:7[m[K,
[3.193s]                  from [01m[K/home/ndp/ydlidar_ws/install/openslam_gmapping/include/gmapping/gridfastslam/gridslamprocessor.h:12[m[K,
[3.193s]                  from [01m[K/home/ndp/ydlidar_ws/slam_gmapping/include/slam_gmapping/slam_gmapping.h:45[m[K,
[3.193s]                  from [01m[K/home/ndp/ydlidar_ws/slam_gmapping/src/slam_gmapping.cpp:24[m[K:
[3.193s] [01m[K/home/ndp/ydlidar_ws/install/openslam_gmapping/include/gmapping/sensor/sensor_odometry/odometrysensor.h:17:2:[m[K [01;35m[Kwarning: [m[Kextra ‘[01m[K;[m[K’ [[01;35m[K-Wpedantic[m[K]
[3.193s]    17 | }[01;35m[K;[m[K
[3.193s]       |  [01;35m[K^[m[K
[3.194s] In file included from [01m[K/home/ndp/ydlidar_ws/install/openslam_gmapping/include/gmapping/log/sensorlog.h:8[m[K,
[3.194s]                  from [01m[K/home/ndp/ydlidar_ws/install/openslam_gmapping/include/gmapping/gridfastslam/gridslamprocessor.h:12[m[K,
[3.194s]                  from [01m[K/home/ndp/ydlidar_ws/slam_gmapping/include/slam_gmapping/slam_gmapping.h:45[m[K,
[3.194s]                  from [01m[K/home/ndp/ydlidar_ws/slam_gmapping/src/slam_gmapping.cpp:24[m[K:
[3.194s] [01m[K/home/ndp/ydlidar_ws/install/openslam_gmapping/include/gmapping/sensor/sensor_range/rangesensor.h:33:2:[m[K [01;35m[Kwarning: [m[Kextra ‘[01m[K;[m[K’ [[01;35m[K-Wpedantic[m[K]
[3.195s]    33 | }[01;35m[K;[m[K
[3.195s]       |  [01;35m[K^[m[K
[3.195s] In file included from [01m[K/home/ndp/ydlidar_ws/install/openslam_gmapping/include/gmapping/log/sensorlog.h:9[m[K,
[3.195s]                  from [01m[K/home/ndp/ydlidar_ws/install/openslam_gmapping/include/gmapping/gridfastslam/gridslamprocessor.h:12[m[K,
[3.195s]                  from [01m[K/home/ndp/ydlidar_ws/slam_gmapping/include/slam_gmapping/slam_gmapping.h:45[m[K,
[3.195s]                  from [01m[K/home/ndp/ydlidar_ws/slam_gmapping/src/slam_gmapping.cpp:24[m[K:
[3.195s] [01m[K/home/ndp/ydlidar_ws/install/openslam_gmapping/include/gmapping/sensor/sensor_odometry/odometryreading.h:27:2:[m[K [01;35m[Kwarning: [m[Kextra ‘[01m[K;[m[K’ [[01;35m[K-Wpedantic[m[K]
[3.195s]    27 | }[01;35m[K;[m[K
[3.195s]       |  [01;35m[K^[m[K
[3.195s] In file included from [01m[K/home/ndp/ydlidar_ws/install/openslam_gmapping/include/gmapping/log/sensorlog.h:10[m[K,
[3.195s]                  from [01m[K/home/ndp/ydlidar_ws/install/openslam_gmapping/include/gmapping/gridfastslam/gridslamprocessor.h:12[m[K,
[3.195s]                  from [01m[K/home/ndp/ydlidar_ws/slam_gmapping/include/slam_gmapping/slam_gmapping.h:45[m[K,
[3.195s]                  from [01m[K/home/ndp/ydlidar_ws/slam_gmapping/src/slam_gmapping.cpp:24[m[K:
[3.196s] [01m[K/home/ndp/ydlidar_ws/install/openslam_gmapping/include/gmapping/sensor/sensor_range/rangereading.h:24:2:[m[K [01;35m[Kwarning: [m[Kextra ‘[01m[K;[m[K’ [[01;35m[K-Wpedantic[m[K]
[3.196s]    24 | }[01;35m[K;[m[K
[3.196s]       |  [01;35m[K^[m[K
[3.196s] In file included from [01m[K/home/ndp/ydlidar_ws/install/openslam_gmapping/include/gmapping/log/sensorlog.h:11[m[K,
[3.196s]                  from [01m[K/home/ndp/ydlidar_ws/install/openslam_gmapping/include/gmapping/gridfastslam/gridslamprocessor.h:12[m[K,
[3.196s]                  from [01m[K/home/ndp/ydlidar_ws/slam_gmapping/include/slam_gmapping/slam_gmapping.h:45[m[K,
[3.196s]                  from [01m[K/home/ndp/ydlidar_ws/slam_gmapping/src/slam_gmapping.cpp:24[m[K:
[3.196s] [01m[K/home/ndp/ydlidar_ws/install/openslam_gmapping/include/gmapping/log/configuration.h:15:2:[m[K [01;35m[Kwarning: [m[Kextra ‘[01m[K;[m[K’ [[01;35m[K-Wpedantic[m[K]
[3.196s]    15 | }[01;35m[K;[m[K
[3.196s]       |  [01;35m[K^[m[K
[3.197s] In file included from [01m[K/home/ndp/ydlidar_ws/install/openslam_gmapping/include/gmapping/gridfastslam/gridslamprocessor.h:10[m[K,
[3.197s]                  from [01m[K/home/ndp/ydlidar_ws/slam_gmapping/include/slam_gmapping/transform.h:25[m[K,
[3.197s]                  from [01m[K/home/ndp/ydlidar_ws/slam_gmapping/src/transform.cpp:3[m[K:
[3.197s] [01m[K/home/ndp/ydlidar_ws/install/openslam_gmapping/include/gmapping/utils/point.h:[m[K At global scope:
[3.197s] [01m[K/home/ndp/ydlidar_ws/install/openslam_gmapping/include/gmapping/utils/point.h:205:2:[m[K [01;35m[Kwarning: [m[Kextra ‘[01m[K;[m[K’ [[01;35m[K-Wpedantic[m[K]
[3.197s]   205 | }[01;35m[K;[m[K //end namespace
[3.197s]       |  [01;35m[K^[m[K
[3.197s] In file included from [01m[K/home/ndp/ydlidar_ws/install/openslam_gmapping/include/gmapping/sensor/sensor_base/sensorreading.h:4[m[K,
[3.198s]                  from [01m[K/home/ndp/ydlidar_ws/install/openslam_gmapping/include/gmapping/log/sensorlog.h:6[m[K,
[3.198s]                  from [01m[K/home/ndp/ydlidar_ws/install/openslam_gmapping/include/gmapping/gridfastslam/gridslamprocessor.h:12[m[K,
[3.198s]                  from [01m[K/home/ndp/ydlidar_ws/slam_gmapping/include/slam_gmapping/transform.h:25[m[K,
[3.198s]                  from [01m[K/home/ndp/ydlidar_ws/slam_gmapping/src/transform.cpp:3[m[K:
[3.198s] [01m[K/home/ndp/ydlidar_ws/install/openslam_gmapping/include/gmapping/sensor/sensor_base/sensor.h:21:2:[m[K [01;35m[Kwarning: [m[Kextra ‘[01m[K;[m[K’ [[01;35m[K-Wpedantic[m[K]
[3.198s]    21 | }[01;35m[K;[m[K //end namespace
[3.198s]       |  [01;35m[K^[m[K
[3.198s] In file included from [01m[K/home/ndp/ydlidar_ws/install/openslam_gmapping/include/gmapping/log/sensorlog.h:6[m[K,
[3.198s]                  from [01m[K/home/ndp/ydlidar_ws/install/openslam_gmapping/include/gmapping/gridfastslam/gridslamprocessor.h:12[m[K,
[3.198s]                  from [01m[K/home/ndp/ydlidar_ws/slam_gmapping/include/slam_gmapping/transform.h:25[m[K,
[3.198s]                  from [01m[K/home/ndp/ydlidar_ws/slam_gmapping/src/transform.cpp:3[m[K:
[3.198s] [01m[K/home/ndp/ydlidar_ws/install/openslam_gmapping/include/gmapping/sensor/sensor_base/sensorreading.h:23:2:[m[K [01;35m[Kwarning: [m[Kextra ‘[01m[K;[m[K’ [[01;35m[K-Wpedantic[m[K]
[3.198s]    23 | }[01;35m[K;[m[K //end namespace
[3.199s]       |  [01;35m[K^[m[K
[3.199s] In file included from [01m[K/home/ndp/ydlidar_ws/install/openslam_gmapping/include/gmapping/log/sensorlog.h:7[m[K,
[3.199s]                  from [01m[K/home/ndp/ydlidar_ws/install/openslam_gmapping/include/gmapping/gridfastslam/gridslamprocessor.h:12[m[K,
[3.199s]                  from [01m[K/home/ndp/ydlidar_ws/slam_gmapping/include/slam_gmapping/transform.h:25[m[K,
[3.199s]                  from [01m[K/home/ndp/ydlidar_ws/slam_gmapping/src/transform.cpp:3[m[K:
[3.199s] [01m[K/home/ndp/ydlidar_ws/install/openslam_gmapping/include/gmapping/sensor/sensor_odometry/odometrysensor.h:17:2:[m[K [01;35m[Kwarning: [m[Kextra ‘[01m[K;[m[K’ [[01;35m[K-Wpedantic[m[K]
[3.199s]    17 | }[01;35m[K;[m[K
[3.199s]       |  [01;35m[K^[m[K
[3.199s] In file included from [01m[K/home/ndp/ydlidar_ws/install/openslam_gmapping/include/gmapping/gridfastslam/gridslamprocessor.h:12[m[K,
[3.199s]                  from [01m[K/home/ndp/ydlidar_ws/slam_gmapping/include/slam_gmapping/slam_gmapping.h:45[m[K,
[3.199s]                  from [01m[K/home/ndp/ydlidar_ws/slam_gmapping/src/slam_gmapping.cpp:24[m[K:
[3.199s] [01m[K/home/ndp/ydlidar_ws/install/openslam_gmapping/include/gmapping/log/sensorlog.h:27:2:[m[K [01;35m[Kwarning: [m[Kextra ‘[01m[K;[m[K’ [[01;35m[K-Wpedantic[m[K]
[3.199s]    27 | }[01;35m[K;[m[K
[3.199s]       |  [01;35m[K^[m[K
[3.201s] In file included from [01m[K/home/ndp/ydlidar_ws/install/openslam_gmapping/include/gmapping/log/sensorlog.h:8[m[K,
[3.201s]                  from [01m[K/home/ndp/ydlidar_ws/install/openslam_gmapping/include/gmapping/gridfastslam/gridslamprocessor.h:12[m[K,
[3.202s]                  from [01m[K/home/ndp/ydlidar_ws/slam_gmapping/include/slam_gmapping/transform.h:25[m[K,
[3.202s]                  from [01m[K/home/ndp/ydlidar_ws/slam_gmapping/src/transform.cpp:3[m[K:
[3.202s] [01m[K/home/ndp/ydlidar_ws/install/openslam_gmapping/include/gmapping/sensor/sensor_range/rangesensor.h:33:2:[m[K [01;35m[Kwarning: [m[Kextra ‘[01m[K;[m[K’ [[01;35m[K-Wpedantic[m[K]
[3.202s]    33 | }[01;35m[K;[m[K
[3.202s]       |  [01;35m[K^[m[K
[3.202s] In file included from [01m[K/home/ndp/ydlidar_ws/install/openslam_gmapping/include/gmapping/grid/map.h:5[m[K,
[3.202s]                  from [01m[K/home/ndp/ydlidar_ws/install/openslam_gmapping/include/gmapping/scanmatcher/smmap.h:3[m[K,
[3.202s]                  from [01m[K/home/ndp/ydlidar_ws/install/openslam_gmapping/include/gmapping/scanmatcher/scanmatcher.h:5[m[K,
[3.202s]                  from [01m[K/home/ndp/ydlidar_ws/install/openslam_gmapping/include/gmapping/gridfastslam/gridslamprocessor.h:15[m[K,
[3.202s]                  from [01m[K/home/ndp/ydlidar_ws/slam_gmapping/include/slam_gmapping/slam_gmapping.h:45[m[K,
[3.202s]                  from [01m[K/home/ndp/ydlidar_ws/slam_gmapping/src/slam_gmapping.cpp:24[m[K:
[3.202s] [01m[K/home/ndp/ydlidar_ws/install/openslam_gmapping/include/gmapping/grid/accessstate.h:6:2:[m[K [01;35m[Kwarning: [m[Kextra ‘[01m[K;[m[K’ [[01;35m[K-Wpedantic[m[K]
[3.202s]     6 | }[01;35m[K;[m[K
[3.202s]       |  [01;35m[K^[m[K
[3.202s] In file included from [01m[K/home/ndp/ydlidar_ws/install/openslam_gmapping/include/gmapping/log/sensorlog.h:9[m[K,
[3.202s]                  from [01m[K/home/ndp/ydlidar_ws/install/openslam_gmapping/include/gmapping/gridfastslam/gridslamprocessor.h:12[m[K,
[3.203s]                  from [01m[K/home/ndp/ydlidar_ws/slam_gmapping/include/slam_gmapping/transform.h:25[m[K,
[3.203s]                  from [01m[K/home/ndp/ydlidar_ws/slam_gmapping/src/transform.cpp:3[m[K:
[3.203s] [01m[K/home/ndp/ydlidar_ws/install/openslam_gmapping/include/gmapping/sensor/sensor_odometry/odometryreading.h:27:2:[m[K [01;35m[Kwarning: [m[Kextra ‘[01m[K;[m[K’ [[01;35m[K-Wpedantic[m[K]
[3.203s]    27 | }[01;35m[K;[m[K
[3.203s]       |  [01;35m[K^[m[K
[3.203s] In file included from [01m[K/home/ndp/ydlidar_ws/install/openslam_gmapping/include/gmapping/log/sensorlog.h:10[m[K,
[3.203s]                  from [01m[K/home/ndp/ydlidar_ws/install/openslam_gmapping/include/gmapping/gridfastslam/gridslamprocessor.h:12[m[K,
[3.203s]                  from [01m[K/home/ndp/ydlidar_ws/slam_gmapping/include/slam_gmapping/transform.h:25[m[K,
[3.203s]                  from [01m[K/home/ndp/ydlidar_ws/slam_gmapping/src/transform.cpp:3[m[K:
[3.203s] [01m[K/home/ndp/ydlidar_ws/install/openslam_gmapping/include/gmapping/sensor/sensor_range/rangereading.h:24:2:[m[K [01;35m[Kwarning: [m[Kextra ‘[01m[K;[m[K’ [[01;35m[K-Wpedantic[m[K]
[3.203s]    24 | }[01;35m[K;[m[K
[3.203s]       |  [01;35m[K^[m[K
[3.203s] In file included from [01m[K/home/ndp/ydlidar_ws/install/openslam_gmapping/include/gmapping/log/sensorlog.h:11[m[K,
[3.203s]                  from [01m[K/home/ndp/ydlidar_ws/install/openslam_gmapping/include/gmapping/gridfastslam/gridslamprocessor.h:12[m[K,
[3.203s]                  from [01m[K/home/ndp/ydlidar_ws/slam_gmapping/include/slam_gmapping/transform.h:25[m[K,
[3.203s]                  from [01m[K/home/ndp/ydlidar_ws/slam_gmapping/src/transform.cpp:3[m[K:
[3.203s] [01m[K/home/ndp/ydlidar_ws/install/openslam_gmapping/include/gmapping/log/configuration.h:15:2:[m[K [01;35m[Kwarning: [m[Kextra ‘[01m[K;[m[K’ [[01;35m[K-Wpedantic[m[K]
[3.204s]    15 | }[01;35m[K;[m[K
[3.204s]       |  [01;35m[K^[m[K
[3.205s] In file included from [01m[K/home/ndp/ydlidar_ws/install/openslam_gmapping/include/gmapping/grid/map.h:6[m[K,
[3.205s]                  from [01m[K/home/ndp/ydlidar_ws/install/openslam_gmapping/include/gmapping/scanmatcher/smmap.h:3[m[K,
[3.205s]                  from [01m[K/home/ndp/ydlidar_ws/install/openslam_gmapping/include/gmapping/scanmatcher/scanmatcher.h:5[m[K,
[3.205s]                  from [01m[K/home/ndp/ydlidar_ws/install/openslam_gmapping/include/gmapping/gridfastslam/gridslamprocessor.h:15[m[K,
[3.205s]                  from [01m[K/home/ndp/ydlidar_ws/slam_gmapping/include/slam_gmapping/slam_gmapping.h:45[m[K,
[3.205s]                  from [01m[K/home/ndp/ydlidar_ws/slam_gmapping/src/slam_gmapping.cpp:24[m[K:
[3.205s] [01m[K/home/ndp/ydlidar_ws/install/openslam_gmapping/include/gmapping/grid/array2d.h:185:2:[m[K [01;35m[Kwarning: [m[Kextra ‘[01m[K;[m[K’ [[01;35m[K-Wpedantic[m[K]
[3.205s]   185 | }[01;35m[K;[m[K
[3.205s]       |  [01;35m[K^[m[K
[3.205s] In file included from [01m[K/home/ndp/ydlidar_ws/install/openslam_gmapping/include/gmapping/gridfastslam/gridslamprocessor.h:12[m[K,
[3.206s]                  from [01m[K/home/ndp/ydlidar_ws/slam_gmapping/include/slam_gmapping/transform.h:25[m[K,
[3.206s]                  from [01m[K/home/ndp/ydlidar_ws/slam_gmapping/src/transform.cpp:3[m[K:
[3.206s] [01m[K/home/ndp/ydlidar_ws/install/openslam_gmapping/include/gmapping/log/sensorlog.h:27:2:[m[K [01;35m[Kwarning: [m[Kextra ‘[01m[K;[m[K’ [[01;35m[K-Wpedantic[m[K]
[3.206s]    27 | }[01;35m[K;[m[K
[3.206s]       |  [01;35m[K^[m[K
[3.208s] In file included from [01m[K/home/ndp/ydlidar_ws/install/openslam_gmapping/include/gmapping/scanmatcher/smmap.h:3[m[K,
[3.209s]                  from [01m[K/home/ndp/ydlidar_ws/install/openslam_gmapping/include/gmapping/scanmatcher/scanmatcher.h:5[m[K,
[3.209s]                  from [01m[K/home/ndp/ydlidar_ws/install/openslam_gmapping/include/gmapping/gridfastslam/gridslamprocessor.h:15[m[K,
[3.209s]                  from [01m[K/home/ndp/ydlidar_ws/slam_gmapping/include/slam_gmapping/slam_gmapping.h:45[m[K,
[3.209s]                  from [01m[K/home/ndp/ydlidar_ws/slam_gmapping/src/slam_gmapping.cpp:24[m[K:
[3.209s] [01m[K/home/ndp/ydlidar_ws/install/openslam_gmapping/include/gmapping/grid/map.h:262:2:[m[K [01;35m[Kwarning: [m[Kextra ‘[01m[K;[m[K’ [[01;35m[K-Wpedantic[m[K]
[3.209s]   262 | }[01;35m[K;[m[K
[3.209s]       |  [01;35m[K^[m[K
[3.209s] In file included from [01m[K/home/ndp/ydlidar_ws/install/openslam_gmapping/include/gmapping/grid/map.h:5[m[K,
[3.209s]                  from [01m[K/home/ndp/ydlidar_ws/install/openslam_gmapping/include/gmapping/scanmatcher/smmap.h:3[m[K,
[3.209s]                  from [01m[K/home/ndp/ydlidar_ws/install/openslam_gmapping/include/gmapping/scanmatcher/scanmatcher.h:5[m[K,
[3.209s]                  from [01m[K/home/ndp/ydlidar_ws/install/openslam_gmapping/include/gmapping/gridfastslam/gridslamprocessor.h:15[m[K,
[3.209s]                  from [01m[K/home/ndp/ydlidar_ws/slam_gmapping/include/slam_gmapping/transform.h:25[m[K,
[3.209s]                  from [01m[K/home/ndp/ydlidar_ws/slam_gmapping/src/transform.cpp:3[m[K:
[3.209s] [01m[K/home/ndp/ydlidar_ws/install/openslam_gmapping/include/gmapping/grid/accessstate.h:6:2:[m[K [01;35m[Kwarning: [m[Kextra ‘[01m[K;[m[K’ [[01;35m[K-Wpedantic[m[K]
[3.209s]     6 | }[01;35m[K;[m[K
[3.210s]       |  [01;35m[K^[m[K
[3.210s] In file included from [01m[K/home/ndp/ydlidar_ws/install/openslam_gmapping/include/gmapping/grid/harray2d.h:5[m[K,
[3.210s]                  from [01m[K/home/ndp/ydlidar_ws/install/openslam_gmapping/include/gmapping/scanmatcher/smmap.h:4[m[K,
[3.210s]                  from [01m[K/home/ndp/ydlidar_ws/install/openslam_gmapping/include/gmapping/scanmatcher/scanmatcher.h:5[m[K,
[3.210s]                  from [01m[K/home/ndp/ydlidar_ws/install/openslam_gmapping/include/gmapping/gridfastslam/gridslamprocessor.h:15[m[K,
[3.210s]                  from [01m[K/home/ndp/ydlidar_ws/slam_gmapping/include/slam_gmapping/slam_gmapping.h:45[m[K,
[3.210s]                  from [01m[K/home/ndp/ydlidar_ws/slam_gmapping/src/slam_gmapping.cpp:24[m[K:
[3.210s] [01m[K/home/ndp/ydlidar_ws/install/openslam_gmapping/include/gmapping/utils/autoptr.h:96:2:[m[K [01;35m[Kwarning: [m[Kextra ‘[01m[K;[m[K’ [[01;35m[K-Wpedantic[m[K]
[3.210s]    96 | }[01;35m[K;[m[K
[3.210s]       |  [01;35m[K^[m[K
[3.212s] In file included from [01m[K/home/ndp/ydlidar_ws/install/openslam_gmapping/include/gmapping/grid/map.h:6[m[K,
[3.212s]                  from [01m[K/home/ndp/ydlidar_ws/install/openslam_gmapping/include/gmapping/scanmatcher/smmap.h:3[m[K,
[3.212s]                  from [01m[K/home/ndp/ydlidar_ws/install/openslam_gmapping/include/gmapping/scanmatcher/scanmatcher.h:5[m[K,
[3.212s]                  from [01m[K/home/ndp/ydlidar_ws/install/openslam_gmapping/include/gmapping/gridfastslam/gridslamprocessor.h:15[m[K,
[3.212s]                  from [01m[K/home/ndp/ydlidar_ws/slam_gmapping/include/slam_gmapping/transform.h:25[m[K,
[3.212s]                  from [01m[K/home/ndp/ydlidar_ws/slam_gmapping/src/transform.cpp:3[m[K:
[3.212s] [01m[K/home/ndp/ydlidar_ws/install/openslam_gmapping/include/gmapping/grid/array2d.h:185:2:[m[K [01;35m[Kwarning: [m[Kextra ‘[01m[K;[m[K’ [[01;35m[K-Wpedantic[m[K]
[3.212s]   185 | }[01;35m[K;[m[K
[3.212s]       |  [01;35m[K^[m[K
[3.215s] In file included from [01m[K/home/ndp/ydlidar_ws/install/openslam_gmapping/include/gmapping/scanmatcher/smmap.h:3[m[K,
[3.215s]                  from [01m[K/home/ndp/ydlidar_ws/install/openslam_gmapping/include/gmapping/scanmatcher/scanmatcher.h:5[m[K,
[3.215s]                  from [01m[K/home/ndp/ydlidar_ws/install/openslam_gmapping/include/gmapping/gridfastslam/gridslamprocessor.h:15[m[K,
[3.215s]                  from [01m[K/home/ndp/ydlidar_ws/slam_gmapping/include/slam_gmapping/transform.h:25[m[K,
[3.215s]                  from [01m[K/home/ndp/ydlidar_ws/slam_gmapping/src/transform.cpp:3[m[K:
[3.216s] [01m[K/home/ndp/ydlidar_ws/install/openslam_gmapping/include/gmapping/grid/map.h:262:2:[m[K [01;35m[Kwarning: [m[Kextra ‘[01m[K;[m[K’ [[01;35m[K-Wpedantic[m[K]
[3.216s]   262 | }[01;35m[K;[m[K
[3.216s]       |  [01;35m[K^[m[K
[3.216s] In file included from [01m[K/home/ndp/ydlidar_ws/install/openslam_gmapping/include/gmapping/grid/harray2d.h:5[m[K,
[3.216s]                  from [01m[K/home/ndp/ydlidar_ws/install/openslam_gmapping/include/gmapping/scanmatcher/smmap.h:4[m[K,
[3.216s]                  from [01m[K/home/ndp/ydlidar_ws/install/openslam_gmapping/include/gmapping/scanmatcher/scanmatcher.h:5[m[K,
[3.216s]                  from [01m[K/home/ndp/ydlidar_ws/install/openslam_gmapping/include/gmapping/gridfastslam/gridslamprocessor.h:15[m[K,
[3.216s]                  from [01m[K/home/ndp/ydlidar_ws/slam_gmapping/include/slam_gmapping/transform.h:25[m[K,
[3.216s]                  from [01m[K/home/ndp/ydlidar_ws/slam_gmapping/src/transform.cpp:3[m[K:
[3.217s] [01m[K/home/ndp/ydlidar_ws/install/openslam_gmapping/include/gmapping/utils/autoptr.h:96:2:[m[K [01;35m[Kwarning: [m[Kextra ‘[01m[K;[m[K’ [[01;35m[K-Wpedantic[m[K]
[3.217s]    96 | }[01;35m[K;[m[K
[3.217s]       |  [01;35m[K^[m[K
[3.217s] In file included from [01m[K/home/ndp/ydlidar_ws/install/openslam_gmapping/include/gmapping/scanmatcher/smmap.h:4[m[K,
[3.217s]                  from [01m[K/home/ndp/ydlidar_ws/install/openslam_gmapping/include/gmapping/scanmatcher/scanmatcher.h:5[m[K,
[3.217s]                  from [01m[K/home/ndp/ydlidar_ws/install/openslam_gmapping/include/gmapping/gridfastslam/gridslamprocessor.h:15[m[K,
[3.217s]                  from [01m[K/home/ndp/ydlidar_ws/slam_gmapping/include/slam_gmapping/slam_gmapping.h:45[m[K,
[3.217s]                  from [01m[K/home/ndp/ydlidar_ws/slam_gmapping/src/slam_gmapping.cpp:24[m[K:
[3.217s] [01m[K/home/ndp/ydlidar_ws/install/openslam_gmapping/include/gmapping/grid/harray2d.h:197:2:[m[K [01;35m[Kwarning: [m[Kextra ‘[01m[K;[m[K’ [[01;35m[K-Wpedantic[m[K]
[3.218s]   197 | }[01;35m[K;[m[K
[3.218s]       |  [01;35m[K^[m[K
[3.218s] In file included from [01m[K/home/ndp/ydlidar_ws/install/openslam_gmapping/include/gmapping/scanmatcher/scanmatcher.h:5[m[K,
[3.218s]                  from [01m[K/home/ndp/ydlidar_ws/install/openslam_gmapping/include/gmapping/gridfastslam/gridslamprocessor.h:15[m[K,
[3.218s]                  from [01m[K/home/ndp/ydlidar_ws/slam_gmapping/include/slam_gmapping/slam_gmapping.h:45[m[K,
[3.218s]                  from [01m[K/home/ndp/ydlidar_ws/slam_gmapping/src/slam_gmapping.cpp:24[m[K:
[3.218s] [01m[K/home/ndp/ydlidar_ws/install/openslam_gmapping/include/gmapping/scanmatcher/smmap.h:52:2:[m[K [01;35m[Kwarning: [m[Kextra ‘[01m[K;[m[K’ [[01;35m[K-Wpedantic[m[K]
[3.218s]    52 | }[01;35m[K;[m[K
[3.218s]       |  [01;35m[K^[m[K
[3.218s] In file included from [01m[K/home/ndp/ydlidar_ws/install/openslam_gmapping/include/gmapping/scanmatcher/scanmatcher.h:7[m[K,
[3.219s]                  from [01m[K/home/ndp/ydlidar_ws/install/openslam_gmapping/include/gmapping/gridfastslam/gridslamprocessor.h:15[m[K,
[3.219s]                  from [01m[K/home/ndp/ydlidar_ws/slam_gmapping/include/slam_gmapping/slam_gmapping.h:45[m[K,
[3.219s]                  from [01m[K/home/ndp/ydlidar_ws/slam_gmapping/src/slam_gmapping.cpp:24[m[K:
[3.219s] [01m[K/home/ndp/ydlidar_ws/install/openslam_gmapping/include/gmapping/utils/stat.h:145:2:[m[K [01;35m[Kwarning: [m[Kextra ‘[01m[K;[m[K’ [[01;35m[K-Wpedantic[m[K]
[3.219s]   145 | }[01;35m[K;[m[K //end namespace
[3.219s]       |  [01;35m[K^[m[K
[3.223s] In file included from [01m[K/home/ndp/ydlidar_ws/install/openslam_gmapping/include/gmapping/scanmatcher/smmap.h:4[m[K,
[3.223s]                  from [01m[K/home/ndp/ydlidar_ws/install/openslam_gmapping/include/gmapping/scanmatcher/scanmatcher.h:5[m[K,
[3.223s]                  from [01m[K/home/ndp/ydlidar_ws/install/openslam_gmapping/include/gmapping/gridfastslam/gridslamprocessor.h:15[m[K,
[3.223s]                  from [01m[K/home/ndp/ydlidar_ws/slam_gmapping/include/slam_gmapping/transform.h:25[m[K,
[3.223s]                  from [01m[K/home/ndp/ydlidar_ws/slam_gmapping/src/transform.cpp:3[m[K:
[3.223s] [01m[K/home/ndp/ydlidar_ws/install/openslam_gmapping/include/gmapping/grid/harray2d.h:197:2:[m[K [01;35m[Kwarning: [m[Kextra ‘[01m[K;[m[K’ [[01;35m[K-Wpedantic[m[K]
[3.223s]   197 | }[01;35m[K;[m[K
[3.223s]       |  [01;35m[K^[m[K
[3.224s] In file included from [01m[K/home/ndp/ydlidar_ws/install/openslam_gmapping/include/gmapping/scanmatcher/scanmatcher.h:5[m[K,
[3.225s]                  from [01m[K/home/ndp/ydlidar_ws/install/openslam_gmapping/include/gmapping/gridfastslam/gridslamprocessor.h:15[m[K,
[3.225s]                  from [01m[K/home/ndp/ydlidar_ws/slam_gmapping/include/slam_gmapping/transform.h:25[m[K,
[3.225s]                  from [01m[K/home/ndp/ydlidar_ws/slam_gmapping/src/transform.cpp:3[m[K:
[3.225s] [01m[K/home/ndp/ydlidar_ws/install/openslam_gmapping/include/gmapping/scanmatcher/smmap.h:52:2:[m[K [01;35m[Kwarning: [m[Kextra ‘[01m[K;[m[K’ [[01;35m[K-Wpedantic[m[K]
[3.225s]    52 | }[01;35m[K;[m[K
[3.225s]       |  [01;35m[K^[m[K
[3.226s] In file included from [01m[K/home/ndp/ydlidar_ws/install/openslam_gmapping/include/gmapping/scanmatcher/scanmatcher.h:7[m[K,
[3.226s]                  from [01m[K/home/ndp/ydlidar_ws/install/openslam_gmapping/include/gmapping/gridfastslam/gridslamprocessor.h:15[m[K,
[3.226s]                  from [01m[K/home/ndp/ydlidar_ws/slam_gmapping/include/slam_gmapping/transform.h:25[m[K,
[3.226s]                  from [01m[K/home/ndp/ydlidar_ws/slam_gmapping/src/transform.cpp:3[m[K:
[3.226s] [01m[K/home/ndp/ydlidar_ws/install/openslam_gmapping/include/gmapping/utils/stat.h:145:2:[m[K [01;35m[Kwarning: [m[Kextra ‘[01m[K;[m[K’ [[01;35m[K-Wpedantic[m[K]
[3.226s]   145 | }[01;35m[K;[m[K //end namespace
[3.226s]       |  [01;35m[K^[m[K
[3.230s] In file included from [01m[K/home/ndp/ydlidar_ws/install/openslam_gmapping/include/gmapping/gridfastslam/gridslamprocessor.h:15[m[K,
[3.230s]                  from [01m[K/home/ndp/ydlidar_ws/slam_gmapping/include/slam_gmapping/slam_gmapping.h:45[m[K,
[3.230s]                  from [01m[K/home/ndp/ydlidar_ws/slam_gmapping/src/slam_gmapping.cpp:24[m[K:
[3.230s] [01m[K/home/ndp/ydlidar_ws/install/openslam_gmapping/include/gmapping/scanmatcher/scanmatcher.h:250:2:[m[K [01;35m[Kwarning: [m[Kextra ‘[01m[K;[m[K’ [[01;35m[K-Wpedantic[m[K]
[3.230s]   250 | }[01;35m[K;[m[K
[3.230s]       |  [01;35m[K^[m[K
[3.230s] In file included from [01m[K/home/ndp/ydlidar_ws/install/openslam_gmapping/include/gmapping/gridfastslam/gridslamprocessor.h:16[m[K,
[3.230s]                  from [01m[K/home/ndp/ydlidar_ws/slam_gmapping/include/slam_gmapping/slam_gmapping.h:45[m[K,
[3.231s]                  from [01m[K/home/ndp/ydlidar_ws/slam_gmapping/src/slam_gmapping.cpp:24[m[K:
[3.231s] [01m[K/home/ndp/ydlidar_ws/install/openslam_gmapping/include/gmapping/gridfastslam/motionmodel.h:17:2:[m[K [01;35m[Kwarning: [m[Kextra ‘[01m[K;[m[K’ [[01;35m[K-Wpedantic[m[K]
[3.231s]    17 | }[01;35m[K;[m[K
[3.231s]       |  [01;35m[K^[m[K
[3.238s] In file included from [01m[K/home/ndp/ydlidar_ws/install/openslam_gmapping/include/gmapping/gridfastslam/gridslamprocessor.h:15[m[K,
[3.238s]                  from [01m[K/home/ndp/ydlidar_ws/slam_gmapping/include/slam_gmapping/transform.h:25[m[K,
[3.238s]                  from [01m[K/home/ndp/ydlidar_ws/slam_gmapping/src/transform.cpp:3[m[K:
[3.238s] [01m[K/home/ndp/ydlidar_ws/install/openslam_gmapping/include/gmapping/scanmatcher/scanmatcher.h:250:2:[m[K [01;35m[Kwarning: [m[Kextra ‘[01m[K;[m[K’ [[01;35m[K-Wpedantic[m[K]
[3.238s]   250 | }[01;35m[K;[m[K
[3.239s]       |  [01;35m[K^[m[K
[3.239s] In file included from [01m[K/home/ndp/ydlidar_ws/install/openslam_gmapping/include/gmapping/gridfastslam/gridslamprocessor.h:16[m[K,
[3.239s]                  from [01m[K/home/ndp/ydlidar_ws/slam_gmapping/include/slam_gmapping/transform.h:25[m[K,
[3.239s]                  from [01m[K/home/ndp/ydlidar_ws/slam_gmapping/src/transform.cpp:3[m[K:
[3.239s] [01m[K/home/ndp/ydlidar_ws/install/openslam_gmapping/include/gmapping/gridfastslam/motionmodel.h:17:2:[m[K [01;35m[Kwarning: [m[Kextra ‘[01m[K;[m[K’ [[01;35m[K-Wpedantic[m[K]
[3.239s]    17 | }[01;35m[K;[m[K
[3.239s]       |  [01;35m[K^[m[K
[3.248s] In file included from [01m[K/home/ndp/ydlidar_ws/slam_gmapping/include/slam_gmapping/slam_gmapping.h:45[m[K,
[3.248s]                  from [01m[K/home/ndp/ydlidar_ws/slam_gmapping/src/slam_gmapping.cpp:24[m[K:
[3.248s] [01m[K/home/ndp/ydlidar_ws/install/openslam_gmapping/include/gmapping/gridfastslam/gridslamprocessor.h:335:2:[m[K [01;35m[Kwarning: [m[Kextra ‘[01m[K;[m[K’ [[01;35m[K-Wpedantic[m[K]
[3.248s]   335 | }[01;35m[K;[m[K
[3.248s]       |  [01;35m[K^[m[K
[3.256s] In file included from [01m[K/home/ndp/ydlidar_ws/slam_gmapping/include/slam_gmapping/transform.h:25[m[K,
[3.256s]                  from [01m[K/home/ndp/ydlidar_ws/slam_gmapping/src/transform.cpp:3[m[K:
[3.256s] [01m[K/home/ndp/ydlidar_ws/install/openslam_gmapping/include/gmapping/gridfastslam/gridslamprocessor.h:335:2:[m[K [01;35m[Kwarning: [m[Kextra ‘[01m[K;[m[K’ [[01;35m[K-Wpedantic[m[K]
[3.256s]   335 | }[01;35m[K;[m[K
[3.256s]       |  [01;35m[K^[m[K
[5.121s] [ 75%] [32m[1mLinking CXX executable transform[0m
[5.332s] [ 75%] Built target transform
[8.537s] [100%] [32m[1mLinking CXX executable slam_gmapping[0m
[8.852s] [100%] Built target slam_gmapping
[8.862s] Invoked command in '/home/ndp/ydlidar_ws/build/slam_gmapping' returned '0': AMENT_PREFIX_PATH=/home/ndp/ydlidar_ws/install/openslam_gmapping:${AMENT_PREFIX_PATH} CMAKE_PREFIX_PATH=/home/ndp/ydlidar_ws/install/openslam_gmapping:/home/ndp/ydlidar_ws/install/ydlidar_ros2_driver:/home/ndp/ydlidar/install/ydlidar_ros2_driver:/opt/ros/foxy LD_LIBRARY_PATH=/home/ndp/ydlidar_ws/install/openslam_gmapping/lib:${LD_LIBRARY_PATH} /usr/bin/cmake --build /home/ndp/ydlidar_ws/build/slam_gmapping -- -j8 -l8
[8.889s] Invoking command in '/home/ndp/ydlidar_ws/build/slam_gmapping': AMENT_PREFIX_PATH=/home/ndp/ydlidar_ws/install/openslam_gmapping:${AMENT_PREFIX_PATH} CMAKE_PREFIX_PATH=/home/ndp/ydlidar_ws/install/openslam_gmapping:/home/ndp/ydlidar_ws/install/ydlidar_ros2_driver:/home/ndp/ydlidar/install/ydlidar_ros2_driver:/opt/ros/foxy LD_LIBRARY_PATH=/home/ndp/ydlidar_ws/install/openslam_gmapping/lib:${LD_LIBRARY_PATH} /usr/bin/cmake --install /home/ndp/ydlidar_ws/build/slam_gmapping
[8.897s] -- Install configuration: ""
[8.898s] -- Execute custom install script
[8.898s] -- Symlinking: /home/ndp/ydlidar_ws/install/slam_gmapping/lib/slam_gmapping/slam_gmapping
[8.907s] -- Symlinking: /home/ndp/ydlidar_ws/install/slam_gmapping/lib/slam_gmapping/transform
[8.915s] -- Symlinking: /home/ndp/ydlidar_ws/install/slam_gmapping/share/slam_gmapping/launch/gmapping_4ros_launch.py
[8.922s] -- Symlinking: /home/ndp/ydlidar_ws/install/slam_gmapping/share/slam_gmapping/launch/gmapping_x3_launch.py
[8.930s] -- Symlinking: /home/ndp/ydlidar_ws/install/slam_gmapping/share/slam_gmapping/launch/slam_4ros_gmapping.launch.py
[8.938s] -- Symlinking: /home/ndp/ydlidar_ws/install/slam_gmapping/share/slam_gmapping/launch/slam_x3_gmapping.launch.py
[8.944s] -- Symlinking: /home/ndp/ydlidar_ws/install/slam_gmapping/share/slam_gmapping/launch/test_gmapping.launch.py
[8.950s] -- Symlinking: /home/ndp/ydlidar_ws/install/slam_gmapping/share/ament_index/resource_index/package_run_dependencies/slam_gmapping
[8.956s] -- Symlinking: /home/ndp/ydlidar_ws/install/slam_gmapping/share/ament_index/resource_index/parent_prefix_path/slam_gmapping
[8.963s] -- Symlinking: /home/ndp/ydlidar_ws/install/slam_gmapping/share/slam_gmapping/environment/ament_prefix_path.sh
[8.969s] -- Symlinking: /home/ndp/ydlidar_ws/install/slam_gmapping/share/slam_gmapping/environment/ament_prefix_path.dsv
[8.976s] -- Symlinking: /home/ndp/ydlidar_ws/install/slam_gmapping/share/slam_gmapping/environment/path.sh
[8.983s] -- Symlinking: /home/ndp/ydlidar_ws/install/slam_gmapping/share/slam_gmapping/environment/path.dsv
[8.993s] -- Symlinking: /home/ndp/ydlidar_ws/install/slam_gmapping/share/slam_gmapping/local_setup.bash
[9.001s] -- Symlinking: /home/ndp/ydlidar_ws/install/slam_gmapping/share/slam_gmapping/local_setup.sh
[9.010s] -- Symlinking: /home/ndp/ydlidar_ws/install/slam_gmapping/share/slam_gmapping/local_setup.zsh
[9.016s] -- Symlinking: /home/ndp/ydlidar_ws/install/slam_gmapping/share/slam_gmapping/local_setup.dsv
[9.021s] -- Symlinking: /home/ndp/ydlidar_ws/install/slam_gmapping/share/slam_gmapping/package.dsv
[9.027s] -- Symlinking: /home/ndp/ydlidar_ws/install/slam_gmapping/share/ament_index/resource_index/packages/slam_gmapping
[9.034s] -- Symlinking: /home/ndp/ydlidar_ws/install/slam_gmapping/share/slam_gmapping/cmake/slam_gmappingConfig.cmake
[9.039s] -- Symlinking: /home/ndp/ydlidar_ws/install/slam_gmapping/share/slam_gmapping/cmake/slam_gmappingConfig-version.cmake
[9.046s] -- Symlinking: /home/ndp/ydlidar_ws/install/slam_gmapping/share/slam_gmapping/package.xml
[9.054s] Invoked command in '/home/ndp/ydlidar_ws/build/slam_gmapping' returned '0': AMENT_PREFIX_PATH=/home/ndp/ydlidar_ws/install/openslam_gmapping:${AMENT_PREFIX_PATH} CMAKE_PREFIX_PATH=/home/ndp/ydlidar_ws/install/openslam_gmapping:/home/ndp/ydlidar_ws/install/ydlidar_ros2_driver:/home/ndp/ydlidar/install/ydlidar_ros2_driver:/opt/ros/foxy LD_LIBRARY_PATH=/home/ndp/ydlidar_ws/install/openslam_gmapping/lib:${LD_LIBRARY_PATH} /usr/bin/cmake --install /home/ndp/ydlidar_ws/build/slam_gmapping
