[0.014s] Invoking command in '/home/ndp/ydlidar_ws/build/slam_gmapping': CMAKE_PREFIX_PATH=/home/ndp/ydlidar_ws/install/openslam_gmapping:/home/ndp/ydlidar_ws/install/ydlidar_ros2_driver:/home/ndp/ydlidar_ws/install/slam_gmapping:/home/ndp/ydlidar/install/ydlidar_ros2_driver:/home/ndp/ydlidar/install/slam_gmapping:/home/ndp/ydlidar/install/openslam_gmapping:/opt/ros/foxy /usr/bin/cmake --build /home/ndp/ydlidar_ws/build/slam_gmapping -- -j8 -l8
[0.076s] [100%] Built target slam_gmapping
[0.076s] [100%] Built target transform
[0.086s] Invoked command in '/home/ndp/ydlidar_ws/build/slam_gmapping' returned '0': CMAKE_PREFIX_PATH=/home/ndp/ydlidar_ws/install/openslam_gmapping:/home/ndp/ydlidar_ws/install/ydlidar_ros2_driver:/home/ndp/ydlidar_ws/install/slam_gmapping:/home/ndp/ydlidar/install/ydlidar_ros2_driver:/home/ndp/ydlidar/install/slam_gmapping:/home/ndp/ydlidar/install/openslam_gmapping:/opt/ros/foxy /usr/bin/cmake --build /home/ndp/ydlidar_ws/build/slam_gmapping -- -j8 -l8
[0.109s] Invoking command in '/home/ndp/ydlidar_ws/build/slam_gmapping': CMAKE_PREFIX_PATH=/home/ndp/ydlidar_ws/install/openslam_gmapping:/home/ndp/ydlidar_ws/install/ydlidar_ros2_driver:/home/ndp/ydlidar_ws/install/slam_gmapping:/home/ndp/ydlidar/install/ydlidar_ros2_driver:/home/ndp/ydlidar/install/slam_gmapping:/home/ndp/ydlidar/install/openslam_gmapping:/opt/ros/foxy /usr/bin/cmake --install /home/ndp/ydlidar_ws/build/slam_gmapping
[0.118s] -- Install configuration: ""
[0.118s] -- Execute custom install script
[0.118s] -- Up-to-date symlink: /home/ndp/ydlidar_ws/install/slam_gmapping/lib/slam_gmapping/slam_gmapping
[0.119s] -- Up-to-date symlink: /home/ndp/ydlidar_ws/install/slam_gmapping/lib/slam_gmapping/transform
[0.119s] -- Up-to-date symlink: /home/ndp/ydlidar_ws/install/slam_gmapping/share/slam_gmapping/launch/gmapping_4ros_launch.py
[0.119s] -- Up-to-date symlink: /home/ndp/ydlidar_ws/install/slam_gmapping/share/slam_gmapping/launch/gmapping_x3_launch.py
[0.119s] -- Up-to-date symlink: /home/ndp/ydlidar_ws/install/slam_gmapping/share/slam_gmapping/launch/slam_4ros_gmapping.launch.py
[0.120s] -- Up-to-date symlink: /home/ndp/ydlidar_ws/install/slam_gmapping/share/slam_gmapping/launch/test_gmapping.launch.py
[0.120s] -- Symlinking: /home/ndp/ydlidar_ws/install/slam_gmapping/share/slam_gmapping/launch/x3_slam.py
[0.131s] -- Up-to-date symlink: /home/ndp/ydlidar_ws/install/slam_gmapping/share/ament_index/resource_index/package_run_dependencies/slam_gmapping
[0.131s] -- Up-to-date symlink: /home/ndp/ydlidar_ws/install/slam_gmapping/share/ament_index/resource_index/parent_prefix_path/slam_gmapping
[0.132s] -- Up-to-date symlink: /home/ndp/ydlidar_ws/install/slam_gmapping/share/slam_gmapping/environment/ament_prefix_path.sh
[0.132s] -- Up-to-date symlink: /home/ndp/ydlidar_ws/install/slam_gmapping/share/slam_gmapping/environment/ament_prefix_path.dsv
[0.132s] -- Up-to-date symlink: /home/ndp/ydlidar_ws/install/slam_gmapping/share/slam_gmapping/environment/path.sh
[0.132s] -- Up-to-date symlink: /home/ndp/ydlidar_ws/install/slam_gmapping/share/slam_gmapping/environment/path.dsv
[0.133s] -- Up-to-date symlink: /home/ndp/ydlidar_ws/install/slam_gmapping/share/slam_gmapping/local_setup.bash
[0.133s] -- Up-to-date symlink: /home/ndp/ydlidar_ws/install/slam_gmapping/share/slam_gmapping/local_setup.sh
[0.133s] -- Up-to-date symlink: /home/ndp/ydlidar_ws/install/slam_gmapping/share/slam_gmapping/local_setup.zsh
[0.133s] -- Up-to-date symlink: /home/ndp/ydlidar_ws/install/slam_gmapping/share/slam_gmapping/local_setup.dsv
[0.134s] -- Symlinking: /home/ndp/ydlidar_ws/install/slam_gmapping/share/slam_gmapping/package.dsv
[0.150s] -- Up-to-date symlink: /home/ndp/ydlidar_ws/install/slam_gmapping/share/ament_index/resource_index/packages/slam_gmapping
[0.150s] -- Up-to-date symlink: /home/ndp/ydlidar_ws/install/slam_gmapping/share/slam_gmapping/cmake/slam_gmappingConfig.cmake
[0.150s] -- Up-to-date symlink: /home/ndp/ydlidar_ws/install/slam_gmapping/share/slam_gmapping/cmake/slam_gmappingConfig-version.cmake
[0.150s] -- Up-to-date symlink: /home/ndp/ydlidar_ws/install/slam_gmapping/share/slam_gmapping/package.xml
[0.152s] Invoked command in '/home/ndp/ydlidar_ws/build/slam_gmapping' returned '0': CMAKE_PREFIX_PATH=/home/ndp/ydlidar_ws/install/openslam_gmapping:/home/ndp/ydlidar_ws/install/ydlidar_ros2_driver:/home/ndp/ydlidar_ws/install/slam_gmapping:/home/ndp/ydlidar/install/ydlidar_ros2_driver:/home/ndp/ydlidar/install/slam_gmapping:/home/ndp/ydlidar/install/openslam_gmapping:/opt/ros/foxy /usr/bin/cmake --install /home/ndp/ydlidar_ws/build/slam_gmapping
