[0.149s] DEBUG:colcon:Command line arguments: ['/usr/bin/colcon', 'build', '--symlink-install']
[0.149s] DEBUG:colcon:Parsed command line arguments: Namespace(allow_overriding=[], ament_cmake_args=None, base_paths=['.'], build_base='build', catkin_cmake_args=None, catkin_skip_building_tests=False, cmake_args=None, cmake_clean_cache=False, cmake_clean_first=False, cmake_force_configure=False, cmake_target=None, cmake_target_skip_unavailable=False, continue_on_error=False, event_handlers=None, executor='parallel', ignore_user_meta=False, install_base='install', log_base=None, log_level=None, main=<bound method BuildVerb.main of <colcon_core.verb.build.BuildVerb object at 0x7efcd67b48b0>>, merge_install=False, metas=['./colcon.meta'], packages_above=None, packages_above_and_dependencies=None, packages_above_depth=None, packages_end=None, packages_ignore=None, packages_ignore_regex=None, packages_select=None, packages_select_build_failed=False, packages_select_by_dep=None, packages_select_regex=None, packages_select_test_failures=False, packages_skip=None, packages_skip_build_finished=False, packages_skip_by_dep=None, packages_skip_regex=None, packages_skip_test_passed=False, packages_skip_up_to=None, packages_start=None, packages_up_to=None, packages_up_to_regex=None, parallel_workers=8, paths=None, symlink_install=True, test_result_base=None, verb_extension=<colcon_core.verb.build.BuildVerb object at 0x7efcd67b48b0>, verb_name='build', verb_parser=<colcon_defaults.argument_parser.defaults.DefaultArgumentsDecorator object at 0x7efcd6633640>)
[0.267s] Level 1:colcon.colcon_core.package_discovery:discover_packages(colcon_meta) check parameters
[0.267s] Level 1:colcon.colcon_core.package_discovery:discover_packages(recursive) check parameters
[0.267s] Level 1:colcon.colcon_core.package_discovery:discover_packages(ignore) check parameters
[0.267s] Level 1:colcon.colcon_core.package_discovery:discover_packages(path) check parameters
[0.267s] Level 1:colcon.colcon_core.package_discovery:discover_packages(colcon_meta) discover
[0.267s] Level 1:colcon.colcon_core.package_discovery:discover_packages(recursive) discover
[0.267s] INFO:colcon.colcon_core.package_discovery:Crawling recursively for packages in '/home/ndp/ydlidar_ws'
[0.267s] Level 1:colcon.colcon_core.package_identification:_identify(.) by extensions ['ignore', 'ignore_ament_install']
[0.267s] Level 1:colcon.colcon_core.package_identification:_identify(.) by extension 'ignore'
[0.267s] Level 1:colcon.colcon_core.package_identification:_identify(.) by extension 'ignore_ament_install'
[0.267s] Level 1:colcon.colcon_core.package_identification:_identify(.) by extensions ['colcon_pkg']
[0.267s] Level 1:colcon.colcon_core.package_identification:_identify(.) by extension 'colcon_pkg'
[0.267s] Level 1:colcon.colcon_core.package_identification:_identify(.) by extensions ['colcon_meta']
[0.267s] Level 1:colcon.colcon_core.package_identification:_identify(.) by extension 'colcon_meta'
[0.268s] Level 1:colcon.colcon_core.package_identification:_identify(.) by extensions ['ros']
[0.268s] Level 1:colcon.colcon_core.package_identification:_identify(.) by extension 'ros'
[0.278s] Level 1:colcon.colcon_core.package_identification:_identify(.) by extensions ['cmake', 'python']
[0.278s] Level 1:colcon.colcon_core.package_identification:_identify(.) by extension 'cmake'
[0.278s] Level 1:colcon.colcon_core.package_identification:_identify(.) by extension 'python'
[0.278s] Level 1:colcon.colcon_core.package_identification:_identify(.) by extensions ['python_setup_py']
[0.278s] Level 1:colcon.colcon_core.package_identification:_identify(.) by extension 'python_setup_py'
[0.278s] Level 1:colcon.colcon_core.package_identification:_identify(build) by extensions ['ignore', 'ignore_ament_install']
[0.278s] Level 1:colcon.colcon_core.package_identification:_identify(build) by extension 'ignore'
[0.278s] Level 1:colcon.colcon_core.package_identification:_identify(build) ignored
[0.278s] Level 1:colcon.colcon_core.package_identification:_identify(install) by extensions ['ignore', 'ignore_ament_install']
[0.278s] Level 1:colcon.colcon_core.package_identification:_identify(install) by extension 'ignore'
[0.278s] Level 1:colcon.colcon_core.package_identification:_identify(install) ignored
[0.278s] Level 1:colcon.colcon_core.package_identification:_identify(log) by extensions ['ignore', 'ignore_ament_install']
[0.278s] Level 1:colcon.colcon_core.package_identification:_identify(log) by extension 'ignore'
[0.278s] Level 1:colcon.colcon_core.package_identification:_identify(log) ignored
[0.278s] Level 1:colcon.colcon_core.package_identification:_identify(openslam_gmapping) by extensions ['ignore', 'ignore_ament_install']
[0.279s] Level 1:colcon.colcon_core.package_identification:_identify(openslam_gmapping) by extension 'ignore'
[0.279s] Level 1:colcon.colcon_core.package_identification:_identify(openslam_gmapping) by extension 'ignore_ament_install'
[0.279s] Level 1:colcon.colcon_core.package_identification:_identify(openslam_gmapping) by extensions ['colcon_pkg']
[0.279s] Level 1:colcon.colcon_core.package_identification:_identify(openslam_gmapping) by extension 'colcon_pkg'
[0.279s] Level 1:colcon.colcon_core.package_identification:_identify(openslam_gmapping) by extensions ['colcon_meta']
[0.279s] Level 1:colcon.colcon_core.package_identification:_identify(openslam_gmapping) by extension 'colcon_meta'
[0.279s] Level 1:colcon.colcon_core.package_identification:_identify(openslam_gmapping) by extensions ['ros']
[0.279s] Level 1:colcon.colcon_core.package_identification:_identify(openslam_gmapping) by extension 'ros'
[0.280s] DEBUG:colcon.colcon_core.package_identification:Package 'openslam_gmapping' with type 'ros.ament_cmake' and name 'openslam_gmapping'
[0.281s] Level 1:colcon.colcon_core.package_identification:_identify(slam_gmapping) by extensions ['ignore', 'ignore_ament_install']
[0.281s] Level 1:colcon.colcon_core.package_identification:_identify(slam_gmapping) by extension 'ignore'
[0.281s] Level 1:colcon.colcon_core.package_identification:_identify(slam_gmapping) by extension 'ignore_ament_install'
[0.281s] Level 1:colcon.colcon_core.package_identification:_identify(slam_gmapping) by extensions ['colcon_pkg']
[0.281s] Level 1:colcon.colcon_core.package_identification:_identify(slam_gmapping) by extension 'colcon_pkg'
[0.281s] Level 1:colcon.colcon_core.package_identification:_identify(slam_gmapping) by extensions ['colcon_meta']
[0.281s] Level 1:colcon.colcon_core.package_identification:_identify(slam_gmapping) by extension 'colcon_meta'
[0.281s] Level 1:colcon.colcon_core.package_identification:_identify(slam_gmapping) by extensions ['ros']
[0.281s] Level 1:colcon.colcon_core.package_identification:_identify(slam_gmapping) by extension 'ros'
[0.282s] DEBUG:colcon.colcon_core.package_identification:Package 'slam_gmapping' with type 'ros.ament_cmake' and name 'slam_gmapping'
[0.282s] Level 1:colcon.colcon_core.package_identification:_identify(ydlidar_ros2_driver-master) by extensions ['ignore', 'ignore_ament_install']
[0.282s] Level 1:colcon.colcon_core.package_identification:_identify(ydlidar_ros2_driver-master) by extension 'ignore'
[0.282s] Level 1:colcon.colcon_core.package_identification:_identify(ydlidar_ros2_driver-master) by extension 'ignore_ament_install'
[0.282s] Level 1:colcon.colcon_core.package_identification:_identify(ydlidar_ros2_driver-master) by extensions ['colcon_pkg']
[0.282s] Level 1:colcon.colcon_core.package_identification:_identify(ydlidar_ros2_driver-master) by extension 'colcon_pkg'
[0.282s] Level 1:colcon.colcon_core.package_identification:_identify(ydlidar_ros2_driver-master) by extensions ['colcon_meta']
[0.282s] Level 1:colcon.colcon_core.package_identification:_identify(ydlidar_ros2_driver-master) by extension 'colcon_meta'
[0.282s] Level 1:colcon.colcon_core.package_identification:_identify(ydlidar_ros2_driver-master) by extensions ['ros']
[0.282s] Level 1:colcon.colcon_core.package_identification:_identify(ydlidar_ros2_driver-master) by extension 'ros'
[0.283s] DEBUG:colcon.colcon_core.package_identification:Package 'ydlidar_ros2_driver-master' with type 'ros.ament_cmake' and name 'ydlidar_ros2_driver'
[0.283s] Level 1:colcon.colcon_core.package_discovery:discover_packages(recursive) using defaults
[0.283s] Level 1:colcon.colcon_core.package_discovery:discover_packages(ignore) discover
[0.283s] Level 1:colcon.colcon_core.package_discovery:discover_packages(ignore) using defaults
[0.283s] Level 1:colcon.colcon_core.package_discovery:discover_packages(path) discover
[0.283s] Level 1:colcon.colcon_core.package_discovery:discover_packages(path) using defaults
[0.299s] Level 1:colcon.colcon_core.package_discovery:discover_packages(prefix_path) check parameters
[0.299s] Level 1:colcon.colcon_core.package_discovery:discover_packages(prefix_path) discover
[0.300s] DEBUG:colcon.colcon_installed_package_information.package_discovery:Found 3 installed packages in /home/ndp/ydlidar_ws/install
[0.300s] DEBUG:colcon.colcon_installed_package_information.package_discovery:Found 3 installed packages in /home/ndp/ydlidar/install
[0.301s] DEBUG:colcon.colcon_installed_package_information.package_discovery:Found 263 installed packages in /opt/ros/foxy
[0.302s] Level 1:colcon.colcon_core.package_discovery:discover_packages(prefix_path) using defaults
[0.361s] Level 5:colcon.colcon_core.verb:set package 'openslam_gmapping' build argument 'cmake_args' from command line to 'None'
[0.361s] Level 5:colcon.colcon_core.verb:set package 'openslam_gmapping' build argument 'cmake_target' from command line to 'None'
[0.361s] Level 5:colcon.colcon_core.verb:set package 'openslam_gmapping' build argument 'cmake_target_skip_unavailable' from command line to 'False'
[0.361s] Level 5:colcon.colcon_core.verb:set package 'openslam_gmapping' build argument 'cmake_clean_cache' from command line to 'False'
[0.361s] Level 5:colcon.colcon_core.verb:set package 'openslam_gmapping' build argument 'cmake_clean_first' from command line to 'False'
[0.361s] Level 5:colcon.colcon_core.verb:set package 'openslam_gmapping' build argument 'cmake_force_configure' from command line to 'False'
[0.361s] Level 5:colcon.colcon_core.verb:set package 'openslam_gmapping' build argument 'ament_cmake_args' from command line to 'None'
[0.361s] Level 5:colcon.colcon_core.verb:set package 'openslam_gmapping' build argument 'catkin_cmake_args' from command line to 'None'
[0.361s] Level 5:colcon.colcon_core.verb:set package 'openslam_gmapping' build argument 'catkin_skip_building_tests' from command line to 'False'
[0.361s] DEBUG:colcon.colcon_core.verb:Building package 'openslam_gmapping' with the following arguments: {'ament_cmake_args': None, 'build_base': '/home/ndp/ydlidar_ws/build/openslam_gmapping', 'catkin_cmake_args': None, 'catkin_skip_building_tests': False, 'cmake_args': None, 'cmake_clean_cache': False, 'cmake_clean_first': False, 'cmake_force_configure': False, 'cmake_target': None, 'cmake_target_skip_unavailable': False, 'install_base': '/home/ndp/ydlidar_ws/install/openslam_gmapping', 'merge_install': False, 'path': '/home/ndp/ydlidar_ws/openslam_gmapping', 'symlink_install': True, 'test_result_base': None}
[0.362s] Level 5:colcon.colcon_core.verb:set package 'ydlidar_ros2_driver' build argument 'cmake_args' from command line to 'None'
[0.362s] Level 5:colcon.colcon_core.verb:set package 'ydlidar_ros2_driver' build argument 'cmake_target' from command line to 'None'
[0.362s] Level 5:colcon.colcon_core.verb:set package 'ydlidar_ros2_driver' build argument 'cmake_target_skip_unavailable' from command line to 'False'
[0.362s] Level 5:colcon.colcon_core.verb:set package 'ydlidar_ros2_driver' build argument 'cmake_clean_cache' from command line to 'False'
[0.362s] Level 5:colcon.colcon_core.verb:set package 'ydlidar_ros2_driver' build argument 'cmake_clean_first' from command line to 'False'
[0.362s] Level 5:colcon.colcon_core.verb:set package 'ydlidar_ros2_driver' build argument 'cmake_force_configure' from command line to 'False'
[0.362s] Level 5:colcon.colcon_core.verb:set package 'ydlidar_ros2_driver' build argument 'ament_cmake_args' from command line to 'None'
[0.362s] Level 5:colcon.colcon_core.verb:set package 'ydlidar_ros2_driver' build argument 'catkin_cmake_args' from command line to 'None'
[0.362s] Level 5:colcon.colcon_core.verb:set package 'ydlidar_ros2_driver' build argument 'catkin_skip_building_tests' from command line to 'False'
[0.362s] DEBUG:colcon.colcon_core.verb:Building package 'ydlidar_ros2_driver' with the following arguments: {'ament_cmake_args': None, 'build_base': '/home/ndp/ydlidar_ws/build/ydlidar_ros2_driver', 'catkin_cmake_args': None, 'catkin_skip_building_tests': False, 'cmake_args': None, 'cmake_clean_cache': False, 'cmake_clean_first': False, 'cmake_force_configure': False, 'cmake_target': None, 'cmake_target_skip_unavailable': False, 'install_base': '/home/ndp/ydlidar_ws/install/ydlidar_ros2_driver', 'merge_install': False, 'path': '/home/ndp/ydlidar_ws/ydlidar_ros2_driver-master', 'symlink_install': True, 'test_result_base': None}
[0.362s] Level 5:colcon.colcon_core.verb:set package 'slam_gmapping' build argument 'cmake_args' from command line to 'None'
[0.362s] Level 5:colcon.colcon_core.verb:set package 'slam_gmapping' build argument 'cmake_target' from command line to 'None'
[0.362s] Level 5:colcon.colcon_core.verb:set package 'slam_gmapping' build argument 'cmake_target_skip_unavailable' from command line to 'False'
[0.362s] Level 5:colcon.colcon_core.verb:set package 'slam_gmapping' build argument 'cmake_clean_cache' from command line to 'False'
[0.362s] Level 5:colcon.colcon_core.verb:set package 'slam_gmapping' build argument 'cmake_clean_first' from command line to 'False'
[0.362s] Level 5:colcon.colcon_core.verb:set package 'slam_gmapping' build argument 'cmake_force_configure' from command line to 'False'
[0.362s] Level 5:colcon.colcon_core.verb:set package 'slam_gmapping' build argument 'ament_cmake_args' from command line to 'None'
[0.362s] Level 5:colcon.colcon_core.verb:set package 'slam_gmapping' build argument 'catkin_cmake_args' from command line to 'None'
[0.362s] Level 5:colcon.colcon_core.verb:set package 'slam_gmapping' build argument 'catkin_skip_building_tests' from command line to 'False'
[0.362s] DEBUG:colcon.colcon_core.verb:Building package 'slam_gmapping' with the following arguments: {'ament_cmake_args': None, 'build_base': '/home/ndp/ydlidar_ws/build/slam_gmapping', 'catkin_cmake_args': None, 'catkin_skip_building_tests': False, 'cmake_args': None, 'cmake_clean_cache': False, 'cmake_clean_first': False, 'cmake_force_configure': False, 'cmake_target': None, 'cmake_target_skip_unavailable': False, 'install_base': '/home/ndp/ydlidar_ws/install/slam_gmapping', 'merge_install': False, 'path': '/home/ndp/ydlidar_ws/slam_gmapping', 'symlink_install': True, 'test_result_base': None}
[0.362s] INFO:colcon.colcon_core.executor:Executing jobs using 'parallel' executor
[0.363s] DEBUG:colcon.colcon_parallel_executor.executor.parallel:run_until_complete
[0.364s] INFO:colcon.colcon_ros.task.ament_cmake.build:Building ROS package in '/home/ndp/ydlidar_ws/openslam_gmapping' with build type 'ament_cmake'
[0.364s] INFO:colcon.colcon_cmake.task.cmake.build:Building CMake package in '/home/ndp/ydlidar_ws/openslam_gmapping'
[0.365s] INFO:colcon.colcon_core.plugin_system:Skipping extension 'colcon_core.shell.bat': Not used on non-Windows systems
[0.365s] INFO:colcon.colcon_core.shell:Skip shell extension 'powershell' for command environment: Not usable outside of PowerShell
[0.365s] DEBUG:colcon.colcon_core.shell:Skip shell extension 'dsv' for command environment
[0.369s] INFO:colcon.colcon_ros.task.ament_cmake.build:Building ROS package in '/home/ndp/ydlidar_ws/ydlidar_ros2_driver-master' with build type 'ament_cmake'
[0.370s] INFO:colcon.colcon_cmake.task.cmake.build:Building CMake package in '/home/ndp/ydlidar_ws/ydlidar_ros2_driver-master'
[0.370s] INFO:colcon.colcon_core.shell:Skip shell extension 'powershell' for command environment: Not usable outside of PowerShell
[0.370s] DEBUG:colcon.colcon_core.shell:Skip shell extension 'dsv' for command environment
[0.382s] DEBUG:colcon.colcon_core.event_handler.log_command:Invoking command in '/home/ndp/ydlidar_ws/build/openslam_gmapping': CMAKE_PREFIX_PATH=${CMAKE_PREFIX_PATH}:/opt/ros/foxy /usr/bin/cmake --build /home/ndp/ydlidar_ws/build/openslam_gmapping -- -j8 -l8
[0.392s] DEBUG:colcon.colcon_core.event_handler.log_command:Invoking command in '/home/ndp/ydlidar_ws/build/ydlidar_ros2_driver': CMAKE_PREFIX_PATH=${CMAKE_PREFIX_PATH}:/opt/ros/foxy /usr/bin/cmake --build /home/ndp/ydlidar_ws/build/ydlidar_ros2_driver -- -j8 -l8
[0.478s] DEBUG:colcon.colcon_core.event_handler.log_command:Invoked command in '/home/ndp/ydlidar_ws/build/ydlidar_ros2_driver' returned '0': CMAKE_PREFIX_PATH=${CMAKE_PREFIX_PATH}:/opt/ros/foxy /usr/bin/cmake --build /home/ndp/ydlidar_ws/build/ydlidar_ros2_driver -- -j8 -l8
[0.517s] DEBUG:colcon.colcon_core.event_handler.log_command:Invoking command in '/home/ndp/ydlidar_ws/build/ydlidar_ros2_driver': CMAKE_PREFIX_PATH=${CMAKE_PREFIX_PATH}:/opt/ros/foxy /usr/bin/cmake --install /home/ndp/ydlidar_ws/build/ydlidar_ros2_driver
[0.525s] DEBUG:colcon.colcon_core.event_handler.log_command:Invoked command in '/home/ndp/ydlidar_ws/build/openslam_gmapping' returned '0': CMAKE_PREFIX_PATH=${CMAKE_PREFIX_PATH}:/opt/ros/foxy /usr/bin/cmake --build /home/ndp/ydlidar_ws/build/openslam_gmapping -- -j8 -l8
[0.546s] Level 1:colcon.colcon_core.environment:create_environment_scripts_only(ydlidar_ros2_driver)
[0.547s] DEBUG:colcon.colcon_core.event_handler.log_command:Invoked command in '/home/ndp/ydlidar_ws/build/ydlidar_ros2_driver' returned '0': CMAKE_PREFIX_PATH=${CMAKE_PREFIX_PATH}:/opt/ros/foxy /usr/bin/cmake --install /home/ndp/ydlidar_ws/build/ydlidar_ros2_driver
[0.549s] Level 1:colcon.colcon_core.environment:checking '/home/ndp/ydlidar_ws/install/ydlidar_ros2_driver' for CMake module files
[0.549s] Level 1:colcon.colcon_core.environment:checking '/home/ndp/ydlidar_ws/install/ydlidar_ros2_driver' for CMake config files
[0.549s] Level 1:colcon.colcon_core.shell:create_environment_hook('ydlidar_ros2_driver', 'cmake_prefix_path')
[0.550s] INFO:colcon.colcon_core.shell:Creating environment hook '/home/ndp/ydlidar_ws/install/ydlidar_ros2_driver/share/ydlidar_ros2_driver/hook/cmake_prefix_path.ps1'
[0.550s] INFO:colcon.colcon_core.shell:Creating environment descriptor '/home/ndp/ydlidar_ws/install/ydlidar_ros2_driver/share/ydlidar_ros2_driver/hook/cmake_prefix_path.dsv'
[0.551s] INFO:colcon.colcon_core.shell:Creating environment hook '/home/ndp/ydlidar_ws/install/ydlidar_ros2_driver/share/ydlidar_ros2_driver/hook/cmake_prefix_path.sh'
[0.552s] Level 1:colcon.colcon_core.environment:checking '/home/ndp/ydlidar_ws/install/ydlidar_ros2_driver/lib'
[0.553s] Level 1:colcon.colcon_core.environment:checking '/home/ndp/ydlidar_ws/install/ydlidar_ros2_driver/bin'
[0.553s] Level 1:colcon.colcon_core.environment:checking '/home/ndp/ydlidar_ws/install/ydlidar_ros2_driver/lib/pkgconfig/ydlidar_ros2_driver.pc'
[0.554s] Level 1:colcon.colcon_core.environment:checking '/home/ndp/ydlidar_ws/install/ydlidar_ros2_driver/lib/python3.8/site-packages'
[0.554s] Level 1:colcon.colcon_core.environment:checking '/home/ndp/ydlidar_ws/install/ydlidar_ros2_driver/bin'
[0.555s] INFO:colcon.colcon_core.shell:Creating package script '/home/ndp/ydlidar_ws/install/ydlidar_ros2_driver/share/ydlidar_ros2_driver/package.ps1'
[0.558s] INFO:colcon.colcon_core.shell:Creating package descriptor '/home/ndp/ydlidar_ws/install/ydlidar_ros2_driver/share/ydlidar_ros2_driver/package.dsv'
[0.558s] INFO:colcon.colcon_core.shell:Creating package script '/home/ndp/ydlidar_ws/install/ydlidar_ros2_driver/share/ydlidar_ros2_driver/package.sh'
[0.559s] INFO:colcon.colcon_core.shell:Creating package script '/home/ndp/ydlidar_ws/install/ydlidar_ros2_driver/share/ydlidar_ros2_driver/package.bash'
[0.559s] INFO:colcon.colcon_core.shell:Creating package script '/home/ndp/ydlidar_ws/install/ydlidar_ros2_driver/share/ydlidar_ros2_driver/package.zsh'
[0.560s] Level 1:colcon.colcon_core.environment:create_file_with_runtime_dependencies(/home/ndp/ydlidar_ws/install/ydlidar_ros2_driver/share/colcon-core/packages/ydlidar_ros2_driver)
[0.565s] DEBUG:colcon.colcon_core.event_handler.log_command:Invoking command in '/home/ndp/ydlidar_ws/build/openslam_gmapping': CMAKE_PREFIX_PATH=${CMAKE_PREFIX_PATH}:/opt/ros/foxy /usr/bin/cmake --install /home/ndp/ydlidar_ws/build/openslam_gmapping
[0.589s] Level 1:colcon.colcon_core.environment:create_environment_scripts_only(ydlidar_ros2_driver)
[0.590s] Level 1:colcon.colcon_core.environment:checking '/home/ndp/ydlidar_ws/install/ydlidar_ros2_driver' for CMake module files
[0.592s] Level 1:colcon.colcon_core.environment:checking '/home/ndp/ydlidar_ws/install/ydlidar_ros2_driver' for CMake config files
[0.592s] Level 1:colcon.colcon_core.shell:create_environment_hook('ydlidar_ros2_driver', 'cmake_prefix_path')
[0.593s] INFO:colcon.colcon_core.shell:Creating environment hook '/home/ndp/ydlidar_ws/install/ydlidar_ros2_driver/share/ydlidar_ros2_driver/hook/cmake_prefix_path.ps1'
[0.593s] INFO:colcon.colcon_core.shell:Creating environment descriptor '/home/ndp/ydlidar_ws/install/ydlidar_ros2_driver/share/ydlidar_ros2_driver/hook/cmake_prefix_path.dsv'
[0.594s] INFO:colcon.colcon_core.shell:Creating environment hook '/home/ndp/ydlidar_ws/install/ydlidar_ros2_driver/share/ydlidar_ros2_driver/hook/cmake_prefix_path.sh'
[0.594s] Level 1:colcon.colcon_core.environment:checking '/home/ndp/ydlidar_ws/install/ydlidar_ros2_driver/lib'
[0.594s] Level 1:colcon.colcon_core.environment:checking '/home/ndp/ydlidar_ws/install/ydlidar_ros2_driver/bin'
[0.594s] Level 1:colcon.colcon_core.environment:checking '/home/ndp/ydlidar_ws/install/ydlidar_ros2_driver/lib/pkgconfig/ydlidar_ros2_driver.pc'
[0.595s] Level 1:colcon.colcon_core.environment:checking '/home/ndp/ydlidar_ws/install/ydlidar_ros2_driver/lib/python3.8/site-packages'
[0.595s] Level 1:colcon.colcon_core.environment:checking '/home/ndp/ydlidar_ws/install/ydlidar_ros2_driver/bin'
[0.595s] INFO:colcon.colcon_core.shell:Creating package script '/home/ndp/ydlidar_ws/install/ydlidar_ros2_driver/share/ydlidar_ros2_driver/package.ps1'
[0.596s] INFO:colcon.colcon_core.shell:Creating package descriptor '/home/ndp/ydlidar_ws/install/ydlidar_ros2_driver/share/ydlidar_ros2_driver/package.dsv'
[0.596s] INFO:colcon.colcon_core.shell:Creating package script '/home/ndp/ydlidar_ws/install/ydlidar_ros2_driver/share/ydlidar_ros2_driver/package.sh'
[0.597s] INFO:colcon.colcon_core.shell:Creating package script '/home/ndp/ydlidar_ws/install/ydlidar_ros2_driver/share/ydlidar_ros2_driver/package.bash'
[0.597s] INFO:colcon.colcon_core.shell:Creating package script '/home/ndp/ydlidar_ws/install/ydlidar_ros2_driver/share/ydlidar_ros2_driver/package.zsh'
[0.597s] Level 1:colcon.colcon_core.environment:create_file_with_runtime_dependencies(/home/ndp/ydlidar_ws/install/ydlidar_ros2_driver/share/colcon-core/packages/ydlidar_ros2_driver)
[0.608s] Level 1:colcon.colcon_core.environment:create_environment_scripts_only(openslam_gmapping)
[0.609s] Level 1:colcon.colcon_core.environment:checking '/home/ndp/ydlidar_ws/install/openslam_gmapping' for CMake module files
[0.609s] DEBUG:colcon.colcon_core.event_handler.log_command:Invoked command in '/home/ndp/ydlidar_ws/build/openslam_gmapping' returned '0': CMAKE_PREFIX_PATH=${CMAKE_PREFIX_PATH}:/opt/ros/foxy /usr/bin/cmake --install /home/ndp/ydlidar_ws/build/openslam_gmapping
[0.609s] Level 1:colcon.colcon_core.environment:checking '/home/ndp/ydlidar_ws/install/openslam_gmapping' for CMake config files
[0.610s] Level 1:colcon.colcon_core.shell:create_environment_hook('openslam_gmapping', 'cmake_prefix_path')
[0.610s] INFO:colcon.colcon_core.shell:Creating environment hook '/home/ndp/ydlidar_ws/install/openslam_gmapping/share/openslam_gmapping/hook/cmake_prefix_path.ps1'
[0.611s] INFO:colcon.colcon_core.shell:Creating environment descriptor '/home/ndp/ydlidar_ws/install/openslam_gmapping/share/openslam_gmapping/hook/cmake_prefix_path.dsv'
[0.611s] INFO:colcon.colcon_core.shell:Creating environment hook '/home/ndp/ydlidar_ws/install/openslam_gmapping/share/openslam_gmapping/hook/cmake_prefix_path.sh'
[0.612s] Level 1:colcon.colcon_core.environment:checking '/home/ndp/ydlidar_ws/install/openslam_gmapping/lib'
[0.612s] Level 1:colcon.colcon_core.environment:checking '/home/ndp/ydlidar_ws/install/openslam_gmapping/bin'
[0.612s] Level 1:colcon.colcon_core.environment:checking '/home/ndp/ydlidar_ws/install/openslam_gmapping/lib/pkgconfig/openslam_gmapping.pc'
[0.612s] Level 1:colcon.colcon_core.environment:checking '/home/ndp/ydlidar_ws/install/openslam_gmapping/lib/python3.8/site-packages'
[0.612s] Level 1:colcon.colcon_core.environment:checking '/home/ndp/ydlidar_ws/install/openslam_gmapping/bin'
[0.612s] INFO:colcon.colcon_core.shell:Creating package script '/home/ndp/ydlidar_ws/install/openslam_gmapping/share/openslam_gmapping/package.ps1'
[0.612s] INFO:colcon.colcon_core.shell:Creating package descriptor '/home/ndp/ydlidar_ws/install/openslam_gmapping/share/openslam_gmapping/package.dsv'
[0.613s] INFO:colcon.colcon_core.shell:Creating package script '/home/ndp/ydlidar_ws/install/openslam_gmapping/share/openslam_gmapping/package.sh'
[0.613s] INFO:colcon.colcon_core.shell:Creating package script '/home/ndp/ydlidar_ws/install/openslam_gmapping/share/openslam_gmapping/package.bash'
[0.613s] INFO:colcon.colcon_core.shell:Creating package script '/home/ndp/ydlidar_ws/install/openslam_gmapping/share/openslam_gmapping/package.zsh'
[0.613s] Level 1:colcon.colcon_core.environment:create_file_with_runtime_dependencies(/home/ndp/ydlidar_ws/install/openslam_gmapping/share/colcon-core/packages/openslam_gmapping)
[0.638s] Level 1:colcon.colcon_core.environment:create_environment_scripts_only(openslam_gmapping)
[0.639s] Level 1:colcon.colcon_core.environment:checking '/home/ndp/ydlidar_ws/install/openslam_gmapping' for CMake module files
[0.640s] Level 1:colcon.colcon_core.environment:checking '/home/ndp/ydlidar_ws/install/openslam_gmapping' for CMake config files
[0.641s] Level 1:colcon.colcon_core.shell:create_environment_hook('openslam_gmapping', 'cmake_prefix_path')
[0.641s] INFO:colcon.colcon_core.shell:Creating environment hook '/home/ndp/ydlidar_ws/install/openslam_gmapping/share/openslam_gmapping/hook/cmake_prefix_path.ps1'
[0.642s] INFO:colcon.colcon_core.shell:Creating environment descriptor '/home/ndp/ydlidar_ws/install/openslam_gmapping/share/openslam_gmapping/hook/cmake_prefix_path.dsv'
[0.642s] INFO:colcon.colcon_core.shell:Creating environment hook '/home/ndp/ydlidar_ws/install/openslam_gmapping/share/openslam_gmapping/hook/cmake_prefix_path.sh'
[0.643s] Level 1:colcon.colcon_core.environment:checking '/home/ndp/ydlidar_ws/install/openslam_gmapping/lib'
[0.643s] Level 1:colcon.colcon_core.environment:checking '/home/ndp/ydlidar_ws/install/openslam_gmapping/bin'
[0.643s] Level 1:colcon.colcon_core.environment:checking '/home/ndp/ydlidar_ws/install/openslam_gmapping/lib/pkgconfig/openslam_gmapping.pc'
[0.643s] Level 1:colcon.colcon_core.environment:checking '/home/ndp/ydlidar_ws/install/openslam_gmapping/lib/python3.8/site-packages'
[0.644s] Level 1:colcon.colcon_core.environment:checking '/home/ndp/ydlidar_ws/install/openslam_gmapping/bin'
[0.644s] INFO:colcon.colcon_core.shell:Creating package script '/home/ndp/ydlidar_ws/install/openslam_gmapping/share/openslam_gmapping/package.ps1'
[0.645s] INFO:colcon.colcon_core.shell:Creating package descriptor '/home/ndp/ydlidar_ws/install/openslam_gmapping/share/openslam_gmapping/package.dsv'
[0.645s] INFO:colcon.colcon_core.shell:Creating package script '/home/ndp/ydlidar_ws/install/openslam_gmapping/share/openslam_gmapping/package.sh'
[0.645s] INFO:colcon.colcon_core.shell:Creating package script '/home/ndp/ydlidar_ws/install/openslam_gmapping/share/openslam_gmapping/package.bash'
[0.646s] INFO:colcon.colcon_core.shell:Creating package script '/home/ndp/ydlidar_ws/install/openslam_gmapping/share/openslam_gmapping/package.zsh'
[0.646s] Level 1:colcon.colcon_core.environment:create_file_with_runtime_dependencies(/home/ndp/ydlidar_ws/install/openslam_gmapping/share/colcon-core/packages/openslam_gmapping)
[0.647s] INFO:colcon.colcon_ros.task.ament_cmake.build:Building ROS package in '/home/ndp/ydlidar_ws/slam_gmapping' with build type 'ament_cmake'
[0.647s] INFO:colcon.colcon_cmake.task.cmake.build:Building CMake package in '/home/ndp/ydlidar_ws/slam_gmapping'
[0.648s] INFO:colcon.colcon_core.shell:Skip shell extension 'powershell' for command environment: Not usable outside of PowerShell
[0.648s] DEBUG:colcon.colcon_core.shell:Skip shell extension 'dsv' for command environment
[0.663s] DEBUG:colcon.colcon_core.event_handler.log_command:Invoking command in '/home/ndp/ydlidar_ws/build/slam_gmapping': CMAKE_PREFIX_PATH=/home/ndp/ydlidar_ws/install/openslam_gmapping:/home/ndp/ydlidar_ws/install/ydlidar_ros2_driver:/home/ndp/ydlidar_ws/install/slam_gmapping:/home/ndp/ydlidar/install/ydlidar_ros2_driver:/home/ndp/ydlidar/install/slam_gmapping:/home/ndp/ydlidar/install/openslam_gmapping:/opt/ros/foxy /usr/bin/cmake --build /home/ndp/ydlidar_ws/build/slam_gmapping -- -j8 -l8
[0.735s] DEBUG:colcon.colcon_core.event_handler.log_command:Invoked command in '/home/ndp/ydlidar_ws/build/slam_gmapping' returned '0': CMAKE_PREFIX_PATH=/home/ndp/ydlidar_ws/install/openslam_gmapping:/home/ndp/ydlidar_ws/install/ydlidar_ros2_driver:/home/ndp/ydlidar_ws/install/slam_gmapping:/home/ndp/ydlidar/install/ydlidar_ros2_driver:/home/ndp/ydlidar/install/slam_gmapping:/home/ndp/ydlidar/install/openslam_gmapping:/opt/ros/foxy /usr/bin/cmake --build /home/ndp/ydlidar_ws/build/slam_gmapping -- -j8 -l8
[0.758s] DEBUG:colcon.colcon_core.event_handler.log_command:Invoking command in '/home/ndp/ydlidar_ws/build/slam_gmapping': CMAKE_PREFIX_PATH=/home/ndp/ydlidar_ws/install/openslam_gmapping:/home/ndp/ydlidar_ws/install/ydlidar_ros2_driver:/home/ndp/ydlidar_ws/install/slam_gmapping:/home/ndp/ydlidar/install/ydlidar_ros2_driver:/home/ndp/ydlidar/install/slam_gmapping:/home/ndp/ydlidar/install/openslam_gmapping:/opt/ros/foxy /usr/bin/cmake --install /home/ndp/ydlidar_ws/build/slam_gmapping
[0.800s] Level 1:colcon.colcon_core.environment:create_environment_scripts_only(slam_gmapping)
[0.800s] Level 1:colcon.colcon_core.environment:checking '/home/ndp/ydlidar_ws/install/slam_gmapping' for CMake module files
[0.801s] DEBUG:colcon.colcon_core.event_handler.log_command:Invoked command in '/home/ndp/ydlidar_ws/build/slam_gmapping' returned '0': CMAKE_PREFIX_PATH=/home/ndp/ydlidar_ws/install/openslam_gmapping:/home/ndp/ydlidar_ws/install/ydlidar_ros2_driver:/home/ndp/ydlidar_ws/install/slam_gmapping:/home/ndp/ydlidar/install/ydlidar_ros2_driver:/home/ndp/ydlidar/install/slam_gmapping:/home/ndp/ydlidar/install/openslam_gmapping:/opt/ros/foxy /usr/bin/cmake --install /home/ndp/ydlidar_ws/build/slam_gmapping
[0.801s] Level 1:colcon.colcon_core.environment:checking '/home/ndp/ydlidar_ws/install/slam_gmapping' for CMake config files
[0.801s] Level 1:colcon.colcon_core.shell:create_environment_hook('slam_gmapping', 'cmake_prefix_path')
[0.802s] INFO:colcon.colcon_core.shell:Creating environment hook '/home/ndp/ydlidar_ws/install/slam_gmapping/share/slam_gmapping/hook/cmake_prefix_path.ps1'
[0.804s] INFO:colcon.colcon_core.shell:Creating environment descriptor '/home/ndp/ydlidar_ws/install/slam_gmapping/share/slam_gmapping/hook/cmake_prefix_path.dsv'
[0.804s] INFO:colcon.colcon_core.shell:Creating environment hook '/home/ndp/ydlidar_ws/install/slam_gmapping/share/slam_gmapping/hook/cmake_prefix_path.sh'
[0.805s] Level 1:colcon.colcon_core.environment:checking '/home/ndp/ydlidar_ws/install/slam_gmapping/lib'
[0.805s] Level 1:colcon.colcon_core.environment:checking '/home/ndp/ydlidar_ws/install/slam_gmapping/bin'
[0.805s] Level 1:colcon.colcon_core.environment:checking '/home/ndp/ydlidar_ws/install/slam_gmapping/lib/pkgconfig/slam_gmapping.pc'
[0.806s] Level 1:colcon.colcon_core.environment:checking '/home/ndp/ydlidar_ws/install/slam_gmapping/lib/python3.8/site-packages'
[0.806s] Level 1:colcon.colcon_core.environment:checking '/home/ndp/ydlidar_ws/install/slam_gmapping/bin'
[0.808s] INFO:colcon.colcon_core.shell:Creating package script '/home/ndp/ydlidar_ws/install/slam_gmapping/share/slam_gmapping/package.ps1'
[0.808s] INFO:colcon.colcon_core.shell:Creating package descriptor '/home/ndp/ydlidar_ws/install/slam_gmapping/share/slam_gmapping/package.dsv'
[0.809s] INFO:colcon.colcon_core.shell:Creating package script '/home/ndp/ydlidar_ws/install/slam_gmapping/share/slam_gmapping/package.sh'
[0.810s] INFO:colcon.colcon_core.shell:Creating package script '/home/ndp/ydlidar_ws/install/slam_gmapping/share/slam_gmapping/package.bash'
[0.811s] INFO:colcon.colcon_core.shell:Creating package script '/home/ndp/ydlidar_ws/install/slam_gmapping/share/slam_gmapping/package.zsh'
[0.811s] Level 1:colcon.colcon_core.environment:create_file_with_runtime_dependencies(/home/ndp/ydlidar_ws/install/slam_gmapping/share/colcon-core/packages/slam_gmapping)
[0.848s] Level 1:colcon.colcon_core.environment:create_environment_scripts_only(slam_gmapping)
[0.848s] Level 1:colcon.colcon_core.environment:checking '/home/ndp/ydlidar_ws/install/slam_gmapping' for CMake module files
[0.849s] Level 1:colcon.colcon_core.environment:checking '/home/ndp/ydlidar_ws/install/slam_gmapping' for CMake config files
[0.850s] Level 1:colcon.colcon_core.shell:create_environment_hook('slam_gmapping', 'cmake_prefix_path')
[0.850s] INFO:colcon.colcon_core.shell:Creating environment hook '/home/ndp/ydlidar_ws/install/slam_gmapping/share/slam_gmapping/hook/cmake_prefix_path.ps1'
[0.850s] INFO:colcon.colcon_core.shell:Creating environment descriptor '/home/ndp/ydlidar_ws/install/slam_gmapping/share/slam_gmapping/hook/cmake_prefix_path.dsv'
[0.851s] INFO:colcon.colcon_core.shell:Creating environment hook '/home/ndp/ydlidar_ws/install/slam_gmapping/share/slam_gmapping/hook/cmake_prefix_path.sh'
[0.853s] Level 1:colcon.colcon_core.environment:checking '/home/ndp/ydlidar_ws/install/slam_gmapping/lib'
[0.853s] Level 1:colcon.colcon_core.environment:checking '/home/ndp/ydlidar_ws/install/slam_gmapping/bin'
[0.853s] Level 1:colcon.colcon_core.environment:checking '/home/ndp/ydlidar_ws/install/slam_gmapping/lib/pkgconfig/slam_gmapping.pc'
[0.858s] Level 1:colcon.colcon_core.environment:checking '/home/ndp/ydlidar_ws/install/slam_gmapping/lib/python3.8/site-packages'
[0.859s] Level 1:colcon.colcon_core.environment:checking '/home/ndp/ydlidar_ws/install/slam_gmapping/bin'
[0.861s] INFO:colcon.colcon_core.shell:Creating package script '/home/ndp/ydlidar_ws/install/slam_gmapping/share/slam_gmapping/package.ps1'
[0.863s] INFO:colcon.colcon_core.shell:Creating package descriptor '/home/ndp/ydlidar_ws/install/slam_gmapping/share/slam_gmapping/package.dsv'
[0.865s] INFO:colcon.colcon_core.shell:Creating package script '/home/ndp/ydlidar_ws/install/slam_gmapping/share/slam_gmapping/package.sh'
[0.867s] INFO:colcon.colcon_core.shell:Creating package script '/home/ndp/ydlidar_ws/install/slam_gmapping/share/slam_gmapping/package.bash'
[0.872s] INFO:colcon.colcon_core.shell:Creating package script '/home/ndp/ydlidar_ws/install/slam_gmapping/share/slam_gmapping/package.zsh'
[0.874s] Level 1:colcon.colcon_core.environment:create_file_with_runtime_dependencies(/home/ndp/ydlidar_ws/install/slam_gmapping/share/colcon-core/packages/slam_gmapping)
[0.874s] DEBUG:colcon.colcon_parallel_executor.executor.parallel:closing loop
[0.876s] DEBUG:colcon.colcon_parallel_executor.executor.parallel:loop closed
[0.876s] DEBUG:colcon.colcon_parallel_executor.executor.parallel:run_until_complete finished with '0'
[0.878s] DEBUG:colcon.colcon_core.event_reactor:joining thread
[0.885s] INFO:colcon.colcon_core.plugin_system:Skipping extension 'colcon_notification.desktop_notification.terminal_notifier': Not used on non-Darwin systems
[0.886s] INFO:colcon.colcon_core.plugin_system:Skipping extension 'colcon_notification.desktop_notification.win32': Not used on non-Windows systems
[0.886s] INFO:colcon.colcon_notification.desktop_notification:Sending desktop notification using 'notify2'
[0.904s] DEBUG:colcon.colcon_core.event_reactor:joined thread
[0.905s] INFO:colcon.colcon_core.shell:Creating prefix script '/home/ndp/ydlidar_ws/install/local_setup.ps1'
[0.906s] INFO:colcon.colcon_core.shell:Creating prefix util module '/home/ndp/ydlidar_ws/install/_local_setup_util_ps1.py'
[0.907s] INFO:colcon.colcon_core.shell:Creating prefix chain script '/home/ndp/ydlidar_ws/install/setup.ps1'
[0.909s] INFO:colcon.colcon_core.shell:Creating prefix script '/home/ndp/ydlidar_ws/install/local_setup.sh'
[0.909s] INFO:colcon.colcon_core.shell:Creating prefix util module '/home/ndp/ydlidar_ws/install/_local_setup_util_sh.py'
[0.910s] INFO:colcon.colcon_core.shell:Creating prefix chain script '/home/ndp/ydlidar_ws/install/setup.sh'
[0.910s] INFO:colcon.colcon_core.shell:Creating prefix script '/home/ndp/ydlidar_ws/install/local_setup.bash'
[0.911s] INFO:colcon.colcon_core.shell:Creating prefix chain script '/home/ndp/ydlidar_ws/install/setup.bash'
[0.912s] INFO:colcon.colcon_core.shell:Creating prefix script '/home/ndp/ydlidar_ws/install/local_setup.zsh'
[0.912s] INFO:colcon.colcon_core.shell:Creating prefix chain script '/home/ndp/ydlidar_ws/install/setup.zsh'
