[0.831s] DEBUG:colcon:Command line arguments: ['/usr/bin/colcon', 'build', '--symlink-install']
[0.832s] DEBUG:colcon:Parsed command line arguments: Namespace(allow_overriding=[], ament_cmake_args=None, base_paths=['.'], build_base='build', catkin_cmake_args=None, catkin_skip_building_tests=False, cmake_args=None, cmake_clean_cache=False, cmake_clean_first=False, cmake_force_configure=False, cmake_target=None, cmake_target_skip_unavailable=False, continue_on_error=False, event_handlers=None, executor='parallel', ignore_user_meta=False, install_base='install', log_base=None, log_level=None, main=<bound method BuildVerb.main of <colcon_core.verb.build.BuildVerb object at 0xffff8fedbd90>>, merge_install=False, metas=['./colcon.meta'], packages_above=None, packages_above_and_dependencies=None, packages_above_depth=None, packages_end=None, packages_ignore=None, packages_ignore_regex=None, packages_select=None, packages_select_build_failed=False, packages_select_by_dep=None, packages_select_regex=None, packages_select_test_failures=False, packages_skip=None, packages_skip_build_finished=False, packages_skip_by_dep=None, packages_skip_regex=None, packages_skip_test_passed=False, packages_skip_up_to=None, packages_start=None, packages_up_to=None, packages_up_to_regex=None, parallel_workers=4, paths=None, symlink_install=True, test_result_base=None, verb_extension=<colcon_core.verb.build.BuildVerb object at 0xffff8fedbd90>, verb_name='build', verb_parser=<colcon_defaults.argument_parser.defaults.DefaultArgumentsDecorator object at 0xffff8fdca820>)
[1.558s] Level 1:colcon.colcon_core.package_discovery:discover_packages(colcon_meta) check parameters
[1.558s] Level 1:colcon.colcon_core.package_discovery:discover_packages(recursive) check parameters
[1.559s] Level 1:colcon.colcon_core.package_discovery:discover_packages(ignore) check parameters
[1.559s] Level 1:colcon.colcon_core.package_discovery:discover_packages(path) check parameters
[1.559s] Level 1:colcon.colcon_core.package_discovery:discover_packages(colcon_meta) discover
[1.559s] Level 1:colcon.colcon_core.package_discovery:discover_packages(recursive) discover
[1.559s] INFO:colcon.colcon_core.package_discovery:Crawling recursively for packages in '/home/datn/ydlidar_ws'
[1.560s] Level 1:colcon.colcon_core.package_identification:_identify(.) by extensions ['ignore', 'ignore_ament_install']
[1.560s] Level 1:colcon.colcon_core.package_identification:_identify(.) by extension 'ignore'
[1.560s] Level 1:colcon.colcon_core.package_identification:_identify(.) by extension 'ignore_ament_install'
[1.561s] Level 1:colcon.colcon_core.package_identification:_identify(.) by extensions ['colcon_pkg']
[1.561s] Level 1:colcon.colcon_core.package_identification:_identify(.) by extension 'colcon_pkg'
[1.561s] Level 1:colcon.colcon_core.package_identification:_identify(.) by extensions ['colcon_meta']
[1.561s] Level 1:colcon.colcon_core.package_identification:_identify(.) by extension 'colcon_meta'
[1.561s] Level 1:colcon.colcon_core.package_identification:_identify(.) by extensions ['ros']
[1.561s] Level 1:colcon.colcon_core.package_identification:_identify(.) by extension 'ros'
[1.607s] Level 1:colcon.colcon_core.package_identification:_identify(.) by extensions ['cmake', 'python']
[1.607s] Level 1:colcon.colcon_core.package_identification:_identify(.) by extension 'cmake'
[1.607s] Level 1:colcon.colcon_core.package_identification:_identify(.) by extension 'python'
[1.607s] Level 1:colcon.colcon_core.package_identification:_identify(.) by extensions ['python_setup_py']
[1.608s] Level 1:colcon.colcon_core.package_identification:_identify(.) by extension 'python_setup_py'
[1.608s] Level 1:colcon.colcon_core.package_identification:_identify(build) by extensions ['ignore', 'ignore_ament_install']
[1.609s] Level 1:colcon.colcon_core.package_identification:_identify(build) by extension 'ignore'
[1.609s] Level 1:colcon.colcon_core.package_identification:_identify(build) ignored
[1.610s] Level 1:colcon.colcon_core.package_identification:_identify(install) by extensions ['ignore', 'ignore_ament_install']
[1.610s] Level 1:colcon.colcon_core.package_identification:_identify(install) by extension 'ignore'
[1.610s] Level 1:colcon.colcon_core.package_identification:_identify(install) ignored
[1.611s] Level 1:colcon.colcon_core.package_identification:_identify(log) by extensions ['ignore', 'ignore_ament_install']
[1.611s] Level 1:colcon.colcon_core.package_identification:_identify(log) by extension 'ignore'
[1.611s] Level 1:colcon.colcon_core.package_identification:_identify(log) ignored
[1.612s] Level 1:colcon.colcon_core.package_identification:_identify(openslam_gmapping) by extensions ['ignore', 'ignore_ament_install']
[1.612s] Level 1:colcon.colcon_core.package_identification:_identify(openslam_gmapping) by extension 'ignore'
[1.612s] Level 1:colcon.colcon_core.package_identification:_identify(openslam_gmapping) by extension 'ignore_ament_install'
[1.613s] Level 1:colcon.colcon_core.package_identification:_identify(openslam_gmapping) by extensions ['colcon_pkg']
[1.613s] Level 1:colcon.colcon_core.package_identification:_identify(openslam_gmapping) by extension 'colcon_pkg'
[1.613s] Level 1:colcon.colcon_core.package_identification:_identify(openslam_gmapping) by extensions ['colcon_meta']
[1.613s] Level 1:colcon.colcon_core.package_identification:_identify(openslam_gmapping) by extension 'colcon_meta'
[1.613s] Level 1:colcon.colcon_core.package_identification:_identify(openslam_gmapping) by extensions ['ros']
[1.613s] Level 1:colcon.colcon_core.package_identification:_identify(openslam_gmapping) by extension 'ros'
[1.622s] DEBUG:colcon.colcon_core.package_identification:Package 'openslam_gmapping' with type 'ros.ament_cmake' and name 'openslam_gmapping'
[1.623s] Level 1:colcon.colcon_core.package_identification:_identify(slam_gmapping) by extensions ['ignore', 'ignore_ament_install']
[1.623s] Level 1:colcon.colcon_core.package_identification:_identify(slam_gmapping) by extension 'ignore'
[1.623s] Level 1:colcon.colcon_core.package_identification:_identify(slam_gmapping) by extension 'ignore_ament_install'
[1.624s] Level 1:colcon.colcon_core.package_identification:_identify(slam_gmapping) by extensions ['colcon_pkg']
[1.624s] Level 1:colcon.colcon_core.package_identification:_identify(slam_gmapping) by extension 'colcon_pkg'
[1.624s] Level 1:colcon.colcon_core.package_identification:_identify(slam_gmapping) by extensions ['colcon_meta']
[1.624s] Level 1:colcon.colcon_core.package_identification:_identify(slam_gmapping) by extension 'colcon_meta'
[1.624s] Level 1:colcon.colcon_core.package_identification:_identify(slam_gmapping) by extensions ['ros']
[1.624s] Level 1:colcon.colcon_core.package_identification:_identify(slam_gmapping) by extension 'ros'
[1.635s] DEBUG:colcon.colcon_core.package_identification:Package 'slam_gmapping' with type 'ros.ament_cmake' and name 'slam_gmapping'
[1.635s] Level 1:colcon.colcon_core.package_identification:_identify(ydlidar_ros2_driver-master) by extensions ['ignore', 'ignore_ament_install']
[1.636s] Level 1:colcon.colcon_core.package_identification:_identify(ydlidar_ros2_driver-master) by extension 'ignore'
[1.636s] Level 1:colcon.colcon_core.package_identification:_identify(ydlidar_ros2_driver-master) by extension 'ignore_ament_install'
[1.636s] Level 1:colcon.colcon_core.package_identification:_identify(ydlidar_ros2_driver-master) by extensions ['colcon_pkg']
[1.637s] Level 1:colcon.colcon_core.package_identification:_identify(ydlidar_ros2_driver-master) by extension 'colcon_pkg'
[1.637s] Level 1:colcon.colcon_core.package_identification:_identify(ydlidar_ros2_driver-master) by extensions ['colcon_meta']
[1.637s] Level 1:colcon.colcon_core.package_identification:_identify(ydlidar_ros2_driver-master) by extension 'colcon_meta'
[1.637s] Level 1:colcon.colcon_core.package_identification:_identify(ydlidar_ros2_driver-master) by extensions ['ros']
[1.637s] Level 1:colcon.colcon_core.package_identification:_identify(ydlidar_ros2_driver-master) by extension 'ros'
[1.640s] DEBUG:colcon.colcon_core.package_identification:Package 'ydlidar_ros2_driver-master' with type 'ros.ament_cmake' and name 'ydlidar_ros2_driver'
[1.640s] Level 1:colcon.colcon_core.package_discovery:discover_packages(recursive) using defaults
[1.640s] Level 1:colcon.colcon_core.package_discovery:discover_packages(ignore) discover
[1.640s] Level 1:colcon.colcon_core.package_discovery:discover_packages(ignore) using defaults
[1.640s] Level 1:colcon.colcon_core.package_discovery:discover_packages(path) discover
[1.641s] Level 1:colcon.colcon_core.package_discovery:discover_packages(path) using defaults
[1.704s] Level 1:colcon.colcon_core.package_discovery:discover_packages(prefix_path) check parameters
[1.704s] Level 1:colcon.colcon_core.package_discovery:discover_packages(prefix_path) discover
[1.719s] DEBUG:colcon.colcon_installed_package_information.package_discovery:Found 256 installed packages in /opt/ros/foxy
[1.726s] Level 1:colcon.colcon_core.package_discovery:discover_packages(prefix_path) using defaults
[2.128s] Level 5:colcon.colcon_core.verb:set package 'openslam_gmapping' build argument 'cmake_args' from command line to 'None'
[2.128s] Level 5:colcon.colcon_core.verb:set package 'openslam_gmapping' build argument 'cmake_target' from command line to 'None'
[2.129s] Level 5:colcon.colcon_core.verb:set package 'openslam_gmapping' build argument 'cmake_target_skip_unavailable' from command line to 'False'
[2.129s] Level 5:colcon.colcon_core.verb:set package 'openslam_gmapping' build argument 'cmake_clean_cache' from command line to 'False'
[2.129s] Level 5:colcon.colcon_core.verb:set package 'openslam_gmapping' build argument 'cmake_clean_first' from command line to 'False'
[2.129s] Level 5:colcon.colcon_core.verb:set package 'openslam_gmapping' build argument 'cmake_force_configure' from command line to 'False'
[2.129s] Level 5:colcon.colcon_core.verb:set package 'openslam_gmapping' build argument 'ament_cmake_args' from command line to 'None'
[2.129s] Level 5:colcon.colcon_core.verb:set package 'openslam_gmapping' build argument 'catkin_cmake_args' from command line to 'None'
[2.129s] Level 5:colcon.colcon_core.verb:set package 'openslam_gmapping' build argument 'catkin_skip_building_tests' from command line to 'False'
[2.129s] DEBUG:colcon.colcon_core.verb:Building package 'openslam_gmapping' with the following arguments: {'ament_cmake_args': None, 'build_base': '/home/datn/ydlidar_ws/build/openslam_gmapping', 'catkin_cmake_args': None, 'catkin_skip_building_tests': False, 'cmake_args': None, 'cmake_clean_cache': False, 'cmake_clean_first': False, 'cmake_force_configure': False, 'cmake_target': None, 'cmake_target_skip_unavailable': False, 'install_base': '/home/datn/ydlidar_ws/install/openslam_gmapping', 'merge_install': False, 'path': '/home/datn/ydlidar_ws/openslam_gmapping', 'symlink_install': True, 'test_result_base': None}
[2.131s] Level 5:colcon.colcon_core.verb:set package 'ydlidar_ros2_driver' build argument 'cmake_args' from command line to 'None'
[2.131s] Level 5:colcon.colcon_core.verb:set package 'ydlidar_ros2_driver' build argument 'cmake_target' from command line to 'None'
[2.131s] Level 5:colcon.colcon_core.verb:set package 'ydlidar_ros2_driver' build argument 'cmake_target_skip_unavailable' from command line to 'False'
[2.132s] Level 5:colcon.colcon_core.verb:set package 'ydlidar_ros2_driver' build argument 'cmake_clean_cache' from command line to 'False'
[2.132s] Level 5:colcon.colcon_core.verb:set package 'ydlidar_ros2_driver' build argument 'cmake_clean_first' from command line to 'False'
[2.132s] Level 5:colcon.colcon_core.verb:set package 'ydlidar_ros2_driver' build argument 'cmake_force_configure' from command line to 'False'
[2.132s] Level 5:colcon.colcon_core.verb:set package 'ydlidar_ros2_driver' build argument 'ament_cmake_args' from command line to 'None'
[2.132s] Level 5:colcon.colcon_core.verb:set package 'ydlidar_ros2_driver' build argument 'catkin_cmake_args' from command line to 'None'
[2.132s] Level 5:colcon.colcon_core.verb:set package 'ydlidar_ros2_driver' build argument 'catkin_skip_building_tests' from command line to 'False'
[2.132s] DEBUG:colcon.colcon_core.verb:Building package 'ydlidar_ros2_driver' with the following arguments: {'ament_cmake_args': None, 'build_base': '/home/datn/ydlidar_ws/build/ydlidar_ros2_driver', 'catkin_cmake_args': None, 'catkin_skip_building_tests': False, 'cmake_args': None, 'cmake_clean_cache': False, 'cmake_clean_first': False, 'cmake_force_configure': False, 'cmake_target': None, 'cmake_target_skip_unavailable': False, 'install_base': '/home/datn/ydlidar_ws/install/ydlidar_ros2_driver', 'merge_install': False, 'path': '/home/datn/ydlidar_ws/ydlidar_ros2_driver-master', 'symlink_install': True, 'test_result_base': None}
[2.134s] Level 5:colcon.colcon_core.verb:set package 'slam_gmapping' build argument 'cmake_args' from command line to 'None'
[2.134s] Level 5:colcon.colcon_core.verb:set package 'slam_gmapping' build argument 'cmake_target' from command line to 'None'
[2.134s] Level 5:colcon.colcon_core.verb:set package 'slam_gmapping' build argument 'cmake_target_skip_unavailable' from command line to 'False'
[2.134s] Level 5:colcon.colcon_core.verb:set package 'slam_gmapping' build argument 'cmake_clean_cache' from command line to 'False'
[2.134s] Level 5:colcon.colcon_core.verb:set package 'slam_gmapping' build argument 'cmake_clean_first' from command line to 'False'
[2.135s] Level 5:colcon.colcon_core.verb:set package 'slam_gmapping' build argument 'cmake_force_configure' from command line to 'False'
[2.135s] Level 5:colcon.colcon_core.verb:set package 'slam_gmapping' build argument 'ament_cmake_args' from command line to 'None'
[2.135s] Level 5:colcon.colcon_core.verb:set package 'slam_gmapping' build argument 'catkin_cmake_args' from command line to 'None'
[2.135s] Level 5:colcon.colcon_core.verb:set package 'slam_gmapping' build argument 'catkin_skip_building_tests' from command line to 'False'
[2.135s] DEBUG:colcon.colcon_core.verb:Building package 'slam_gmapping' with the following arguments: {'ament_cmake_args': None, 'build_base': '/home/datn/ydlidar_ws/build/slam_gmapping', 'catkin_cmake_args': None, 'catkin_skip_building_tests': False, 'cmake_args': None, 'cmake_clean_cache': False, 'cmake_clean_first': False, 'cmake_force_configure': False, 'cmake_target': None, 'cmake_target_skip_unavailable': False, 'install_base': '/home/datn/ydlidar_ws/install/slam_gmapping', 'merge_install': False, 'path': '/home/datn/ydlidar_ws/slam_gmapping', 'symlink_install': True, 'test_result_base': None}
[2.136s] INFO:colcon.colcon_core.executor:Executing jobs using 'parallel' executor
[2.139s] DEBUG:colcon.colcon_parallel_executor.executor.parallel:run_until_complete
[2.140s] INFO:colcon.colcon_ros.task.ament_cmake.build:Building ROS package in '/home/datn/ydlidar_ws/openslam_gmapping' with build type 'ament_cmake'
[2.141s] INFO:colcon.colcon_cmake.task.cmake.build:Building CMake package in '/home/datn/ydlidar_ws/openslam_gmapping'
[2.150s] INFO:colcon.colcon_core.plugin_system:Skipping extension 'colcon_core.shell.bat': Not used on non-Windows systems
[2.151s] INFO:colcon.colcon_core.shell:Skip shell extension 'powershell' for command environment: Not usable outside of PowerShell
[2.151s] DEBUG:colcon.colcon_core.shell:Skip shell extension 'dsv' for command environment
[2.172s] INFO:colcon.colcon_ros.task.ament_cmake.build:Building ROS package in '/home/datn/ydlidar_ws/ydlidar_ros2_driver-master' with build type 'ament_cmake'
[2.173s] INFO:colcon.colcon_cmake.task.cmake.build:Building CMake package in '/home/datn/ydlidar_ws/ydlidar_ros2_driver-master'
[2.175s] INFO:colcon.colcon_core.shell:Skip shell extension 'powershell' for command environment: Not usable outside of PowerShell
[2.175s] DEBUG:colcon.colcon_core.shell:Skip shell extension 'dsv' for command environment
[2.209s] DEBUG:colcon.colcon_core.event_handler.log_command:Invoking command in '/home/datn/ydlidar_ws/build/openslam_gmapping': CMAKE_PREFIX_PATH=/opt/ros/foxy /usr/bin/cmake /home/datn/ydlidar_ws/openslam_gmapping -DAMENT_CMAKE_SYMLINK_INSTALL=1 -DCMAKE_INSTALL_PREFIX=/home/datn/ydlidar_ws/install/openslam_gmapping
[2.244s] DEBUG:colcon.colcon_core.event_handler.log_command:Invoking command in '/home/datn/ydlidar_ws/build/ydlidar_ros2_driver': CMAKE_PREFIX_PATH=/opt/ros/foxy /usr/bin/cmake /home/datn/ydlidar_ws/ydlidar_ros2_driver-master -DAMENT_CMAKE_SYMLINK_INSTALL=1 -DCMAKE_INSTALL_PREFIX=/home/datn/ydlidar_ws/install/ydlidar_ros2_driver
[6.002s] DEBUG:colcon.colcon_core.event_handler.log_command:Invoked command in '/home/datn/ydlidar_ws/build/openslam_gmapping' returned '0': CMAKE_PREFIX_PATH=/opt/ros/foxy /usr/bin/cmake /home/datn/ydlidar_ws/openslam_gmapping -DAMENT_CMAKE_SYMLINK_INSTALL=1 -DCMAKE_INSTALL_PREFIX=/home/datn/ydlidar_ws/install/openslam_gmapping
[6.015s] DEBUG:colcon.colcon_core.event_handler.log_command:Invoking command in '/home/datn/ydlidar_ws/build/openslam_gmapping': CMAKE_PREFIX_PATH=/opt/ros/foxy /usr/bin/cmake --build /home/datn/ydlidar_ws/build/openslam_gmapping -- -j4 -l4
[14.003s] DEBUG:colcon.colcon_core.event_handler.log_command:Invoked command in '/home/datn/ydlidar_ws/build/ydlidar_ros2_driver' returned '0': CMAKE_PREFIX_PATH=/opt/ros/foxy /usr/bin/cmake /home/datn/ydlidar_ws/ydlidar_ros2_driver-master -DAMENT_CMAKE_SYMLINK_INSTALL=1 -DCMAKE_INSTALL_PREFIX=/home/datn/ydlidar_ws/install/ydlidar_ros2_driver
[14.016s] DEBUG:colcon.colcon_core.event_handler.log_command:Invoking command in '/home/datn/ydlidar_ws/build/ydlidar_ros2_driver': CMAKE_PREFIX_PATH=/opt/ros/foxy /usr/bin/cmake --build /home/datn/ydlidar_ws/build/ydlidar_ros2_driver -- -j4 -l4
[30.971s] DEBUG:colcon.colcon_core.event_handler.log_command:Invoked command in '/home/datn/ydlidar_ws/build/openslam_gmapping' returned '0': CMAKE_PREFIX_PATH=/opt/ros/foxy /usr/bin/cmake --build /home/datn/ydlidar_ws/build/openslam_gmapping -- -j4 -l4
[31.158s] DEBUG:colcon.colcon_core.event_handler.log_command:Invoking command in '/home/datn/ydlidar_ws/build/openslam_gmapping': CMAKE_PREFIX_PATH=/opt/ros/foxy /usr/bin/cmake --install /home/datn/ydlidar_ws/build/openslam_gmapping
[33.283s] Level 1:colcon.colcon_core.environment:create_environment_scripts_only(openslam_gmapping)
[33.285s] DEBUG:colcon.colcon_core.event_handler.log_command:Invoked command in '/home/datn/ydlidar_ws/build/openslam_gmapping' returned '0': CMAKE_PREFIX_PATH=/opt/ros/foxy /usr/bin/cmake --install /home/datn/ydlidar_ws/build/openslam_gmapping
[33.301s] Level 1:colcon.colcon_core.environment:checking '/home/datn/ydlidar_ws/install/openslam_gmapping' for CMake module files
[33.305s] Level 1:colcon.colcon_core.environment:checking '/home/datn/ydlidar_ws/install/openslam_gmapping' for CMake config files
[33.312s] Level 1:colcon.colcon_core.shell:create_environment_hook('openslam_gmapping', 'cmake_prefix_path')
[33.314s] INFO:colcon.colcon_core.shell:Creating environment hook '/home/datn/ydlidar_ws/install/openslam_gmapping/share/openslam_gmapping/hook/cmake_prefix_path.ps1'
[33.318s] INFO:colcon.colcon_core.shell:Creating environment descriptor '/home/datn/ydlidar_ws/install/openslam_gmapping/share/openslam_gmapping/hook/cmake_prefix_path.dsv'
[33.320s] INFO:colcon.colcon_core.shell:Creating environment hook '/home/datn/ydlidar_ws/install/openslam_gmapping/share/openslam_gmapping/hook/cmake_prefix_path.sh'
[33.326s] Level 1:colcon.colcon_core.environment:checking '/home/datn/ydlidar_ws/install/openslam_gmapping/lib'
[33.327s] Level 1:colcon.colcon_core.environment:checking '/home/datn/ydlidar_ws/install/openslam_gmapping/bin'
[33.328s] Level 1:colcon.colcon_core.environment:checking '/home/datn/ydlidar_ws/install/openslam_gmapping/lib/pkgconfig/openslam_gmapping.pc'
[33.330s] Level 1:colcon.colcon_core.environment:checking '/home/datn/ydlidar_ws/install/openslam_gmapping/lib/python3.8/site-packages'
[33.331s] Level 1:colcon.colcon_core.environment:checking '/home/datn/ydlidar_ws/install/openslam_gmapping/bin'
[33.333s] INFO:colcon.colcon_core.shell:Creating package script '/home/datn/ydlidar_ws/install/openslam_gmapping/share/openslam_gmapping/package.ps1'
[33.338s] INFO:colcon.colcon_core.shell:Creating package descriptor '/home/datn/ydlidar_ws/install/openslam_gmapping/share/openslam_gmapping/package.dsv'
[33.341s] INFO:colcon.colcon_core.shell:Creating package script '/home/datn/ydlidar_ws/install/openslam_gmapping/share/openslam_gmapping/package.sh'
[33.345s] INFO:colcon.colcon_core.shell:Creating package script '/home/datn/ydlidar_ws/install/openslam_gmapping/share/openslam_gmapping/package.bash'
[33.349s] INFO:colcon.colcon_core.shell:Creating package script '/home/datn/ydlidar_ws/install/openslam_gmapping/share/openslam_gmapping/package.zsh'
[33.353s] Level 1:colcon.colcon_core.environment:create_file_with_runtime_dependencies(/home/datn/ydlidar_ws/install/openslam_gmapping/share/colcon-core/packages/openslam_gmapping)
[33.485s] Level 1:colcon.colcon_core.environment:create_environment_scripts_only(openslam_gmapping)
[33.487s] Level 1:colcon.colcon_core.environment:checking '/home/datn/ydlidar_ws/install/openslam_gmapping' for CMake module files
[33.491s] Level 1:colcon.colcon_core.environment:checking '/home/datn/ydlidar_ws/install/openslam_gmapping' for CMake config files
[33.498s] Level 1:colcon.colcon_core.shell:create_environment_hook('openslam_gmapping', 'cmake_prefix_path')
[33.499s] INFO:colcon.colcon_core.shell:Creating environment hook '/home/datn/ydlidar_ws/install/openslam_gmapping/share/openslam_gmapping/hook/cmake_prefix_path.ps1'
[33.502s] INFO:colcon.colcon_core.shell:Creating environment descriptor '/home/datn/ydlidar_ws/install/openslam_gmapping/share/openslam_gmapping/hook/cmake_prefix_path.dsv'
[33.504s] INFO:colcon.colcon_core.shell:Creating environment hook '/home/datn/ydlidar_ws/install/openslam_gmapping/share/openslam_gmapping/hook/cmake_prefix_path.sh'
[33.509s] Level 1:colcon.colcon_core.environment:checking '/home/datn/ydlidar_ws/install/openslam_gmapping/lib'
[33.510s] Level 1:colcon.colcon_core.environment:checking '/home/datn/ydlidar_ws/install/openslam_gmapping/bin'
[33.510s] Level 1:colcon.colcon_core.environment:checking '/home/datn/ydlidar_ws/install/openslam_gmapping/lib/pkgconfig/openslam_gmapping.pc'
[33.511s] Level 1:colcon.colcon_core.environment:checking '/home/datn/ydlidar_ws/install/openslam_gmapping/lib/python3.8/site-packages'
[33.513s] Level 1:colcon.colcon_core.environment:checking '/home/datn/ydlidar_ws/install/openslam_gmapping/bin'
[33.515s] INFO:colcon.colcon_core.shell:Creating package script '/home/datn/ydlidar_ws/install/openslam_gmapping/share/openslam_gmapping/package.ps1'
[33.518s] INFO:colcon.colcon_core.shell:Creating package descriptor '/home/datn/ydlidar_ws/install/openslam_gmapping/share/openslam_gmapping/package.dsv'
[33.521s] INFO:colcon.colcon_core.shell:Creating package script '/home/datn/ydlidar_ws/install/openslam_gmapping/share/openslam_gmapping/package.sh'
[33.525s] INFO:colcon.colcon_core.shell:Creating package script '/home/datn/ydlidar_ws/install/openslam_gmapping/share/openslam_gmapping/package.bash'
[33.528s] INFO:colcon.colcon_core.shell:Creating package script '/home/datn/ydlidar_ws/install/openslam_gmapping/share/openslam_gmapping/package.zsh'
[33.531s] Level 1:colcon.colcon_core.environment:create_file_with_runtime_dependencies(/home/datn/ydlidar_ws/install/openslam_gmapping/share/colcon-core/packages/openslam_gmapping)
[33.533s] INFO:colcon.colcon_ros.task.ament_cmake.build:Building ROS package in '/home/datn/ydlidar_ws/slam_gmapping' with build type 'ament_cmake'
[33.534s] INFO:colcon.colcon_cmake.task.cmake.build:Building CMake package in '/home/datn/ydlidar_ws/slam_gmapping'
[33.536s] INFO:colcon.colcon_core.shell:Skip shell extension 'powershell' for command environment: Not usable outside of PowerShell
[33.536s] DEBUG:colcon.colcon_core.shell:Skip shell extension 'dsv' for command environment
[33.592s] DEBUG:colcon.colcon_core.event_handler.log_command:Invoking command in '/home/datn/ydlidar_ws/build/slam_gmapping': AMENT_PREFIX_PATH=/home/datn/ydlidar_ws/install/openslam_gmapping:${AMENT_PREFIX_PATH} CMAKE_PREFIX_PATH=/home/datn/ydlidar_ws/install/openslam_gmapping:/opt/ros/foxy LD_LIBRARY_PATH=/home/datn/ydlidar_ws/install/openslam_gmapping/lib:${LD_LIBRARY_PATH} /usr/bin/cmake /home/datn/ydlidar_ws/slam_gmapping -DAMENT_CMAKE_SYMLINK_INSTALL=1 -DCMAKE_INSTALL_PREFIX=/home/datn/ydlidar_ws/install/slam_gmapping
[42.316s] DEBUG:colcon.colcon_core.event_handler.log_command:Invoked command in '/home/datn/ydlidar_ws/build/ydlidar_ros2_driver' returned '0': CMAKE_PREFIX_PATH=/opt/ros/foxy /usr/bin/cmake --build /home/datn/ydlidar_ws/build/ydlidar_ros2_driver -- -j4 -l4
[42.446s] DEBUG:colcon.colcon_core.event_handler.log_command:Invoking command in '/home/datn/ydlidar_ws/build/ydlidar_ros2_driver': CMAKE_PREFIX_PATH=/opt/ros/foxy /usr/bin/cmake --install /home/datn/ydlidar_ws/build/ydlidar_ros2_driver
[43.643s] Level 1:colcon.colcon_core.environment:create_environment_scripts_only(ydlidar_ros2_driver)
[43.644s] Level 1:colcon.colcon_core.environment:checking '/home/datn/ydlidar_ws/install/ydlidar_ros2_driver' for CMake module files
[43.646s] DEBUG:colcon.colcon_core.event_handler.log_command:Invoked command in '/home/datn/ydlidar_ws/build/ydlidar_ros2_driver' returned '0': CMAKE_PREFIX_PATH=/opt/ros/foxy /usr/bin/cmake --install /home/datn/ydlidar_ws/build/ydlidar_ros2_driver
[43.649s] Level 1:colcon.colcon_core.environment:checking '/home/datn/ydlidar_ws/install/ydlidar_ros2_driver' for CMake config files
[43.653s] Level 1:colcon.colcon_core.shell:create_environment_hook('ydlidar_ros2_driver', 'cmake_prefix_path')
[43.654s] INFO:colcon.colcon_core.shell:Creating environment hook '/home/datn/ydlidar_ws/install/ydlidar_ros2_driver/share/ydlidar_ros2_driver/hook/cmake_prefix_path.ps1'
[43.656s] INFO:colcon.colcon_core.shell:Creating environment descriptor '/home/datn/ydlidar_ws/install/ydlidar_ros2_driver/share/ydlidar_ros2_driver/hook/cmake_prefix_path.dsv'
[43.658s] INFO:colcon.colcon_core.shell:Creating environment hook '/home/datn/ydlidar_ws/install/ydlidar_ros2_driver/share/ydlidar_ros2_driver/hook/cmake_prefix_path.sh'
[43.661s] Level 1:colcon.colcon_core.environment:checking '/home/datn/ydlidar_ws/install/ydlidar_ros2_driver/lib'
[43.661s] Level 1:colcon.colcon_core.environment:checking '/home/datn/ydlidar_ws/install/ydlidar_ros2_driver/bin'
[43.662s] Level 1:colcon.colcon_core.environment:checking '/home/datn/ydlidar_ws/install/ydlidar_ros2_driver/lib/pkgconfig/ydlidar_ros2_driver.pc'
[43.663s] Level 1:colcon.colcon_core.environment:checking '/home/datn/ydlidar_ws/install/ydlidar_ros2_driver/lib/python3.8/site-packages'
[43.663s] Level 1:colcon.colcon_core.environment:checking '/home/datn/ydlidar_ws/install/ydlidar_ros2_driver/bin'
[43.665s] INFO:colcon.colcon_core.shell:Creating package script '/home/datn/ydlidar_ws/install/ydlidar_ros2_driver/share/ydlidar_ros2_driver/package.ps1'
[43.667s] INFO:colcon.colcon_core.shell:Creating package descriptor '/home/datn/ydlidar_ws/install/ydlidar_ros2_driver/share/ydlidar_ros2_driver/package.dsv'
[43.669s] INFO:colcon.colcon_core.shell:Creating package script '/home/datn/ydlidar_ws/install/ydlidar_ros2_driver/share/ydlidar_ros2_driver/package.sh'
[43.671s] INFO:colcon.colcon_core.shell:Creating package script '/home/datn/ydlidar_ws/install/ydlidar_ros2_driver/share/ydlidar_ros2_driver/package.bash'
[43.673s] INFO:colcon.colcon_core.shell:Creating package script '/home/datn/ydlidar_ws/install/ydlidar_ros2_driver/share/ydlidar_ros2_driver/package.zsh'
[43.675s] Level 1:colcon.colcon_core.environment:create_file_with_runtime_dependencies(/home/datn/ydlidar_ws/install/ydlidar_ros2_driver/share/colcon-core/packages/ydlidar_ros2_driver)
[43.797s] Level 1:colcon.colcon_core.environment:create_environment_scripts_only(ydlidar_ros2_driver)
[43.799s] Level 1:colcon.colcon_core.environment:checking '/home/datn/ydlidar_ws/install/ydlidar_ros2_driver' for CMake module files
[43.802s] Level 1:colcon.colcon_core.environment:checking '/home/datn/ydlidar_ws/install/ydlidar_ros2_driver' for CMake config files
[43.806s] Level 1:colcon.colcon_core.shell:create_environment_hook('ydlidar_ros2_driver', 'cmake_prefix_path')
[43.807s] INFO:colcon.colcon_core.shell:Creating environment hook '/home/datn/ydlidar_ws/install/ydlidar_ros2_driver/share/ydlidar_ros2_driver/hook/cmake_prefix_path.ps1'
[43.809s] INFO:colcon.colcon_core.shell:Creating environment descriptor '/home/datn/ydlidar_ws/install/ydlidar_ros2_driver/share/ydlidar_ros2_driver/hook/cmake_prefix_path.dsv'
[43.811s] INFO:colcon.colcon_core.shell:Creating environment hook '/home/datn/ydlidar_ws/install/ydlidar_ros2_driver/share/ydlidar_ros2_driver/hook/cmake_prefix_path.sh'
[43.814s] Level 1:colcon.colcon_core.environment:checking '/home/datn/ydlidar_ws/install/ydlidar_ros2_driver/lib'
[43.814s] Level 1:colcon.colcon_core.environment:checking '/home/datn/ydlidar_ws/install/ydlidar_ros2_driver/bin'
[43.815s] Level 1:colcon.colcon_core.environment:checking '/home/datn/ydlidar_ws/install/ydlidar_ros2_driver/lib/pkgconfig/ydlidar_ros2_driver.pc'
[43.816s] Level 1:colcon.colcon_core.environment:checking '/home/datn/ydlidar_ws/install/ydlidar_ros2_driver/lib/python3.8/site-packages'
[43.817s] Level 1:colcon.colcon_core.environment:checking '/home/datn/ydlidar_ws/install/ydlidar_ros2_driver/bin'
[43.818s] INFO:colcon.colcon_core.shell:Creating package script '/home/datn/ydlidar_ws/install/ydlidar_ros2_driver/share/ydlidar_ros2_driver/package.ps1'
[43.821s] INFO:colcon.colcon_core.shell:Creating package descriptor '/home/datn/ydlidar_ws/install/ydlidar_ros2_driver/share/ydlidar_ros2_driver/package.dsv'
[43.823s] INFO:colcon.colcon_core.shell:Creating package script '/home/datn/ydlidar_ws/install/ydlidar_ros2_driver/share/ydlidar_ros2_driver/package.sh'
[43.825s] INFO:colcon.colcon_core.shell:Creating package script '/home/datn/ydlidar_ws/install/ydlidar_ros2_driver/share/ydlidar_ros2_driver/package.bash'
[43.828s] INFO:colcon.colcon_core.shell:Creating package script '/home/datn/ydlidar_ws/install/ydlidar_ros2_driver/share/ydlidar_ros2_driver/package.zsh'
[43.830s] Level 1:colcon.colcon_core.environment:create_file_with_runtime_dependencies(/home/datn/ydlidar_ws/install/ydlidar_ros2_driver/share/colcon-core/packages/ydlidar_ros2_driver)
[45.568s] DEBUG:colcon.colcon_core.event_handler.log_command:Invoked command in '/home/datn/ydlidar_ws/build/slam_gmapping' returned '0': AMENT_PREFIX_PATH=/home/datn/ydlidar_ws/install/openslam_gmapping:${AMENT_PREFIX_PATH} CMAKE_PREFIX_PATH=/home/datn/ydlidar_ws/install/openslam_gmapping:/opt/ros/foxy LD_LIBRARY_PATH=/home/datn/ydlidar_ws/install/openslam_gmapping/lib:${LD_LIBRARY_PATH} /usr/bin/cmake /home/datn/ydlidar_ws/slam_gmapping -DAMENT_CMAKE_SYMLINK_INSTALL=1 -DCMAKE_INSTALL_PREFIX=/home/datn/ydlidar_ws/install/slam_gmapping
[45.578s] DEBUG:colcon.colcon_core.event_handler.log_command:Invoking command in '/home/datn/ydlidar_ws/build/slam_gmapping': AMENT_PREFIX_PATH=/home/datn/ydlidar_ws/install/openslam_gmapping:${AMENT_PREFIX_PATH} CMAKE_PREFIX_PATH=/home/datn/ydlidar_ws/install/openslam_gmapping:/opt/ros/foxy LD_LIBRARY_PATH=/home/datn/ydlidar_ws/install/openslam_gmapping/lib:${LD_LIBRARY_PATH} /usr/bin/cmake --build /home/datn/ydlidar_ws/build/slam_gmapping -- -j4 -l4
[82.682s] DEBUG:colcon.colcon_core.event_handler.log_command:Invoked command in '/home/datn/ydlidar_ws/build/slam_gmapping' returned '0': AMENT_PREFIX_PATH=/home/datn/ydlidar_ws/install/openslam_gmapping:${AMENT_PREFIX_PATH} CMAKE_PREFIX_PATH=/home/datn/ydlidar_ws/install/openslam_gmapping:/opt/ros/foxy LD_LIBRARY_PATH=/home/datn/ydlidar_ws/install/openslam_gmapping/lib:${LD_LIBRARY_PATH} /usr/bin/cmake --build /home/datn/ydlidar_ws/build/slam_gmapping -- -j4 -l4
[82.830s] DEBUG:colcon.colcon_core.event_handler.log_command:Invoking command in '/home/datn/ydlidar_ws/build/slam_gmapping': AMENT_PREFIX_PATH=/home/datn/ydlidar_ws/install/openslam_gmapping:${AMENT_PREFIX_PATH} CMAKE_PREFIX_PATH=/home/datn/ydlidar_ws/install/openslam_gmapping:/opt/ros/foxy LD_LIBRARY_PATH=/home/datn/ydlidar_ws/install/openslam_gmapping/lib:${LD_LIBRARY_PATH} /usr/bin/cmake --install /home/datn/ydlidar_ws/build/slam_gmapping
[83.712s] Level 1:colcon.colcon_core.environment:create_environment_scripts_only(slam_gmapping)
[83.714s] Level 1:colcon.colcon_core.environment:checking '/home/datn/ydlidar_ws/install/slam_gmapping' for CMake module files
[83.716s] DEBUG:colcon.colcon_core.event_handler.log_command:Invoked command in '/home/datn/ydlidar_ws/build/slam_gmapping' returned '0': AMENT_PREFIX_PATH=/home/datn/ydlidar_ws/install/openslam_gmapping:${AMENT_PREFIX_PATH} CMAKE_PREFIX_PATH=/home/datn/ydlidar_ws/install/openslam_gmapping:/opt/ros/foxy LD_LIBRARY_PATH=/home/datn/ydlidar_ws/install/openslam_gmapping/lib:${LD_LIBRARY_PATH} /usr/bin/cmake --install /home/datn/ydlidar_ws/build/slam_gmapping
[83.720s] Level 1:colcon.colcon_core.environment:checking '/home/datn/ydlidar_ws/install/slam_gmapping' for CMake config files
[83.725s] Level 1:colcon.colcon_core.shell:create_environment_hook('slam_gmapping', 'cmake_prefix_path')
[83.726s] INFO:colcon.colcon_core.shell:Creating environment hook '/home/datn/ydlidar_ws/install/slam_gmapping/share/slam_gmapping/hook/cmake_prefix_path.ps1'
[83.728s] INFO:colcon.colcon_core.shell:Creating environment descriptor '/home/datn/ydlidar_ws/install/slam_gmapping/share/slam_gmapping/hook/cmake_prefix_path.dsv'
[83.730s] INFO:colcon.colcon_core.shell:Creating environment hook '/home/datn/ydlidar_ws/install/slam_gmapping/share/slam_gmapping/hook/cmake_prefix_path.sh'
[83.733s] Level 1:colcon.colcon_core.environment:checking '/home/datn/ydlidar_ws/install/slam_gmapping/lib'
[83.733s] Level 1:colcon.colcon_core.environment:checking '/home/datn/ydlidar_ws/install/slam_gmapping/bin'
[83.733s] Level 1:colcon.colcon_core.environment:checking '/home/datn/ydlidar_ws/install/slam_gmapping/lib/pkgconfig/slam_gmapping.pc'
[83.734s] Level 1:colcon.colcon_core.environment:checking '/home/datn/ydlidar_ws/install/slam_gmapping/lib/python3.8/site-packages'
[83.736s] Level 1:colcon.colcon_core.environment:checking '/home/datn/ydlidar_ws/install/slam_gmapping/bin'
[83.737s] INFO:colcon.colcon_core.shell:Creating package script '/home/datn/ydlidar_ws/install/slam_gmapping/share/slam_gmapping/package.ps1'
[83.739s] INFO:colcon.colcon_core.shell:Creating package descriptor '/home/datn/ydlidar_ws/install/slam_gmapping/share/slam_gmapping/package.dsv'
[83.741s] INFO:colcon.colcon_core.shell:Creating package script '/home/datn/ydlidar_ws/install/slam_gmapping/share/slam_gmapping/package.sh'
[83.743s] INFO:colcon.colcon_core.shell:Creating package script '/home/datn/ydlidar_ws/install/slam_gmapping/share/slam_gmapping/package.bash'
[83.745s] INFO:colcon.colcon_core.shell:Creating package script '/home/datn/ydlidar_ws/install/slam_gmapping/share/slam_gmapping/package.zsh'
[83.746s] Level 1:colcon.colcon_core.environment:create_file_with_runtime_dependencies(/home/datn/ydlidar_ws/install/slam_gmapping/share/colcon-core/packages/slam_gmapping)
[83.882s] Level 1:colcon.colcon_core.environment:create_environment_scripts_only(slam_gmapping)
[83.883s] Level 1:colcon.colcon_core.environment:checking '/home/datn/ydlidar_ws/install/slam_gmapping' for CMake module files
[83.887s] Level 1:colcon.colcon_core.environment:checking '/home/datn/ydlidar_ws/install/slam_gmapping' for CMake config files
[83.892s] Level 1:colcon.colcon_core.shell:create_environment_hook('slam_gmapping', 'cmake_prefix_path')
[83.893s] INFO:colcon.colcon_core.shell:Creating environment hook '/home/datn/ydlidar_ws/install/slam_gmapping/share/slam_gmapping/hook/cmake_prefix_path.ps1'
[83.895s] INFO:colcon.colcon_core.shell:Creating environment descriptor '/home/datn/ydlidar_ws/install/slam_gmapping/share/slam_gmapping/hook/cmake_prefix_path.dsv'
[83.897s] INFO:colcon.colcon_core.shell:Creating environment hook '/home/datn/ydlidar_ws/install/slam_gmapping/share/slam_gmapping/hook/cmake_prefix_path.sh'
[83.900s] Level 1:colcon.colcon_core.environment:checking '/home/datn/ydlidar_ws/install/slam_gmapping/lib'
[83.900s] Level 1:colcon.colcon_core.environment:checking '/home/datn/ydlidar_ws/install/slam_gmapping/bin'
[83.900s] Level 1:colcon.colcon_core.environment:checking '/home/datn/ydlidar_ws/install/slam_gmapping/lib/pkgconfig/slam_gmapping.pc'
[83.902s] Level 1:colcon.colcon_core.environment:checking '/home/datn/ydlidar_ws/install/slam_gmapping/lib/python3.8/site-packages'
[83.902s] Level 1:colcon.colcon_core.environment:checking '/home/datn/ydlidar_ws/install/slam_gmapping/bin'
[83.904s] INFO:colcon.colcon_core.shell:Creating package script '/home/datn/ydlidar_ws/install/slam_gmapping/share/slam_gmapping/package.ps1'
[83.906s] INFO:colcon.colcon_core.shell:Creating package descriptor '/home/datn/ydlidar_ws/install/slam_gmapping/share/slam_gmapping/package.dsv'
[83.908s] INFO:colcon.colcon_core.shell:Creating package script '/home/datn/ydlidar_ws/install/slam_gmapping/share/slam_gmapping/package.sh'
[83.910s] INFO:colcon.colcon_core.shell:Creating package script '/home/datn/ydlidar_ws/install/slam_gmapping/share/slam_gmapping/package.bash'
[83.912s] INFO:colcon.colcon_core.shell:Creating package script '/home/datn/ydlidar_ws/install/slam_gmapping/share/slam_gmapping/package.zsh'
[83.914s] Level 1:colcon.colcon_core.environment:create_file_with_runtime_dependencies(/home/datn/ydlidar_ws/install/slam_gmapping/share/colcon-core/packages/slam_gmapping)
[83.915s] DEBUG:colcon.colcon_parallel_executor.executor.parallel:closing loop
[83.916s] DEBUG:colcon.colcon_parallel_executor.executor.parallel:loop closed
[83.916s] DEBUG:colcon.colcon_parallel_executor.executor.parallel:run_until_complete finished with '0'
[83.917s] DEBUG:colcon.colcon_core.event_reactor:joining thread
[83.944s] INFO:colcon.colcon_core.plugin_system:Skipping extension 'colcon_notification.desktop_notification.terminal_notifier': Not used on non-Darwin systems
[83.944s] INFO:colcon.colcon_core.plugin_system:Skipping extension 'colcon_notification.desktop_notification.win32': Not used on non-Windows systems
[83.944s] INFO:colcon.colcon_notification.desktop_notification:Sending desktop notification using 'notify2'
[83.960s] DEBUG:colcon.colcon_core.event_reactor:joined thread
[83.961s] INFO:colcon.colcon_core.shell:Creating prefix script '/home/datn/ydlidar_ws/install/local_setup.ps1'
[83.966s] INFO:colcon.colcon_core.shell:Creating prefix util module '/home/datn/ydlidar_ws/install/_local_setup_util_ps1.py'
[83.972s] INFO:colcon.colcon_core.shell:Creating prefix chain script '/home/datn/ydlidar_ws/install/setup.ps1'
[83.977s] INFO:colcon.colcon_core.shell:Creating prefix script '/home/datn/ydlidar_ws/install/local_setup.sh'
[83.979s] INFO:colcon.colcon_core.shell:Creating prefix util module '/home/datn/ydlidar_ws/install/_local_setup_util_sh.py'
[83.981s] INFO:colcon.colcon_core.shell:Creating prefix chain script '/home/datn/ydlidar_ws/install/setup.sh'
[83.986s] INFO:colcon.colcon_core.shell:Creating prefix script '/home/datn/ydlidar_ws/install/local_setup.bash'
[83.988s] INFO:colcon.colcon_core.shell:Creating prefix chain script '/home/datn/ydlidar_ws/install/setup.bash'
[83.993s] INFO:colcon.colcon_core.shell:Creating prefix script '/home/datn/ydlidar_ws/install/local_setup.zsh'
[83.995s] INFO:colcon.colcon_core.shell:Creating prefix chain script '/home/datn/ydlidar_ws/install/setup.zsh'
