[0.081s] Invoking command in '/home/datn/ydlidar_ws/build/ydlidar_ros2_driver': CMAKE_PREFIX_PATH=/opt/ros/foxy /usr/bin/cmake --build /home/datn/ydlidar_ws/build/ydlidar_ros2_driver -- -j4 -l4
[0.420s] [ 50%] Built target ydlidar_ros2_driver_client
[0.433s] [100%] Built target ydlidar_ros2_driver_node
[0.476s] Invoked command in '/home/datn/ydlidar_ws/build/ydlidar_ros2_driver' returned '0': CMAKE_PREFIX_PATH=/opt/ros/foxy /usr/bin/cmake --build /home/datn/ydlidar_ws/build/ydlidar_ros2_driver -- -j4 -l4
[0.655s] Invoking command in '/home/datn/ydlidar_ws/build/ydlidar_ros2_driver': CMAKE_PREFIX_PATH=/opt/ros/foxy /usr/bin/cmake --install /home/datn/ydlidar_ws/build/ydlidar_ros2_driver
[0.693s] -- Install configuration: ""
[0.695s] -- Execute custom install script
[0.697s] -- Up-to-date symlink: /home/datn/ydlidar_ws/install/ydlidar_ros2_driver/lib/ydlidar_ros2_driver/ydlidar_ros2_driver_node
[0.699s] -- Up-to-date symlink: /home/datn/ydlidar_ws/install/ydlidar_ros2_driver/lib/ydlidar_ros2_driver/ydlidar_ros2_driver_client
[0.703s] -- Up-to-date symlink: /home/datn/ydlidar_ws/install/ydlidar_ros2_driver/share/ydlidar_ros2_driver/launch/4ros_ydlidar_launch.py
[0.704s] -- Up-to-date symlink: /home/datn/ydlidar_ws/install/ydlidar_ros2_driver/share/ydlidar_ros2_driver/launch/__pycache__/ydlidar_launch.cpython-36.pyc
[0.705s] -- Up-to-date symlink: /home/datn/ydlidar_ws/install/ydlidar_ros2_driver/share/ydlidar_ros2_driver/launch/__pycache__/ydlidar_launch_view.cpython-36.pyc
[0.706s] -- Up-to-date symlink: /home/datn/ydlidar_ws/install/ydlidar_ros2_driver/share/ydlidar_ros2_driver/launch/test_gmapping_launch.py
[0.707s] -- Up-to-date symlink: /home/datn/ydlidar_ws/install/ydlidar_ros2_driver/share/ydlidar_ros2_driver/launch/view_ydlidar_launch.py
[0.708s] -- Up-to-date symlink: /home/datn/ydlidar_ws/install/ydlidar_ros2_driver/share/ydlidar_ros2_driver/launch/x3.py
[0.709s] -- Up-to-date symlink: /home/datn/ydlidar_ws/install/ydlidar_ros2_driver/share/ydlidar_ros2_driver/launch/x3_view.py
[0.711s] -- Up-to-date symlink: /home/datn/ydlidar_ws/install/ydlidar_ros2_driver/share/ydlidar_ros2_driver/launch/ydlidar.py
[0.712s] -- Up-to-date symlink: /home/datn/ydlidar_ws/install/ydlidar_ros2_driver/share/ydlidar_ros2_driver/launch/ydlidar_4ros_view_launch.py
[0.713s] -- Up-to-date symlink: /home/datn/ydlidar_ws/install/ydlidar_ros2_driver/share/ydlidar_ros2_driver/launch/ydlidar_launch.py
[0.714s] -- Up-to-date symlink: /home/datn/ydlidar_ws/install/ydlidar_ros2_driver/share/ydlidar_ros2_driver/launch/ydlidar_raw_launch.py
[0.716s] -- Up-to-date symlink: /home/datn/ydlidar_ws/install/ydlidar_ros2_driver/share/ydlidar_ros2_driver/params/ydlidar.yaml
[0.717s] -- Up-to-date symlink: /home/datn/ydlidar_ws/install/ydlidar_ros2_driver/share/ydlidar_ros2_driver/params/ydlidar_4ros.yaml
[0.719s] -- Up-to-date symlink: /home/datn/ydlidar_ws/install/ydlidar_ros2_driver/share/ydlidar_ros2_driver/params/ydlidar_x3.yaml
[0.721s] -- Up-to-date symlink: /home/datn/ydlidar_ws/install/ydlidar_ros2_driver/share/ydlidar_ros2_driver/startup/initenv.sh
[0.723s] -- Up-to-date symlink: /home/datn/ydlidar_ws/install/ydlidar_ros2_driver/share/ydlidar_ros2_driver/config/test_gmapping.rviz
[0.724s] -- Up-to-date symlink: /home/datn/ydlidar_ws/install/ydlidar_ros2_driver/share/ydlidar_ros2_driver/config/ydlidar.rviz
[0.726s] -- Up-to-date symlink: /home/datn/ydlidar_ws/install/ydlidar_ros2_driver/share/ament_index/resource_index/package_run_dependencies/ydlidar_ros2_driver
[0.728s] -- Up-to-date symlink: /home/datn/ydlidar_ws/install/ydlidar_ros2_driver/share/ament_index/resource_index/parent_prefix_path/ydlidar_ros2_driver
[0.730s] -- Up-to-date symlink: /home/datn/ydlidar_ws/install/ydlidar_ros2_driver/share/ydlidar_ros2_driver/environment/ament_prefix_path.sh
[0.731s] -- Up-to-date symlink: /home/datn/ydlidar_ws/install/ydlidar_ros2_driver/share/ydlidar_ros2_driver/environment/ament_prefix_path.dsv
[0.733s] -- Up-to-date symlink: /home/datn/ydlidar_ws/install/ydlidar_ros2_driver/share/ydlidar_ros2_driver/environment/path.sh
[0.734s] -- Up-to-date symlink: /home/datn/ydlidar_ws/install/ydlidar_ros2_driver/share/ydlidar_ros2_driver/environment/path.dsv
[0.736s] -- Up-to-date symlink: /home/datn/ydlidar_ws/install/ydlidar_ros2_driver/share/ydlidar_ros2_driver/local_setup.bash
[0.737s] -- Up-to-date symlink: /home/datn/ydlidar_ws/install/ydlidar_ros2_driver/share/ydlidar_ros2_driver/local_setup.sh
[0.739s] -- Up-to-date symlink: /home/datn/ydlidar_ws/install/ydlidar_ros2_driver/share/ydlidar_ros2_driver/local_setup.zsh
[0.741s] -- Up-to-date symlink: /home/datn/ydlidar_ws/install/ydlidar_ros2_driver/share/ydlidar_ros2_driver/local_setup.dsv
[0.742s] -- Symlinking: /home/datn/ydlidar_ws/install/ydlidar_ros2_driver/share/ydlidar_ros2_driver/package.dsv
[0.781s] -- Up-to-date symlink: /home/datn/ydlidar_ws/install/ydlidar_ros2_driver/share/ament_index/resource_index/packages/ydlidar_ros2_driver
[0.783s] -- Up-to-date symlink: /home/datn/ydlidar_ws/install/ydlidar_ros2_driver/share/ydlidar_ros2_driver/cmake/ydlidar_ros2_driverConfig.cmake
[0.785s] -- Up-to-date symlink: /home/datn/ydlidar_ws/install/ydlidar_ros2_driver/share/ydlidar_ros2_driver/cmake/ydlidar_ros2_driverConfig-version.cmake
[0.787s] -- Up-to-date symlink: /home/datn/ydlidar_ws/install/ydlidar_ros2_driver/share/ydlidar_ros2_driver/package.xml
[0.809s] Invoked command in '/home/datn/ydlidar_ws/build/ydlidar_ros2_driver' returned '0': CMAKE_PREFIX_PATH=/opt/ros/foxy /usr/bin/cmake --install /home/datn/ydlidar_ws/build/ydlidar_ros2_driver
