[0.822s] DEBUG:colcon:Command line arguments: ['/usr/bin/colcon', 'build', '--symlink-install']
[0.823s] DEBUG:colcon:Parsed command line arguments: Namespace(allow_overriding=[], ament_cmake_args=None, base_paths=['.'], build_base='build', catkin_cmake_args=None, catkin_skip_building_tests=False, cmake_args=None, cmake_clean_cache=False, cmake_clean_first=False, cmake_force_configure=False, cmake_target=None, cmake_target_skip_unavailable=False, continue_on_error=False, event_handlers=None, executor='parallel', ignore_user_meta=False, install_base='install', log_base=None, log_level=None, main=<bound method BuildVerb.main of <colcon_core.verb.build.BuildVerb object at 0xffff85ca5d90>>, merge_install=False, metas=['./colcon.meta'], packages_above=None, packages_above_and_dependencies=None, packages_above_depth=None, packages_end=None, packages_ignore=None, packages_ignore_regex=None, packages_select=None, packages_select_build_failed=False, packages_select_by_dep=None, packages_select_regex=None, packages_select_test_failures=False, packages_skip=None, packages_skip_build_finished=False, packages_skip_by_dep=None, packages_skip_regex=None, packages_skip_test_passed=False, packages_skip_up_to=None, packages_start=None, packages_up_to=None, packages_up_to_regex=None, parallel_workers=4, paths=None, symlink_install=True, test_result_base=None, verb_extension=<colcon_core.verb.build.BuildVerb object at 0xffff85ca5d90>, verb_name='build', verb_parser=<colcon_defaults.argument_parser.defaults.DefaultArgumentsDecorator object at 0xffff85b95820>)
[1.545s] Level 1:colcon.colcon_core.package_discovery:discover_packages(colcon_meta) check parameters
[1.546s] Level 1:colcon.colcon_core.package_discovery:discover_packages(recursive) check parameters
[1.546s] Level 1:colcon.colcon_core.package_discovery:discover_packages(ignore) check parameters
[1.546s] Level 1:colcon.colcon_core.package_discovery:discover_packages(path) check parameters
[1.546s] Level 1:colcon.colcon_core.package_discovery:discover_packages(colcon_meta) discover
[1.546s] Level 1:colcon.colcon_core.package_discovery:discover_packages(recursive) discover
[1.546s] INFO:colcon.colcon_core.package_discovery:Crawling recursively for packages in '/home/datn/ydlidar_ws'
[1.547s] Level 1:colcon.colcon_core.package_identification:_identify(.) by extensions ['ignore', 'ignore_ament_install']
[1.547s] Level 1:colcon.colcon_core.package_identification:_identify(.) by extension 'ignore'
[1.548s] Level 1:colcon.colcon_core.package_identification:_identify(.) by extension 'ignore_ament_install'
[1.548s] Level 1:colcon.colcon_core.package_identification:_identify(.) by extensions ['colcon_pkg']
[1.548s] Level 1:colcon.colcon_core.package_identification:_identify(.) by extension 'colcon_pkg'
[1.548s] Level 1:colcon.colcon_core.package_identification:_identify(.) by extensions ['colcon_meta']
[1.548s] Level 1:colcon.colcon_core.package_identification:_identify(.) by extension 'colcon_meta'
[1.548s] Level 1:colcon.colcon_core.package_identification:_identify(.) by extensions ['ros']
[1.549s] Level 1:colcon.colcon_core.package_identification:_identify(.) by extension 'ros'
[1.595s] Level 1:colcon.colcon_core.package_identification:_identify(.) by extensions ['cmake', 'python']
[1.595s] Level 1:colcon.colcon_core.package_identification:_identify(.) by extension 'cmake'
[1.595s] Level 1:colcon.colcon_core.package_identification:_identify(.) by extension 'python'
[1.595s] Level 1:colcon.colcon_core.package_identification:_identify(.) by extensions ['python_setup_py']
[1.596s] Level 1:colcon.colcon_core.package_identification:_identify(.) by extension 'python_setup_py'
[1.596s] Level 1:colcon.colcon_core.package_identification:_identify(build) by extensions ['ignore', 'ignore_ament_install']
[1.596s] Level 1:colcon.colcon_core.package_identification:_identify(build) by extension 'ignore'
[1.597s] Level 1:colcon.colcon_core.package_identification:_identify(build) ignored
[1.597s] Level 1:colcon.colcon_core.package_identification:_identify(install) by extensions ['ignore', 'ignore_ament_install']
[1.598s] Level 1:colcon.colcon_core.package_identification:_identify(install) by extension 'ignore'
[1.598s] Level 1:colcon.colcon_core.package_identification:_identify(install) ignored
[1.598s] Level 1:colcon.colcon_core.package_identification:_identify(log) by extensions ['ignore', 'ignore_ament_install']
[1.599s] Level 1:colcon.colcon_core.package_identification:_identify(log) by extension 'ignore'
[1.599s] Level 1:colcon.colcon_core.package_identification:_identify(log) ignored
[1.600s] Level 1:colcon.colcon_core.package_identification:_identify(openslam_gmapping) by extensions ['ignore', 'ignore_ament_install']
[1.600s] Level 1:colcon.colcon_core.package_identification:_identify(openslam_gmapping) by extension 'ignore'
[1.600s] Level 1:colcon.colcon_core.package_identification:_identify(openslam_gmapping) by extension 'ignore_ament_install'
[1.600s] Level 1:colcon.colcon_core.package_identification:_identify(openslam_gmapping) by extensions ['colcon_pkg']
[1.601s] Level 1:colcon.colcon_core.package_identification:_identify(openslam_gmapping) by extension 'colcon_pkg'
[1.601s] Level 1:colcon.colcon_core.package_identification:_identify(openslam_gmapping) by extensions ['colcon_meta']
[1.601s] Level 1:colcon.colcon_core.package_identification:_identify(openslam_gmapping) by extension 'colcon_meta'
[1.601s] Level 1:colcon.colcon_core.package_identification:_identify(openslam_gmapping) by extensions ['ros']
[1.601s] Level 1:colcon.colcon_core.package_identification:_identify(openslam_gmapping) by extension 'ros'
[1.610s] DEBUG:colcon.colcon_core.package_identification:Package 'openslam_gmapping' with type 'ros.ament_cmake' and name 'openslam_gmapping'
[1.611s] Level 1:colcon.colcon_core.package_identification:_identify(slam_gmapping) by extensions ['ignore', 'ignore_ament_install']
[1.611s] Level 1:colcon.colcon_core.package_identification:_identify(slam_gmapping) by extension 'ignore'
[1.611s] Level 1:colcon.colcon_core.package_identification:_identify(slam_gmapping) by extension 'ignore_ament_install'
[1.612s] Level 1:colcon.colcon_core.package_identification:_identify(slam_gmapping) by extensions ['colcon_pkg']
[1.612s] Level 1:colcon.colcon_core.package_identification:_identify(slam_gmapping) by extension 'colcon_pkg'
[1.612s] Level 1:colcon.colcon_core.package_identification:_identify(slam_gmapping) by extensions ['colcon_meta']
[1.612s] Level 1:colcon.colcon_core.package_identification:_identify(slam_gmapping) by extension 'colcon_meta'
[1.612s] Level 1:colcon.colcon_core.package_identification:_identify(slam_gmapping) by extensions ['ros']
[1.612s] Level 1:colcon.colcon_core.package_identification:_identify(slam_gmapping) by extension 'ros'
[1.623s] DEBUG:colcon.colcon_core.package_identification:Package 'slam_gmapping' with type 'ros.ament_cmake' and name 'slam_gmapping'
[1.624s] Level 1:colcon.colcon_core.package_identification:_identify(ydlidar_ros2_driver-master) by extensions ['ignore', 'ignore_ament_install']
[1.624s] Level 1:colcon.colcon_core.package_identification:_identify(ydlidar_ros2_driver-master) by extension 'ignore'
[1.624s] Level 1:colcon.colcon_core.package_identification:_identify(ydlidar_ros2_driver-master) by extension 'ignore_ament_install'
[1.625s] Level 1:colcon.colcon_core.package_identification:_identify(ydlidar_ros2_driver-master) by extensions ['colcon_pkg']
[1.625s] Level 1:colcon.colcon_core.package_identification:_identify(ydlidar_ros2_driver-master) by extension 'colcon_pkg'
[1.625s] Level 1:colcon.colcon_core.package_identification:_identify(ydlidar_ros2_driver-master) by extensions ['colcon_meta']
[1.625s] Level 1:colcon.colcon_core.package_identification:_identify(ydlidar_ros2_driver-master) by extension 'colcon_meta'
[1.625s] Level 1:colcon.colcon_core.package_identification:_identify(ydlidar_ros2_driver-master) by extensions ['ros']
[1.625s] Level 1:colcon.colcon_core.package_identification:_identify(ydlidar_ros2_driver-master) by extension 'ros'
[1.628s] DEBUG:colcon.colcon_core.package_identification:Package 'ydlidar_ros2_driver-master' with type 'ros.ament_cmake' and name 'ydlidar_ros2_driver'
[1.628s] Level 1:colcon.colcon_core.package_discovery:discover_packages(recursive) using defaults
[1.628s] Level 1:colcon.colcon_core.package_discovery:discover_packages(ignore) discover
[1.629s] Level 1:colcon.colcon_core.package_discovery:discover_packages(ignore) using defaults
[1.629s] Level 1:colcon.colcon_core.package_discovery:discover_packages(path) discover
[1.629s] Level 1:colcon.colcon_core.package_discovery:discover_packages(path) using defaults
[1.692s] Level 1:colcon.colcon_core.package_discovery:discover_packages(prefix_path) check parameters
[1.692s] Level 1:colcon.colcon_core.package_discovery:discover_packages(prefix_path) discover
[1.707s] DEBUG:colcon.colcon_installed_package_information.package_discovery:Found 256 installed packages in /opt/ros/foxy
[1.714s] Level 1:colcon.colcon_core.package_discovery:discover_packages(prefix_path) using defaults
[2.115s] Level 5:colcon.colcon_core.verb:set package 'openslam_gmapping' build argument 'cmake_args' from command line to 'None'
[2.115s] Level 5:colcon.colcon_core.verb:set package 'openslam_gmapping' build argument 'cmake_target' from command line to 'None'
[2.115s] Level 5:colcon.colcon_core.verb:set package 'openslam_gmapping' build argument 'cmake_target_skip_unavailable' from command line to 'False'
[2.115s] Level 5:colcon.colcon_core.verb:set package 'openslam_gmapping' build argument 'cmake_clean_cache' from command line to 'False'
[2.115s] Level 5:colcon.colcon_core.verb:set package 'openslam_gmapping' build argument 'cmake_clean_first' from command line to 'False'
[2.115s] Level 5:colcon.colcon_core.verb:set package 'openslam_gmapping' build argument 'cmake_force_configure' from command line to 'False'
[2.116s] Level 5:colcon.colcon_core.verb:set package 'openslam_gmapping' build argument 'ament_cmake_args' from command line to 'None'
[2.116s] Level 5:colcon.colcon_core.verb:set package 'openslam_gmapping' build argument 'catkin_cmake_args' from command line to 'None'
[2.116s] Level 5:colcon.colcon_core.verb:set package 'openslam_gmapping' build argument 'catkin_skip_building_tests' from command line to 'False'
[2.116s] DEBUG:colcon.colcon_core.verb:Building package 'openslam_gmapping' with the following arguments: {'ament_cmake_args': None, 'build_base': '/home/datn/ydlidar_ws/build/openslam_gmapping', 'catkin_cmake_args': None, 'catkin_skip_building_tests': False, 'cmake_args': None, 'cmake_clean_cache': False, 'cmake_clean_first': False, 'cmake_force_configure': False, 'cmake_target': None, 'cmake_target_skip_unavailable': False, 'install_base': '/home/datn/ydlidar_ws/install/openslam_gmapping', 'merge_install': False, 'path': '/home/datn/ydlidar_ws/openslam_gmapping', 'symlink_install': True, 'test_result_base': None}
[2.118s] Level 5:colcon.colcon_core.verb:set package 'ydlidar_ros2_driver' build argument 'cmake_args' from command line to 'None'
[2.118s] Level 5:colcon.colcon_core.verb:set package 'ydlidar_ros2_driver' build argument 'cmake_target' from command line to 'None'
[2.118s] Level 5:colcon.colcon_core.verb:set package 'ydlidar_ros2_driver' build argument 'cmake_target_skip_unavailable' from command line to 'False'
[2.118s] Level 5:colcon.colcon_core.verb:set package 'ydlidar_ros2_driver' build argument 'cmake_clean_cache' from command line to 'False'
[2.118s] Level 5:colcon.colcon_core.verb:set package 'ydlidar_ros2_driver' build argument 'cmake_clean_first' from command line to 'False'
[2.118s] Level 5:colcon.colcon_core.verb:set package 'ydlidar_ros2_driver' build argument 'cmake_force_configure' from command line to 'False'
[2.118s] Level 5:colcon.colcon_core.verb:set package 'ydlidar_ros2_driver' build argument 'ament_cmake_args' from command line to 'None'
[2.119s] Level 5:colcon.colcon_core.verb:set package 'ydlidar_ros2_driver' build argument 'catkin_cmake_args' from command line to 'None'
[2.119s] Level 5:colcon.colcon_core.verb:set package 'ydlidar_ros2_driver' build argument 'catkin_skip_building_tests' from command line to 'False'
[2.119s] DEBUG:colcon.colcon_core.verb:Building package 'ydlidar_ros2_driver' with the following arguments: {'ament_cmake_args': None, 'build_base': '/home/datn/ydlidar_ws/build/ydlidar_ros2_driver', 'catkin_cmake_args': None, 'catkin_skip_building_tests': False, 'cmake_args': None, 'cmake_clean_cache': False, 'cmake_clean_first': False, 'cmake_force_configure': False, 'cmake_target': None, 'cmake_target_skip_unavailable': False, 'install_base': '/home/datn/ydlidar_ws/install/ydlidar_ros2_driver', 'merge_install': False, 'path': '/home/datn/ydlidar_ws/ydlidar_ros2_driver-master', 'symlink_install': True, 'test_result_base': None}
[2.121s] Level 5:colcon.colcon_core.verb:set package 'slam_gmapping' build argument 'cmake_args' from command line to 'None'
[2.121s] Level 5:colcon.colcon_core.verb:set package 'slam_gmapping' build argument 'cmake_target' from command line to 'None'
[2.121s] Level 5:colcon.colcon_core.verb:set package 'slam_gmapping' build argument 'cmake_target_skip_unavailable' from command line to 'False'
[2.121s] Level 5:colcon.colcon_core.verb:set package 'slam_gmapping' build argument 'cmake_clean_cache' from command line to 'False'
[2.121s] Level 5:colcon.colcon_core.verb:set package 'slam_gmapping' build argument 'cmake_clean_first' from command line to 'False'
[2.121s] Level 5:colcon.colcon_core.verb:set package 'slam_gmapping' build argument 'cmake_force_configure' from command line to 'False'
[2.121s] Level 5:colcon.colcon_core.verb:set package 'slam_gmapping' build argument 'ament_cmake_args' from command line to 'None'
[2.121s] Level 5:colcon.colcon_core.verb:set package 'slam_gmapping' build argument 'catkin_cmake_args' from command line to 'None'
[2.122s] Level 5:colcon.colcon_core.verb:set package 'slam_gmapping' build argument 'catkin_skip_building_tests' from command line to 'False'
[2.122s] DEBUG:colcon.colcon_core.verb:Building package 'slam_gmapping' with the following arguments: {'ament_cmake_args': None, 'build_base': '/home/datn/ydlidar_ws/build/slam_gmapping', 'catkin_cmake_args': None, 'catkin_skip_building_tests': False, 'cmake_args': None, 'cmake_clean_cache': False, 'cmake_clean_first': False, 'cmake_force_configure': False, 'cmake_target': None, 'cmake_target_skip_unavailable': False, 'install_base': '/home/datn/ydlidar_ws/install/slam_gmapping', 'merge_install': False, 'path': '/home/datn/ydlidar_ws/slam_gmapping', 'symlink_install': True, 'test_result_base': None}
[2.122s] INFO:colcon.colcon_core.executor:Executing jobs using 'parallel' executor
[2.126s] DEBUG:colcon.colcon_parallel_executor.executor.parallel:run_until_complete
[2.127s] INFO:colcon.colcon_ros.task.ament_cmake.build:Building ROS package in '/home/datn/ydlidar_ws/openslam_gmapping' with build type 'ament_cmake'
[2.128s] INFO:colcon.colcon_cmake.task.cmake.build:Building CMake package in '/home/datn/ydlidar_ws/openslam_gmapping'
[2.136s] INFO:colcon.colcon_core.plugin_system:Skipping extension 'colcon_core.shell.bat': Not used on non-Windows systems
[2.137s] INFO:colcon.colcon_core.shell:Skip shell extension 'powershell' for command environment: Not usable outside of PowerShell
[2.137s] DEBUG:colcon.colcon_core.shell:Skip shell extension 'dsv' for command environment
[2.158s] INFO:colcon.colcon_ros.task.ament_cmake.build:Building ROS package in '/home/datn/ydlidar_ws/ydlidar_ros2_driver-master' with build type 'ament_cmake'
[2.159s] INFO:colcon.colcon_cmake.task.cmake.build:Building CMake package in '/home/datn/ydlidar_ws/ydlidar_ros2_driver-master'
[2.161s] INFO:colcon.colcon_core.shell:Skip shell extension 'powershell' for command environment: Not usable outside of PowerShell
[2.162s] DEBUG:colcon.colcon_core.shell:Skip shell extension 'dsv' for command environment
[2.201s] DEBUG:colcon.colcon_core.event_handler.log_command:Invoking command in '/home/datn/ydlidar_ws/build/openslam_gmapping': CMAKE_PREFIX_PATH=/opt/ros/foxy /usr/bin/cmake --build /home/datn/ydlidar_ws/build/openslam_gmapping -- -j4 -l4
[2.240s] DEBUG:colcon.colcon_core.event_handler.log_command:Invoking command in '/home/datn/ydlidar_ws/build/ydlidar_ros2_driver': CMAKE_PREFIX_PATH=/opt/ros/foxy /usr/bin/cmake --build /home/datn/ydlidar_ws/build/ydlidar_ros2_driver -- -j4 -l4
[2.623s] DEBUG:colcon.colcon_core.event_handler.log_command:Invoked command in '/home/datn/ydlidar_ws/build/ydlidar_ros2_driver' returned '0': CMAKE_PREFIX_PATH=/opt/ros/foxy /usr/bin/cmake --build /home/datn/ydlidar_ws/build/ydlidar_ros2_driver -- -j4 -l4
[2.808s] DEBUG:colcon.colcon_core.event_handler.log_command:Invoking command in '/home/datn/ydlidar_ws/build/ydlidar_ros2_driver': CMAKE_PREFIX_PATH=/opt/ros/foxy /usr/bin/cmake --install /home/datn/ydlidar_ws/build/ydlidar_ros2_driver
[2.818s] DEBUG:colcon.colcon_core.event_handler.log_command:Invoked command in '/home/datn/ydlidar_ws/build/openslam_gmapping' returned '0': CMAKE_PREFIX_PATH=/opt/ros/foxy /usr/bin/cmake --build /home/datn/ydlidar_ws/build/openslam_gmapping -- -j4 -l4
[2.953s] DEBUG:colcon.colcon_core.event_handler.log_command:Invoking command in '/home/datn/ydlidar_ws/build/openslam_gmapping': CMAKE_PREFIX_PATH=/opt/ros/foxy /usr/bin/cmake --install /home/datn/ydlidar_ws/build/openslam_gmapping
[2.960s] Level 1:colcon.colcon_core.environment:create_environment_scripts_only(ydlidar_ros2_driver)
[2.962s] DEBUG:colcon.colcon_core.event_handler.log_command:Invoked command in '/home/datn/ydlidar_ws/build/ydlidar_ros2_driver' returned '0': CMAKE_PREFIX_PATH=/opt/ros/foxy /usr/bin/cmake --install /home/datn/ydlidar_ws/build/ydlidar_ros2_driver
[2.980s] Level 1:colcon.colcon_core.environment:checking '/home/datn/ydlidar_ws/install/ydlidar_ros2_driver' for CMake module files
[2.984s] Level 1:colcon.colcon_core.environment:checking '/home/datn/ydlidar_ws/install/ydlidar_ros2_driver' for CMake config files
[2.988s] Level 1:colcon.colcon_core.shell:create_environment_hook('ydlidar_ros2_driver', 'cmake_prefix_path')
[2.990s] INFO:colcon.colcon_core.shell:Creating environment hook '/home/datn/ydlidar_ws/install/ydlidar_ros2_driver/share/ydlidar_ros2_driver/hook/cmake_prefix_path.ps1'
[2.994s] INFO:colcon.colcon_core.shell:Creating environment descriptor '/home/datn/ydlidar_ws/install/ydlidar_ros2_driver/share/ydlidar_ros2_driver/hook/cmake_prefix_path.dsv'
[2.997s] INFO:colcon.colcon_core.shell:Creating environment hook '/home/datn/ydlidar_ws/install/ydlidar_ros2_driver/share/ydlidar_ros2_driver/hook/cmake_prefix_path.sh'
[3.003s] Level 1:colcon.colcon_core.environment:checking '/home/datn/ydlidar_ws/install/ydlidar_ros2_driver/lib'
[3.005s] Level 1:colcon.colcon_core.environment:checking '/home/datn/ydlidar_ws/install/ydlidar_ros2_driver/bin'
[3.006s] Level 1:colcon.colcon_core.environment:checking '/home/datn/ydlidar_ws/install/ydlidar_ros2_driver/lib/pkgconfig/ydlidar_ros2_driver.pc'
[3.007s] Level 1:colcon.colcon_core.environment:checking '/home/datn/ydlidar_ws/install/ydlidar_ros2_driver/lib/python3.8/site-packages'
[3.009s] Level 1:colcon.colcon_core.environment:checking '/home/datn/ydlidar_ws/install/ydlidar_ros2_driver/bin'
[3.010s] INFO:colcon.colcon_core.shell:Creating package script '/home/datn/ydlidar_ws/install/ydlidar_ros2_driver/share/ydlidar_ros2_driver/package.ps1'
[3.017s] INFO:colcon.colcon_core.shell:Creating package descriptor '/home/datn/ydlidar_ws/install/ydlidar_ros2_driver/share/ydlidar_ros2_driver/package.dsv'
[3.021s] INFO:colcon.colcon_core.shell:Creating package script '/home/datn/ydlidar_ws/install/ydlidar_ros2_driver/share/ydlidar_ros2_driver/package.sh'
[3.025s] INFO:colcon.colcon_core.shell:Creating package script '/home/datn/ydlidar_ws/install/ydlidar_ros2_driver/share/ydlidar_ros2_driver/package.bash'
[3.032s] INFO:colcon.colcon_core.shell:Creating package script '/home/datn/ydlidar_ws/install/ydlidar_ros2_driver/share/ydlidar_ros2_driver/package.zsh'
[3.037s] Level 1:colcon.colcon_core.environment:create_file_with_runtime_dependencies(/home/datn/ydlidar_ws/install/ydlidar_ros2_driver/share/colcon-core/packages/ydlidar_ros2_driver)
[3.127s] Level 1:colcon.colcon_core.environment:create_environment_scripts_only(openslam_gmapping)
[3.128s] Level 1:colcon.colcon_core.environment:checking '/home/datn/ydlidar_ws/install/openslam_gmapping' for CMake module files
[3.131s] DEBUG:colcon.colcon_core.event_handler.log_command:Invoked command in '/home/datn/ydlidar_ws/build/openslam_gmapping' returned '0': CMAKE_PREFIX_PATH=/opt/ros/foxy /usr/bin/cmake --install /home/datn/ydlidar_ws/build/openslam_gmapping
[3.134s] Level 1:colcon.colcon_core.environment:checking '/home/datn/ydlidar_ws/install/openslam_gmapping' for CMake config files
[3.141s] Level 1:colcon.colcon_core.shell:create_environment_hook('openslam_gmapping', 'cmake_prefix_path')
[3.142s] INFO:colcon.colcon_core.shell:Creating environment hook '/home/datn/ydlidar_ws/install/openslam_gmapping/share/openslam_gmapping/hook/cmake_prefix_path.ps1'
[3.145s] INFO:colcon.colcon_core.shell:Creating environment descriptor '/home/datn/ydlidar_ws/install/openslam_gmapping/share/openslam_gmapping/hook/cmake_prefix_path.dsv'
[3.147s] INFO:colcon.colcon_core.shell:Creating environment hook '/home/datn/ydlidar_ws/install/openslam_gmapping/share/openslam_gmapping/hook/cmake_prefix_path.sh'
[3.150s] Level 1:colcon.colcon_core.environment:checking '/home/datn/ydlidar_ws/install/openslam_gmapping/lib'
[3.150s] Level 1:colcon.colcon_core.environment:checking '/home/datn/ydlidar_ws/install/openslam_gmapping/bin'
[3.151s] Level 1:colcon.colcon_core.environment:checking '/home/datn/ydlidar_ws/install/openslam_gmapping/lib/pkgconfig/openslam_gmapping.pc'
[3.152s] Level 1:colcon.colcon_core.environment:checking '/home/datn/ydlidar_ws/install/openslam_gmapping/lib/python3.8/site-packages'
[3.153s] Level 1:colcon.colcon_core.environment:checking '/home/datn/ydlidar_ws/install/openslam_gmapping/bin'
[3.154s] INFO:colcon.colcon_core.shell:Creating package script '/home/datn/ydlidar_ws/install/openslam_gmapping/share/openslam_gmapping/package.ps1'
[3.157s] INFO:colcon.colcon_core.shell:Creating package descriptor '/home/datn/ydlidar_ws/install/openslam_gmapping/share/openslam_gmapping/package.dsv'
[3.159s] INFO:colcon.colcon_core.shell:Creating package script '/home/datn/ydlidar_ws/install/openslam_gmapping/share/openslam_gmapping/package.sh'
[3.161s] INFO:colcon.colcon_core.shell:Creating package script '/home/datn/ydlidar_ws/install/openslam_gmapping/share/openslam_gmapping/package.bash'
[3.163s] INFO:colcon.colcon_core.shell:Creating package script '/home/datn/ydlidar_ws/install/openslam_gmapping/share/openslam_gmapping/package.zsh'
[3.165s] Level 1:colcon.colcon_core.environment:create_file_with_runtime_dependencies(/home/datn/ydlidar_ws/install/openslam_gmapping/share/colcon-core/packages/openslam_gmapping)
[3.180s] Level 1:colcon.colcon_core.environment:create_environment_scripts_only(ydlidar_ros2_driver)
[3.181s] Level 1:colcon.colcon_core.environment:checking '/home/datn/ydlidar_ws/install/ydlidar_ros2_driver' for CMake module files
[3.185s] Level 1:colcon.colcon_core.environment:checking '/home/datn/ydlidar_ws/install/ydlidar_ros2_driver' for CMake config files
[3.189s] Level 1:colcon.colcon_core.shell:create_environment_hook('ydlidar_ros2_driver', 'cmake_prefix_path')
[3.190s] INFO:colcon.colcon_core.shell:Creating environment hook '/home/datn/ydlidar_ws/install/ydlidar_ros2_driver/share/ydlidar_ros2_driver/hook/cmake_prefix_path.ps1'
[3.193s] INFO:colcon.colcon_core.shell:Creating environment descriptor '/home/datn/ydlidar_ws/install/ydlidar_ros2_driver/share/ydlidar_ros2_driver/hook/cmake_prefix_path.dsv'
[3.195s] INFO:colcon.colcon_core.shell:Creating environment hook '/home/datn/ydlidar_ws/install/ydlidar_ros2_driver/share/ydlidar_ros2_driver/hook/cmake_prefix_path.sh'
[3.199s] Level 1:colcon.colcon_core.environment:checking '/home/datn/ydlidar_ws/install/ydlidar_ros2_driver/lib'
[3.199s] Level 1:colcon.colcon_core.environment:checking '/home/datn/ydlidar_ws/install/ydlidar_ros2_driver/bin'
[3.200s] Level 1:colcon.colcon_core.environment:checking '/home/datn/ydlidar_ws/install/ydlidar_ros2_driver/lib/pkgconfig/ydlidar_ros2_driver.pc'
[3.201s] Level 1:colcon.colcon_core.environment:checking '/home/datn/ydlidar_ws/install/ydlidar_ros2_driver/lib/python3.8/site-packages'
[3.202s] Level 1:colcon.colcon_core.environment:checking '/home/datn/ydlidar_ws/install/ydlidar_ros2_driver/bin'
[3.204s] INFO:colcon.colcon_core.shell:Creating package script '/home/datn/ydlidar_ws/install/ydlidar_ros2_driver/share/ydlidar_ros2_driver/package.ps1'
[3.206s] INFO:colcon.colcon_core.shell:Creating package descriptor '/home/datn/ydlidar_ws/install/ydlidar_ros2_driver/share/ydlidar_ros2_driver/package.dsv'
[3.209s] INFO:colcon.colcon_core.shell:Creating package script '/home/datn/ydlidar_ws/install/ydlidar_ros2_driver/share/ydlidar_ros2_driver/package.sh'
[3.211s] INFO:colcon.colcon_core.shell:Creating package script '/home/datn/ydlidar_ws/install/ydlidar_ros2_driver/share/ydlidar_ros2_driver/package.bash'
[3.214s] INFO:colcon.colcon_core.shell:Creating package script '/home/datn/ydlidar_ws/install/ydlidar_ros2_driver/share/ydlidar_ros2_driver/package.zsh'
[3.216s] Level 1:colcon.colcon_core.environment:create_file_with_runtime_dependencies(/home/datn/ydlidar_ws/install/ydlidar_ros2_driver/share/colcon-core/packages/ydlidar_ros2_driver)
[3.290s] Level 1:colcon.colcon_core.environment:create_environment_scripts_only(openslam_gmapping)
[3.291s] Level 1:colcon.colcon_core.environment:checking '/home/datn/ydlidar_ws/install/openslam_gmapping' for CMake module files
[3.295s] Level 1:colcon.colcon_core.environment:checking '/home/datn/ydlidar_ws/install/openslam_gmapping' for CMake config files
[3.301s] Level 1:colcon.colcon_core.shell:create_environment_hook('openslam_gmapping', 'cmake_prefix_path')
[3.303s] INFO:colcon.colcon_core.shell:Creating environment hook '/home/datn/ydlidar_ws/install/openslam_gmapping/share/openslam_gmapping/hook/cmake_prefix_path.ps1'
[3.305s] INFO:colcon.colcon_core.shell:Creating environment descriptor '/home/datn/ydlidar_ws/install/openslam_gmapping/share/openslam_gmapping/hook/cmake_prefix_path.dsv'
[3.307s] INFO:colcon.colcon_core.shell:Creating environment hook '/home/datn/ydlidar_ws/install/openslam_gmapping/share/openslam_gmapping/hook/cmake_prefix_path.sh'
[3.309s] Level 1:colcon.colcon_core.environment:checking '/home/datn/ydlidar_ws/install/openslam_gmapping/lib'
[3.310s] Level 1:colcon.colcon_core.environment:checking '/home/datn/ydlidar_ws/install/openslam_gmapping/bin'
[3.310s] Level 1:colcon.colcon_core.environment:checking '/home/datn/ydlidar_ws/install/openslam_gmapping/lib/pkgconfig/openslam_gmapping.pc'
[3.311s] Level 1:colcon.colcon_core.environment:checking '/home/datn/ydlidar_ws/install/openslam_gmapping/lib/python3.8/site-packages'
[3.312s] Level 1:colcon.colcon_core.environment:checking '/home/datn/ydlidar_ws/install/openslam_gmapping/bin'
[3.313s] INFO:colcon.colcon_core.shell:Creating package script '/home/datn/ydlidar_ws/install/openslam_gmapping/share/openslam_gmapping/package.ps1'
[3.315s] INFO:colcon.colcon_core.shell:Creating package descriptor '/home/datn/ydlidar_ws/install/openslam_gmapping/share/openslam_gmapping/package.dsv'
[3.317s] INFO:colcon.colcon_core.shell:Creating package script '/home/datn/ydlidar_ws/install/openslam_gmapping/share/openslam_gmapping/package.sh'
[3.319s] INFO:colcon.colcon_core.shell:Creating package script '/home/datn/ydlidar_ws/install/openslam_gmapping/share/openslam_gmapping/package.bash'
[3.321s] INFO:colcon.colcon_core.shell:Creating package script '/home/datn/ydlidar_ws/install/openslam_gmapping/share/openslam_gmapping/package.zsh'
[3.323s] Level 1:colcon.colcon_core.environment:create_file_with_runtime_dependencies(/home/datn/ydlidar_ws/install/openslam_gmapping/share/colcon-core/packages/openslam_gmapping)
[3.324s] INFO:colcon.colcon_ros.task.ament_cmake.build:Building ROS package in '/home/datn/ydlidar_ws/slam_gmapping' with build type 'ament_cmake'
[3.325s] INFO:colcon.colcon_cmake.task.cmake.build:Building CMake package in '/home/datn/ydlidar_ws/slam_gmapping'
[3.326s] INFO:colcon.colcon_core.shell:Skip shell extension 'powershell' for command environment: Not usable outside of PowerShell
[3.327s] DEBUG:colcon.colcon_core.shell:Skip shell extension 'dsv' for command environment
[3.378s] DEBUG:colcon.colcon_core.event_handler.log_command:Invoking command in '/home/datn/ydlidar_ws/build/slam_gmapping': AMENT_PREFIX_PATH=/home/datn/ydlidar_ws/install/openslam_gmapping:${AMENT_PREFIX_PATH} CMAKE_PREFIX_PATH=/home/datn/ydlidar_ws/install/openslam_gmapping:/opt/ros/foxy LD_LIBRARY_PATH=/home/datn/ydlidar_ws/install/openslam_gmapping/lib:${LD_LIBRARY_PATH} /usr/bin/cmake --build /home/datn/ydlidar_ws/build/slam_gmapping -- -j4 -l4
[3.770s] DEBUG:colcon.colcon_core.event_handler.log_command:Invoked command in '/home/datn/ydlidar_ws/build/slam_gmapping' returned '0': AMENT_PREFIX_PATH=/home/datn/ydlidar_ws/install/openslam_gmapping:${AMENT_PREFIX_PATH} CMAKE_PREFIX_PATH=/home/datn/ydlidar_ws/install/openslam_gmapping:/opt/ros/foxy LD_LIBRARY_PATH=/home/datn/ydlidar_ws/install/openslam_gmapping/lib:${LD_LIBRARY_PATH} /usr/bin/cmake --build /home/datn/ydlidar_ws/build/slam_gmapping -- -j4 -l4
[3.920s] DEBUG:colcon.colcon_core.event_handler.log_command:Invoking command in '/home/datn/ydlidar_ws/build/slam_gmapping': AMENT_PREFIX_PATH=/home/datn/ydlidar_ws/install/openslam_gmapping:${AMENT_PREFIX_PATH} CMAKE_PREFIX_PATH=/home/datn/ydlidar_ws/install/openslam_gmapping:/opt/ros/foxy LD_LIBRARY_PATH=/home/datn/ydlidar_ws/install/openslam_gmapping/lib:${LD_LIBRARY_PATH} /usr/bin/cmake --install /home/datn/ydlidar_ws/build/slam_gmapping
[4.035s] Level 1:colcon.colcon_core.environment:create_environment_scripts_only(slam_gmapping)
[4.036s] Level 1:colcon.colcon_core.environment:checking '/home/datn/ydlidar_ws/install/slam_gmapping' for CMake module files
[4.039s] DEBUG:colcon.colcon_core.event_handler.log_command:Invoked command in '/home/datn/ydlidar_ws/build/slam_gmapping' returned '0': AMENT_PREFIX_PATH=/home/datn/ydlidar_ws/install/openslam_gmapping:${AMENT_PREFIX_PATH} CMAKE_PREFIX_PATH=/home/datn/ydlidar_ws/install/openslam_gmapping:/opt/ros/foxy LD_LIBRARY_PATH=/home/datn/ydlidar_ws/install/openslam_gmapping/lib:${LD_LIBRARY_PATH} /usr/bin/cmake --install /home/datn/ydlidar_ws/build/slam_gmapping
[4.042s] Level 1:colcon.colcon_core.environment:checking '/home/datn/ydlidar_ws/install/slam_gmapping' for CMake config files
[4.047s] Level 1:colcon.colcon_core.shell:create_environment_hook('slam_gmapping', 'cmake_prefix_path')
[4.048s] INFO:colcon.colcon_core.shell:Creating environment hook '/home/datn/ydlidar_ws/install/slam_gmapping/share/slam_gmapping/hook/cmake_prefix_path.ps1'
[4.050s] INFO:colcon.colcon_core.shell:Creating environment descriptor '/home/datn/ydlidar_ws/install/slam_gmapping/share/slam_gmapping/hook/cmake_prefix_path.dsv'
[4.052s] INFO:colcon.colcon_core.shell:Creating environment hook '/home/datn/ydlidar_ws/install/slam_gmapping/share/slam_gmapping/hook/cmake_prefix_path.sh'
[4.054s] Level 1:colcon.colcon_core.environment:checking '/home/datn/ydlidar_ws/install/slam_gmapping/lib'
[4.055s] Level 1:colcon.colcon_core.environment:checking '/home/datn/ydlidar_ws/install/slam_gmapping/bin'
[4.055s] Level 1:colcon.colcon_core.environment:checking '/home/datn/ydlidar_ws/install/slam_gmapping/lib/pkgconfig/slam_gmapping.pc'
[4.056s] Level 1:colcon.colcon_core.environment:checking '/home/datn/ydlidar_ws/install/slam_gmapping/lib/python3.8/site-packages'
[4.057s] Level 1:colcon.colcon_core.environment:checking '/home/datn/ydlidar_ws/install/slam_gmapping/bin'
[4.058s] INFO:colcon.colcon_core.shell:Creating package script '/home/datn/ydlidar_ws/install/slam_gmapping/share/slam_gmapping/package.ps1'
[4.060s] INFO:colcon.colcon_core.shell:Creating package descriptor '/home/datn/ydlidar_ws/install/slam_gmapping/share/slam_gmapping/package.dsv'
[4.062s] INFO:colcon.colcon_core.shell:Creating package script '/home/datn/ydlidar_ws/install/slam_gmapping/share/slam_gmapping/package.sh'
[4.065s] INFO:colcon.colcon_core.shell:Creating package script '/home/datn/ydlidar_ws/install/slam_gmapping/share/slam_gmapping/package.bash'
[4.066s] INFO:colcon.colcon_core.shell:Creating package script '/home/datn/ydlidar_ws/install/slam_gmapping/share/slam_gmapping/package.zsh'
[4.068s] Level 1:colcon.colcon_core.environment:create_file_with_runtime_dependencies(/home/datn/ydlidar_ws/install/slam_gmapping/share/colcon-core/packages/slam_gmapping)
[4.204s] Level 1:colcon.colcon_core.environment:create_environment_scripts_only(slam_gmapping)
[4.205s] Level 1:colcon.colcon_core.environment:checking '/home/datn/ydlidar_ws/install/slam_gmapping' for CMake module files
[4.209s] Level 1:colcon.colcon_core.environment:checking '/home/datn/ydlidar_ws/install/slam_gmapping' for CMake config files
[4.213s] Level 1:colcon.colcon_core.shell:create_environment_hook('slam_gmapping', 'cmake_prefix_path')
[4.214s] INFO:colcon.colcon_core.shell:Creating environment hook '/home/datn/ydlidar_ws/install/slam_gmapping/share/slam_gmapping/hook/cmake_prefix_path.ps1'
[4.216s] INFO:colcon.colcon_core.shell:Creating environment descriptor '/home/datn/ydlidar_ws/install/slam_gmapping/share/slam_gmapping/hook/cmake_prefix_path.dsv'
[4.218s] INFO:colcon.colcon_core.shell:Creating environment hook '/home/datn/ydlidar_ws/install/slam_gmapping/share/slam_gmapping/hook/cmake_prefix_path.sh'
[4.220s] Level 1:colcon.colcon_core.environment:checking '/home/datn/ydlidar_ws/install/slam_gmapping/lib'
[4.221s] Level 1:colcon.colcon_core.environment:checking '/home/datn/ydlidar_ws/install/slam_gmapping/bin'
[4.221s] Level 1:colcon.colcon_core.environment:checking '/home/datn/ydlidar_ws/install/slam_gmapping/lib/pkgconfig/slam_gmapping.pc'
[4.222s] Level 1:colcon.colcon_core.environment:checking '/home/datn/ydlidar_ws/install/slam_gmapping/lib/python3.8/site-packages'
[4.223s] Level 1:colcon.colcon_core.environment:checking '/home/datn/ydlidar_ws/install/slam_gmapping/bin'
[4.224s] INFO:colcon.colcon_core.shell:Creating package script '/home/datn/ydlidar_ws/install/slam_gmapping/share/slam_gmapping/package.ps1'
[4.227s] INFO:colcon.colcon_core.shell:Creating package descriptor '/home/datn/ydlidar_ws/install/slam_gmapping/share/slam_gmapping/package.dsv'
[4.229s] INFO:colcon.colcon_core.shell:Creating package script '/home/datn/ydlidar_ws/install/slam_gmapping/share/slam_gmapping/package.sh'
[4.231s] INFO:colcon.colcon_core.shell:Creating package script '/home/datn/ydlidar_ws/install/slam_gmapping/share/slam_gmapping/package.bash'
[4.233s] INFO:colcon.colcon_core.shell:Creating package script '/home/datn/ydlidar_ws/install/slam_gmapping/share/slam_gmapping/package.zsh'
[4.235s] Level 1:colcon.colcon_core.environment:create_file_with_runtime_dependencies(/home/datn/ydlidar_ws/install/slam_gmapping/share/colcon-core/packages/slam_gmapping)
[4.236s] DEBUG:colcon.colcon_parallel_executor.executor.parallel:closing loop
[4.237s] DEBUG:colcon.colcon_parallel_executor.executor.parallel:loop closed
[4.238s] DEBUG:colcon.colcon_parallel_executor.executor.parallel:run_until_complete finished with '0'
[4.238s] DEBUG:colcon.colcon_core.event_reactor:joining thread
[4.263s] INFO:colcon.colcon_core.plugin_system:Skipping extension 'colcon_notification.desktop_notification.terminal_notifier': Not used on non-Darwin systems
[4.263s] INFO:colcon.colcon_core.plugin_system:Skipping extension 'colcon_notification.desktop_notification.win32': Not used on non-Windows systems
[4.263s] INFO:colcon.colcon_notification.desktop_notification:Sending desktop notification using 'notify2'
[4.277s] DEBUG:colcon.colcon_core.event_reactor:joined thread
[4.279s] INFO:colcon.colcon_core.shell:Creating prefix script '/home/datn/ydlidar_ws/install/local_setup.ps1'
[4.283s] INFO:colcon.colcon_core.shell:Creating prefix util module '/home/datn/ydlidar_ws/install/_local_setup_util_ps1.py'
[4.289s] INFO:colcon.colcon_core.shell:Creating prefix chain script '/home/datn/ydlidar_ws/install/setup.ps1'
[4.294s] INFO:colcon.colcon_core.shell:Creating prefix script '/home/datn/ydlidar_ws/install/local_setup.sh'
[4.296s] INFO:colcon.colcon_core.shell:Creating prefix util module '/home/datn/ydlidar_ws/install/_local_setup_util_sh.py'
[4.298s] INFO:colcon.colcon_core.shell:Creating prefix chain script '/home/datn/ydlidar_ws/install/setup.sh'
[4.303s] INFO:colcon.colcon_core.shell:Creating prefix script '/home/datn/ydlidar_ws/install/local_setup.bash'
[4.305s] INFO:colcon.colcon_core.shell:Creating prefix chain script '/home/datn/ydlidar_ws/install/setup.bash'
[4.310s] INFO:colcon.colcon_core.shell:Creating prefix script '/home/datn/ydlidar_ws/install/local_setup.zsh'
[4.312s] INFO:colcon.colcon_core.shell:Creating prefix chain script '/home/datn/ydlidar_ws/install/setup.zsh'
