[0.833s] DEBUG:colcon:Command line arguments: ['/usr/bin/colcon', 'build', '--symlink-install']
[0.833s] DEBUG:colcon:Parsed command line arguments: Namespace(allow_overriding=[], ament_cmake_args=None, base_paths=['.'], build_base='build', catkin_cmake_args=None, catkin_skip_building_tests=False, cmake_args=None, cmake_clean_cache=False, cmake_clean_first=False, cmake_force_configure=False, cmake_target=None, cmake_target_skip_unavailable=False, continue_on_error=False, event_handlers=None, executor='parallel', ignore_user_meta=False, install_base='install', log_base=None, log_level=None, main=<bound method BuildVerb.main of <colcon_core.verb.build.BuildVerb object at 0xffffa5a4cd90>>, merge_install=False, metas=['./colcon.meta'], packages_above=None, packages_above_and_dependencies=None, packages_above_depth=None, packages_end=None, packages_ignore=None, packages_ignore_regex=None, packages_select=None, packages_select_build_failed=False, packages_select_by_dep=None, packages_select_regex=None, packages_select_test_failures=False, packages_skip=None, packages_skip_build_finished=False, packages_skip_by_dep=None, packages_skip_regex=None, packages_skip_test_passed=False, packages_skip_up_to=None, packages_start=None, packages_up_to=None, packages_up_to_regex=None, parallel_workers=4, paths=None, symlink_install=True, test_result_base=None, verb_extension=<colcon_core.verb.build.BuildVerb object at 0xffffa5a4cd90>, verb_name='build', verb_parser=<colcon_defaults.argument_parser.defaults.DefaultArgumentsDecorator object at 0xffffa593b820>)
[1.553s] Level 1:colcon.colcon_core.package_discovery:discover_packages(colcon_meta) check parameters
[1.553s] Level 1:colcon.colcon_core.package_discovery:discover_packages(recursive) check parameters
[1.554s] Level 1:colcon.colcon_core.package_discovery:discover_packages(ignore) check parameters
[1.554s] Level 1:colcon.colcon_core.package_discovery:discover_packages(path) check parameters
[1.554s] Level 1:colcon.colcon_core.package_discovery:discover_packages(colcon_meta) discover
[1.554s] Level 1:colcon.colcon_core.package_discovery:discover_packages(recursive) discover
[1.554s] INFO:colcon.colcon_core.package_discovery:Crawling recursively for packages in '/home/datn/ydlidar_ws'
[1.555s] Level 1:colcon.colcon_core.package_identification:_identify(.) by extensions ['ignore', 'ignore_ament_install']
[1.555s] Level 1:colcon.colcon_core.package_identification:_identify(.) by extension 'ignore'
[1.555s] Level 1:colcon.colcon_core.package_identification:_identify(.) by extension 'ignore_ament_install'
[1.556s] Level 1:colcon.colcon_core.package_identification:_identify(.) by extensions ['colcon_pkg']
[1.556s] Level 1:colcon.colcon_core.package_identification:_identify(.) by extension 'colcon_pkg'
[1.556s] Level 1:colcon.colcon_core.package_identification:_identify(.) by extensions ['colcon_meta']
[1.556s] Level 1:colcon.colcon_core.package_identification:_identify(.) by extension 'colcon_meta'
[1.556s] Level 1:colcon.colcon_core.package_identification:_identify(.) by extensions ['ros']
[1.556s] Level 1:colcon.colcon_core.package_identification:_identify(.) by extension 'ros'
[1.602s] Level 1:colcon.colcon_core.package_identification:_identify(.) by extensions ['cmake', 'python']
[1.602s] Level 1:colcon.colcon_core.package_identification:_identify(.) by extension 'cmake'
[1.603s] Level 1:colcon.colcon_core.package_identification:_identify(.) by extension 'python'
[1.603s] Level 1:colcon.colcon_core.package_identification:_identify(.) by extensions ['python_setup_py']
[1.603s] Level 1:colcon.colcon_core.package_identification:_identify(.) by extension 'python_setup_py'
[1.604s] Level 1:colcon.colcon_core.package_identification:_identify(build) by extensions ['ignore', 'ignore_ament_install']
[1.604s] Level 1:colcon.colcon_core.package_identification:_identify(build) by extension 'ignore'
[1.604s] Level 1:colcon.colcon_core.package_identification:_identify(build) ignored
[1.605s] Level 1:colcon.colcon_core.package_identification:_identify(install) by extensions ['ignore', 'ignore_ament_install']
[1.605s] Level 1:colcon.colcon_core.package_identification:_identify(install) by extension 'ignore'
[1.605s] Level 1:colcon.colcon_core.package_identification:_identify(install) ignored
[1.606s] Level 1:colcon.colcon_core.package_identification:_identify(log) by extensions ['ignore', 'ignore_ament_install']
[1.606s] Level 1:colcon.colcon_core.package_identification:_identify(log) by extension 'ignore'
[1.606s] Level 1:colcon.colcon_core.package_identification:_identify(log) ignored
[1.607s] Level 1:colcon.colcon_core.package_identification:_identify(openslam_gmapping) by extensions ['ignore', 'ignore_ament_install']
[1.607s] Level 1:colcon.colcon_core.package_identification:_identify(openslam_gmapping) by extension 'ignore'
[1.607s] Level 1:colcon.colcon_core.package_identification:_identify(openslam_gmapping) by extension 'ignore_ament_install'
[1.608s] Level 1:colcon.colcon_core.package_identification:_identify(openslam_gmapping) by extensions ['colcon_pkg']
[1.608s] Level 1:colcon.colcon_core.package_identification:_identify(openslam_gmapping) by extension 'colcon_pkg'
[1.608s] Level 1:colcon.colcon_core.package_identification:_identify(openslam_gmapping) by extensions ['colcon_meta']
[1.608s] Level 1:colcon.colcon_core.package_identification:_identify(openslam_gmapping) by extension 'colcon_meta'
[1.608s] Level 1:colcon.colcon_core.package_identification:_identify(openslam_gmapping) by extensions ['ros']
[1.609s] Level 1:colcon.colcon_core.package_identification:_identify(openslam_gmapping) by extension 'ros'
[1.617s] DEBUG:colcon.colcon_core.package_identification:Package 'openslam_gmapping' with type 'ros.ament_cmake' and name 'openslam_gmapping'
[1.618s] Level 1:colcon.colcon_core.package_identification:_identify(slam_gmapping) by extensions ['ignore', 'ignore_ament_install']
[1.618s] Level 1:colcon.colcon_core.package_identification:_identify(slam_gmapping) by extension 'ignore'
[1.619s] Level 1:colcon.colcon_core.package_identification:_identify(slam_gmapping) by extension 'ignore_ament_install'
[1.619s] Level 1:colcon.colcon_core.package_identification:_identify(slam_gmapping) by extensions ['colcon_pkg']
[1.619s] Level 1:colcon.colcon_core.package_identification:_identify(slam_gmapping) by extension 'colcon_pkg'
[1.619s] Level 1:colcon.colcon_core.package_identification:_identify(slam_gmapping) by extensions ['colcon_meta']
[1.619s] Level 1:colcon.colcon_core.package_identification:_identify(slam_gmapping) by extension 'colcon_meta'
[1.620s] Level 1:colcon.colcon_core.package_identification:_identify(slam_gmapping) by extensions ['ros']
[1.620s] Level 1:colcon.colcon_core.package_identification:_identify(slam_gmapping) by extension 'ros'
[1.630s] DEBUG:colcon.colcon_core.package_identification:Package 'slam_gmapping' with type 'ros.ament_cmake' and name 'slam_gmapping'
[1.631s] Level 1:colcon.colcon_core.package_identification:_identify(ydlidar_ros2_driver-master) by extensions ['ignore', 'ignore_ament_install']
[1.631s] Level 1:colcon.colcon_core.package_identification:_identify(ydlidar_ros2_driver-master) by extension 'ignore'
[1.632s] Level 1:colcon.colcon_core.package_identification:_identify(ydlidar_ros2_driver-master) by extension 'ignore_ament_install'
[1.632s] Level 1:colcon.colcon_core.package_identification:_identify(ydlidar_ros2_driver-master) by extensions ['colcon_pkg']
[1.632s] Level 1:colcon.colcon_core.package_identification:_identify(ydlidar_ros2_driver-master) by extension 'colcon_pkg'
[1.632s] Level 1:colcon.colcon_core.package_identification:_identify(ydlidar_ros2_driver-master) by extensions ['colcon_meta']
[1.632s] Level 1:colcon.colcon_core.package_identification:_identify(ydlidar_ros2_driver-master) by extension 'colcon_meta'
[1.632s] Level 1:colcon.colcon_core.package_identification:_identify(ydlidar_ros2_driver-master) by extensions ['ros']
[1.633s] Level 1:colcon.colcon_core.package_identification:_identify(ydlidar_ros2_driver-master) by extension 'ros'
[1.635s] DEBUG:colcon.colcon_core.package_identification:Package 'ydlidar_ros2_driver-master' with type 'ros.ament_cmake' and name 'ydlidar_ros2_driver'
[1.635s] Level 1:colcon.colcon_core.package_discovery:discover_packages(recursive) using defaults
[1.636s] Level 1:colcon.colcon_core.package_discovery:discover_packages(ignore) discover
[1.636s] Level 1:colcon.colcon_core.package_discovery:discover_packages(ignore) using defaults
[1.636s] Level 1:colcon.colcon_core.package_discovery:discover_packages(path) discover
[1.636s] Level 1:colcon.colcon_core.package_discovery:discover_packages(path) using defaults
[1.699s] Level 1:colcon.colcon_core.package_discovery:discover_packages(prefix_path) check parameters
[1.699s] Level 1:colcon.colcon_core.package_discovery:discover_packages(prefix_path) discover
[1.714s] DEBUG:colcon.colcon_installed_package_information.package_discovery:Found 256 installed packages in /opt/ros/foxy
[1.721s] Level 1:colcon.colcon_core.package_discovery:discover_packages(prefix_path) using defaults
[2.120s] Level 5:colcon.colcon_core.verb:set package 'openslam_gmapping' build argument 'cmake_args' from command line to 'None'
[2.120s] Level 5:colcon.colcon_core.verb:set package 'openslam_gmapping' build argument 'cmake_target' from command line to 'None'
[2.120s] Level 5:colcon.colcon_core.verb:set package 'openslam_gmapping' build argument 'cmake_target_skip_unavailable' from command line to 'False'
[2.121s] Level 5:colcon.colcon_core.verb:set package 'openslam_gmapping' build argument 'cmake_clean_cache' from command line to 'False'
[2.121s] Level 5:colcon.colcon_core.verb:set package 'openslam_gmapping' build argument 'cmake_clean_first' from command line to 'False'
[2.121s] Level 5:colcon.colcon_core.verb:set package 'openslam_gmapping' build argument 'cmake_force_configure' from command line to 'False'
[2.121s] Level 5:colcon.colcon_core.verb:set package 'openslam_gmapping' build argument 'ament_cmake_args' from command line to 'None'
[2.121s] Level 5:colcon.colcon_core.verb:set package 'openslam_gmapping' build argument 'catkin_cmake_args' from command line to 'None'
[2.121s] Level 5:colcon.colcon_core.verb:set package 'openslam_gmapping' build argument 'catkin_skip_building_tests' from command line to 'False'
[2.121s] DEBUG:colcon.colcon_core.verb:Building package 'openslam_gmapping' with the following arguments: {'ament_cmake_args': None, 'build_base': '/home/datn/ydlidar_ws/build/openslam_gmapping', 'catkin_cmake_args': None, 'catkin_skip_building_tests': False, 'cmake_args': None, 'cmake_clean_cache': False, 'cmake_clean_first': False, 'cmake_force_configure': False, 'cmake_target': None, 'cmake_target_skip_unavailable': False, 'install_base': '/home/datn/ydlidar_ws/install/openslam_gmapping', 'merge_install': False, 'path': '/home/datn/ydlidar_ws/openslam_gmapping', 'symlink_install': True, 'test_result_base': None}
[2.123s] Level 5:colcon.colcon_core.verb:set package 'ydlidar_ros2_driver' build argument 'cmake_args' from command line to 'None'
[2.123s] Level 5:colcon.colcon_core.verb:set package 'ydlidar_ros2_driver' build argument 'cmake_target' from command line to 'None'
[2.123s] Level 5:colcon.colcon_core.verb:set package 'ydlidar_ros2_driver' build argument 'cmake_target_skip_unavailable' from command line to 'False'
[2.123s] Level 5:colcon.colcon_core.verb:set package 'ydlidar_ros2_driver' build argument 'cmake_clean_cache' from command line to 'False'
[2.124s] Level 5:colcon.colcon_core.verb:set package 'ydlidar_ros2_driver' build argument 'cmake_clean_first' from command line to 'False'
[2.124s] Level 5:colcon.colcon_core.verb:set package 'ydlidar_ros2_driver' build argument 'cmake_force_configure' from command line to 'False'
[2.124s] Level 5:colcon.colcon_core.verb:set package 'ydlidar_ros2_driver' build argument 'ament_cmake_args' from command line to 'None'
[2.124s] Level 5:colcon.colcon_core.verb:set package 'ydlidar_ros2_driver' build argument 'catkin_cmake_args' from command line to 'None'
[2.124s] Level 5:colcon.colcon_core.verb:set package 'ydlidar_ros2_driver' build argument 'catkin_skip_building_tests' from command line to 'False'
[2.124s] DEBUG:colcon.colcon_core.verb:Building package 'ydlidar_ros2_driver' with the following arguments: {'ament_cmake_args': None, 'build_base': '/home/datn/ydlidar_ws/build/ydlidar_ros2_driver', 'catkin_cmake_args': None, 'catkin_skip_building_tests': False, 'cmake_args': None, 'cmake_clean_cache': False, 'cmake_clean_first': False, 'cmake_force_configure': False, 'cmake_target': None, 'cmake_target_skip_unavailable': False, 'install_base': '/home/datn/ydlidar_ws/install/ydlidar_ros2_driver', 'merge_install': False, 'path': '/home/datn/ydlidar_ws/ydlidar_ros2_driver-master', 'symlink_install': True, 'test_result_base': None}
[2.126s] Level 5:colcon.colcon_core.verb:set package 'slam_gmapping' build argument 'cmake_args' from command line to 'None'
[2.126s] Level 5:colcon.colcon_core.verb:set package 'slam_gmapping' build argument 'cmake_target' from command line to 'None'
[2.126s] Level 5:colcon.colcon_core.verb:set package 'slam_gmapping' build argument 'cmake_target_skip_unavailable' from command line to 'False'
[2.126s] Level 5:colcon.colcon_core.verb:set package 'slam_gmapping' build argument 'cmake_clean_cache' from command line to 'False'
[2.126s] Level 5:colcon.colcon_core.verb:set package 'slam_gmapping' build argument 'cmake_clean_first' from command line to 'False'
[2.127s] Level 5:colcon.colcon_core.verb:set package 'slam_gmapping' build argument 'cmake_force_configure' from command line to 'False'
[2.127s] Level 5:colcon.colcon_core.verb:set package 'slam_gmapping' build argument 'ament_cmake_args' from command line to 'None'
[2.127s] Level 5:colcon.colcon_core.verb:set package 'slam_gmapping' build argument 'catkin_cmake_args' from command line to 'None'
[2.127s] Level 5:colcon.colcon_core.verb:set package 'slam_gmapping' build argument 'catkin_skip_building_tests' from command line to 'False'
[2.127s] DEBUG:colcon.colcon_core.verb:Building package 'slam_gmapping' with the following arguments: {'ament_cmake_args': None, 'build_base': '/home/datn/ydlidar_ws/build/slam_gmapping', 'catkin_cmake_args': None, 'catkin_skip_building_tests': False, 'cmake_args': None, 'cmake_clean_cache': False, 'cmake_clean_first': False, 'cmake_force_configure': False, 'cmake_target': None, 'cmake_target_skip_unavailable': False, 'install_base': '/home/datn/ydlidar_ws/install/slam_gmapping', 'merge_install': False, 'path': '/home/datn/ydlidar_ws/slam_gmapping', 'symlink_install': True, 'test_result_base': None}
[2.128s] INFO:colcon.colcon_core.executor:Executing jobs using 'parallel' executor
[2.131s] DEBUG:colcon.colcon_parallel_executor.executor.parallel:run_until_complete
[2.132s] INFO:colcon.colcon_ros.task.ament_cmake.build:Building ROS package in '/home/datn/ydlidar_ws/openslam_gmapping' with build type 'ament_cmake'
[2.133s] INFO:colcon.colcon_cmake.task.cmake.build:Building CMake package in '/home/datn/ydlidar_ws/openslam_gmapping'
[2.141s] INFO:colcon.colcon_core.plugin_system:Skipping extension 'colcon_core.shell.bat': Not used on non-Windows systems
[2.142s] INFO:colcon.colcon_core.shell:Skip shell extension 'powershell' for command environment: Not usable outside of PowerShell
[2.142s] DEBUG:colcon.colcon_core.shell:Skip shell extension 'dsv' for command environment
[2.164s] INFO:colcon.colcon_ros.task.ament_cmake.build:Building ROS package in '/home/datn/ydlidar_ws/ydlidar_ros2_driver-master' with build type 'ament_cmake'
[2.165s] INFO:colcon.colcon_cmake.task.cmake.build:Building CMake package in '/home/datn/ydlidar_ws/ydlidar_ros2_driver-master'
[2.167s] INFO:colcon.colcon_core.shell:Skip shell extension 'powershell' for command environment: Not usable outside of PowerShell
[2.168s] DEBUG:colcon.colcon_core.shell:Skip shell extension 'dsv' for command environment
[2.207s] DEBUG:colcon.colcon_core.event_handler.log_command:Invoking command in '/home/datn/ydlidar_ws/build/openslam_gmapping': CMAKE_PREFIX_PATH=/opt/ros/foxy /usr/bin/cmake --build /home/datn/ydlidar_ws/build/openslam_gmapping -- -j4 -l4
[2.247s] DEBUG:colcon.colcon_core.event_handler.log_command:Invoking command in '/home/datn/ydlidar_ws/build/ydlidar_ros2_driver': CMAKE_PREFIX_PATH=/opt/ros/foxy /usr/bin/cmake --build /home/datn/ydlidar_ws/build/ydlidar_ros2_driver -- -j4 -l4
[2.641s] DEBUG:colcon.colcon_core.event_handler.log_command:Invoked command in '/home/datn/ydlidar_ws/build/ydlidar_ros2_driver' returned '0': CMAKE_PREFIX_PATH=/opt/ros/foxy /usr/bin/cmake --build /home/datn/ydlidar_ws/build/ydlidar_ros2_driver -- -j4 -l4
[2.821s] DEBUG:colcon.colcon_core.event_handler.log_command:Invoking command in '/home/datn/ydlidar_ws/build/ydlidar_ros2_driver': CMAKE_PREFIX_PATH=/opt/ros/foxy /usr/bin/cmake --install /home/datn/ydlidar_ws/build/ydlidar_ros2_driver
[2.831s] DEBUG:colcon.colcon_core.event_handler.log_command:Invoked command in '/home/datn/ydlidar_ws/build/openslam_gmapping' returned '0': CMAKE_PREFIX_PATH=/opt/ros/foxy /usr/bin/cmake --build /home/datn/ydlidar_ws/build/openslam_gmapping -- -j4 -l4
[2.964s] DEBUG:colcon.colcon_core.event_handler.log_command:Invoking command in '/home/datn/ydlidar_ws/build/openslam_gmapping': CMAKE_PREFIX_PATH=/opt/ros/foxy /usr/bin/cmake --install /home/datn/ydlidar_ws/build/openslam_gmapping
[2.972s] Level 1:colcon.colcon_core.environment:create_environment_scripts_only(ydlidar_ros2_driver)
[2.975s] DEBUG:colcon.colcon_core.event_handler.log_command:Invoked command in '/home/datn/ydlidar_ws/build/ydlidar_ros2_driver' returned '0': CMAKE_PREFIX_PATH=/opt/ros/foxy /usr/bin/cmake --install /home/datn/ydlidar_ws/build/ydlidar_ros2_driver
[2.988s] Level 1:colcon.colcon_core.environment:checking '/home/datn/ydlidar_ws/install/ydlidar_ros2_driver' for CMake module files
[2.991s] Level 1:colcon.colcon_core.environment:checking '/home/datn/ydlidar_ws/install/ydlidar_ros2_driver' for CMake config files
[2.995s] Level 1:colcon.colcon_core.shell:create_environment_hook('ydlidar_ros2_driver', 'cmake_prefix_path')
[2.996s] INFO:colcon.colcon_core.shell:Creating environment hook '/home/datn/ydlidar_ws/install/ydlidar_ros2_driver/share/ydlidar_ros2_driver/hook/cmake_prefix_path.ps1'
[3.000s] INFO:colcon.colcon_core.shell:Creating environment descriptor '/home/datn/ydlidar_ws/install/ydlidar_ros2_driver/share/ydlidar_ros2_driver/hook/cmake_prefix_path.dsv'
[3.003s] INFO:colcon.colcon_core.shell:Creating environment hook '/home/datn/ydlidar_ws/install/ydlidar_ros2_driver/share/ydlidar_ros2_driver/hook/cmake_prefix_path.sh'
[3.009s] Level 1:colcon.colcon_core.environment:checking '/home/datn/ydlidar_ws/install/ydlidar_ros2_driver/lib'
[3.011s] Level 1:colcon.colcon_core.environment:checking '/home/datn/ydlidar_ws/install/ydlidar_ros2_driver/bin'
[3.011s] Level 1:colcon.colcon_core.environment:checking '/home/datn/ydlidar_ws/install/ydlidar_ros2_driver/lib/pkgconfig/ydlidar_ros2_driver.pc'
[3.012s] Level 1:colcon.colcon_core.environment:checking '/home/datn/ydlidar_ws/install/ydlidar_ros2_driver/lib/python3.8/site-packages'
[3.014s] Level 1:colcon.colcon_core.environment:checking '/home/datn/ydlidar_ws/install/ydlidar_ros2_driver/bin'
[3.015s] INFO:colcon.colcon_core.shell:Creating package script '/home/datn/ydlidar_ws/install/ydlidar_ros2_driver/share/ydlidar_ros2_driver/package.ps1'
[3.021s] INFO:colcon.colcon_core.shell:Creating package descriptor '/home/datn/ydlidar_ws/install/ydlidar_ros2_driver/share/ydlidar_ros2_driver/package.dsv'
[3.026s] INFO:colcon.colcon_core.shell:Creating package script '/home/datn/ydlidar_ws/install/ydlidar_ros2_driver/share/ydlidar_ros2_driver/package.sh'
[3.031s] INFO:colcon.colcon_core.shell:Creating package script '/home/datn/ydlidar_ws/install/ydlidar_ros2_driver/share/ydlidar_ros2_driver/package.bash'
[3.036s] INFO:colcon.colcon_core.shell:Creating package script '/home/datn/ydlidar_ws/install/ydlidar_ros2_driver/share/ydlidar_ros2_driver/package.zsh'
[3.041s] Level 1:colcon.colcon_core.environment:create_file_with_runtime_dependencies(/home/datn/ydlidar_ws/install/ydlidar_ros2_driver/share/colcon-core/packages/ydlidar_ros2_driver)
[3.136s] Level 1:colcon.colcon_core.environment:create_environment_scripts_only(openslam_gmapping)
[3.138s] Level 1:colcon.colcon_core.environment:checking '/home/datn/ydlidar_ws/install/openslam_gmapping' for CMake module files
[3.140s] DEBUG:colcon.colcon_core.event_handler.log_command:Invoked command in '/home/datn/ydlidar_ws/build/openslam_gmapping' returned '0': CMAKE_PREFIX_PATH=/opt/ros/foxy /usr/bin/cmake --install /home/datn/ydlidar_ws/build/openslam_gmapping
[3.143s] Level 1:colcon.colcon_core.environment:checking '/home/datn/ydlidar_ws/install/openslam_gmapping' for CMake config files
[3.149s] Level 1:colcon.colcon_core.shell:create_environment_hook('openslam_gmapping', 'cmake_prefix_path')
[3.151s] INFO:colcon.colcon_core.shell:Creating environment hook '/home/datn/ydlidar_ws/install/openslam_gmapping/share/openslam_gmapping/hook/cmake_prefix_path.ps1'
[3.153s] INFO:colcon.colcon_core.shell:Creating environment descriptor '/home/datn/ydlidar_ws/install/openslam_gmapping/share/openslam_gmapping/hook/cmake_prefix_path.dsv'
[3.155s] INFO:colcon.colcon_core.shell:Creating environment hook '/home/datn/ydlidar_ws/install/openslam_gmapping/share/openslam_gmapping/hook/cmake_prefix_path.sh'
[3.158s] Level 1:colcon.colcon_core.environment:checking '/home/datn/ydlidar_ws/install/openslam_gmapping/lib'
[3.159s] Level 1:colcon.colcon_core.environment:checking '/home/datn/ydlidar_ws/install/openslam_gmapping/bin'
[3.159s] Level 1:colcon.colcon_core.environment:checking '/home/datn/ydlidar_ws/install/openslam_gmapping/lib/pkgconfig/openslam_gmapping.pc'
[3.160s] Level 1:colcon.colcon_core.environment:checking '/home/datn/ydlidar_ws/install/openslam_gmapping/lib/python3.8/site-packages'
[3.161s] Level 1:colcon.colcon_core.environment:checking '/home/datn/ydlidar_ws/install/openslam_gmapping/bin'
[3.163s] INFO:colcon.colcon_core.shell:Creating package script '/home/datn/ydlidar_ws/install/openslam_gmapping/share/openslam_gmapping/package.ps1'
[3.165s] INFO:colcon.colcon_core.shell:Creating package descriptor '/home/datn/ydlidar_ws/install/openslam_gmapping/share/openslam_gmapping/package.dsv'
[3.167s] INFO:colcon.colcon_core.shell:Creating package script '/home/datn/ydlidar_ws/install/openslam_gmapping/share/openslam_gmapping/package.sh'
[3.169s] INFO:colcon.colcon_core.shell:Creating package script '/home/datn/ydlidar_ws/install/openslam_gmapping/share/openslam_gmapping/package.bash'
[3.172s] INFO:colcon.colcon_core.shell:Creating package script '/home/datn/ydlidar_ws/install/openslam_gmapping/share/openslam_gmapping/package.zsh'
[3.174s] Level 1:colcon.colcon_core.environment:create_file_with_runtime_dependencies(/home/datn/ydlidar_ws/install/openslam_gmapping/share/colcon-core/packages/openslam_gmapping)
[3.188s] Level 1:colcon.colcon_core.environment:create_environment_scripts_only(ydlidar_ros2_driver)
[3.189s] Level 1:colcon.colcon_core.environment:checking '/home/datn/ydlidar_ws/install/ydlidar_ros2_driver' for CMake module files
[3.193s] Level 1:colcon.colcon_core.environment:checking '/home/datn/ydlidar_ws/install/ydlidar_ros2_driver' for CMake config files
[3.196s] Level 1:colcon.colcon_core.shell:create_environment_hook('ydlidar_ros2_driver', 'cmake_prefix_path')
[3.198s] INFO:colcon.colcon_core.shell:Creating environment hook '/home/datn/ydlidar_ws/install/ydlidar_ros2_driver/share/ydlidar_ros2_driver/hook/cmake_prefix_path.ps1'
[3.200s] INFO:colcon.colcon_core.shell:Creating environment descriptor '/home/datn/ydlidar_ws/install/ydlidar_ros2_driver/share/ydlidar_ros2_driver/hook/cmake_prefix_path.dsv'
[3.202s] INFO:colcon.colcon_core.shell:Creating environment hook '/home/datn/ydlidar_ws/install/ydlidar_ros2_driver/share/ydlidar_ros2_driver/hook/cmake_prefix_path.sh'
[3.206s] Level 1:colcon.colcon_core.environment:checking '/home/datn/ydlidar_ws/install/ydlidar_ros2_driver/lib'
[3.207s] Level 1:colcon.colcon_core.environment:checking '/home/datn/ydlidar_ws/install/ydlidar_ros2_driver/bin'
[3.207s] Level 1:colcon.colcon_core.environment:checking '/home/datn/ydlidar_ws/install/ydlidar_ros2_driver/lib/pkgconfig/ydlidar_ros2_driver.pc'
[3.208s] Level 1:colcon.colcon_core.environment:checking '/home/datn/ydlidar_ws/install/ydlidar_ros2_driver/lib/python3.8/site-packages'
[3.209s] Level 1:colcon.colcon_core.environment:checking '/home/datn/ydlidar_ws/install/ydlidar_ros2_driver/bin'
[3.211s] INFO:colcon.colcon_core.shell:Creating package script '/home/datn/ydlidar_ws/install/ydlidar_ros2_driver/share/ydlidar_ros2_driver/package.ps1'
[3.213s] INFO:colcon.colcon_core.shell:Creating package descriptor '/home/datn/ydlidar_ws/install/ydlidar_ros2_driver/share/ydlidar_ros2_driver/package.dsv'
[3.216s] INFO:colcon.colcon_core.shell:Creating package script '/home/datn/ydlidar_ws/install/ydlidar_ros2_driver/share/ydlidar_ros2_driver/package.sh'
[3.218s] INFO:colcon.colcon_core.shell:Creating package script '/home/datn/ydlidar_ws/install/ydlidar_ros2_driver/share/ydlidar_ros2_driver/package.bash'
[3.221s] INFO:colcon.colcon_core.shell:Creating package script '/home/datn/ydlidar_ws/install/ydlidar_ros2_driver/share/ydlidar_ros2_driver/package.zsh'
[3.223s] Level 1:colcon.colcon_core.environment:create_file_with_runtime_dependencies(/home/datn/ydlidar_ws/install/ydlidar_ros2_driver/share/colcon-core/packages/ydlidar_ros2_driver)
[3.296s] Level 1:colcon.colcon_core.environment:create_environment_scripts_only(openslam_gmapping)
[3.297s] Level 1:colcon.colcon_core.environment:checking '/home/datn/ydlidar_ws/install/openslam_gmapping' for CMake module files
[3.300s] Level 1:colcon.colcon_core.environment:checking '/home/datn/ydlidar_ws/install/openslam_gmapping' for CMake config files
[3.307s] Level 1:colcon.colcon_core.shell:create_environment_hook('openslam_gmapping', 'cmake_prefix_path')
[3.308s] INFO:colcon.colcon_core.shell:Creating environment hook '/home/datn/ydlidar_ws/install/openslam_gmapping/share/openslam_gmapping/hook/cmake_prefix_path.ps1'
[3.310s] INFO:colcon.colcon_core.shell:Creating environment descriptor '/home/datn/ydlidar_ws/install/openslam_gmapping/share/openslam_gmapping/hook/cmake_prefix_path.dsv'
[3.312s] INFO:colcon.colcon_core.shell:Creating environment hook '/home/datn/ydlidar_ws/install/openslam_gmapping/share/openslam_gmapping/hook/cmake_prefix_path.sh'
[3.315s] Level 1:colcon.colcon_core.environment:checking '/home/datn/ydlidar_ws/install/openslam_gmapping/lib'
[3.315s] Level 1:colcon.colcon_core.environment:checking '/home/datn/ydlidar_ws/install/openslam_gmapping/bin'
[3.316s] Level 1:colcon.colcon_core.environment:checking '/home/datn/ydlidar_ws/install/openslam_gmapping/lib/pkgconfig/openslam_gmapping.pc'
[3.316s] Level 1:colcon.colcon_core.environment:checking '/home/datn/ydlidar_ws/install/openslam_gmapping/lib/python3.8/site-packages'
[3.317s] Level 1:colcon.colcon_core.environment:checking '/home/datn/ydlidar_ws/install/openslam_gmapping/bin'
[3.318s] INFO:colcon.colcon_core.shell:Creating package script '/home/datn/ydlidar_ws/install/openslam_gmapping/share/openslam_gmapping/package.ps1'
[3.321s] INFO:colcon.colcon_core.shell:Creating package descriptor '/home/datn/ydlidar_ws/install/openslam_gmapping/share/openslam_gmapping/package.dsv'
[3.323s] INFO:colcon.colcon_core.shell:Creating package script '/home/datn/ydlidar_ws/install/openslam_gmapping/share/openslam_gmapping/package.sh'
[3.325s] INFO:colcon.colcon_core.shell:Creating package script '/home/datn/ydlidar_ws/install/openslam_gmapping/share/openslam_gmapping/package.bash'
[3.326s] INFO:colcon.colcon_core.shell:Creating package script '/home/datn/ydlidar_ws/install/openslam_gmapping/share/openslam_gmapping/package.zsh'
[3.328s] Level 1:colcon.colcon_core.environment:create_file_with_runtime_dependencies(/home/datn/ydlidar_ws/install/openslam_gmapping/share/colcon-core/packages/openslam_gmapping)
[3.330s] INFO:colcon.colcon_ros.task.ament_cmake.build:Building ROS package in '/home/datn/ydlidar_ws/slam_gmapping' with build type 'ament_cmake'
[3.330s] INFO:colcon.colcon_cmake.task.cmake.build:Building CMake package in '/home/datn/ydlidar_ws/slam_gmapping'
[3.331s] INFO:colcon.colcon_core.shell:Skip shell extension 'powershell' for command environment: Not usable outside of PowerShell
[3.332s] DEBUG:colcon.colcon_core.shell:Skip shell extension 'dsv' for command environment
[3.385s] DEBUG:colcon.colcon_core.event_handler.log_command:Invoking command in '/home/datn/ydlidar_ws/build/slam_gmapping': AMENT_PREFIX_PATH=/home/datn/ydlidar_ws/install/openslam_gmapping:${AMENT_PREFIX_PATH} CMAKE_PREFIX_PATH=/home/datn/ydlidar_ws/install/openslam_gmapping:/opt/ros/foxy LD_LIBRARY_PATH=/home/datn/ydlidar_ws/install/openslam_gmapping/lib:${LD_LIBRARY_PATH} /usr/bin/cmake --build /home/datn/ydlidar_ws/build/slam_gmapping -- -j4 -l4
[3.776s] DEBUG:colcon.colcon_core.event_handler.log_command:Invoked command in '/home/datn/ydlidar_ws/build/slam_gmapping' returned '0': AMENT_PREFIX_PATH=/home/datn/ydlidar_ws/install/openslam_gmapping:${AMENT_PREFIX_PATH} CMAKE_PREFIX_PATH=/home/datn/ydlidar_ws/install/openslam_gmapping:/opt/ros/foxy LD_LIBRARY_PATH=/home/datn/ydlidar_ws/install/openslam_gmapping/lib:${LD_LIBRARY_PATH} /usr/bin/cmake --build /home/datn/ydlidar_ws/build/slam_gmapping -- -j4 -l4
[3.928s] DEBUG:colcon.colcon_core.event_handler.log_command:Invoking command in '/home/datn/ydlidar_ws/build/slam_gmapping': AMENT_PREFIX_PATH=/home/datn/ydlidar_ws/install/openslam_gmapping:${AMENT_PREFIX_PATH} CMAKE_PREFIX_PATH=/home/datn/ydlidar_ws/install/openslam_gmapping:/opt/ros/foxy LD_LIBRARY_PATH=/home/datn/ydlidar_ws/install/openslam_gmapping/lib:${LD_LIBRARY_PATH} /usr/bin/cmake --install /home/datn/ydlidar_ws/build/slam_gmapping
[4.038s] Level 1:colcon.colcon_core.environment:create_environment_scripts_only(slam_gmapping)
[4.040s] Level 1:colcon.colcon_core.environment:checking '/home/datn/ydlidar_ws/install/slam_gmapping' for CMake module files
[4.042s] DEBUG:colcon.colcon_core.event_handler.log_command:Invoked command in '/home/datn/ydlidar_ws/build/slam_gmapping' returned '0': AMENT_PREFIX_PATH=/home/datn/ydlidar_ws/install/openslam_gmapping:${AMENT_PREFIX_PATH} CMAKE_PREFIX_PATH=/home/datn/ydlidar_ws/install/openslam_gmapping:/opt/ros/foxy LD_LIBRARY_PATH=/home/datn/ydlidar_ws/install/openslam_gmapping/lib:${LD_LIBRARY_PATH} /usr/bin/cmake --install /home/datn/ydlidar_ws/build/slam_gmapping
[4.044s] Level 1:colcon.colcon_core.environment:checking '/home/datn/ydlidar_ws/install/slam_gmapping' for CMake config files
[4.048s] Level 1:colcon.colcon_core.shell:create_environment_hook('slam_gmapping', 'cmake_prefix_path')
[4.049s] INFO:colcon.colcon_core.shell:Creating environment hook '/home/datn/ydlidar_ws/install/slam_gmapping/share/slam_gmapping/hook/cmake_prefix_path.ps1'
[4.051s] INFO:colcon.colcon_core.shell:Creating environment descriptor '/home/datn/ydlidar_ws/install/slam_gmapping/share/slam_gmapping/hook/cmake_prefix_path.dsv'
[4.053s] INFO:colcon.colcon_core.shell:Creating environment hook '/home/datn/ydlidar_ws/install/slam_gmapping/share/slam_gmapping/hook/cmake_prefix_path.sh'
[4.056s] Level 1:colcon.colcon_core.environment:checking '/home/datn/ydlidar_ws/install/slam_gmapping/lib'
[4.056s] Level 1:colcon.colcon_core.environment:checking '/home/datn/ydlidar_ws/install/slam_gmapping/bin'
[4.056s] Level 1:colcon.colcon_core.environment:checking '/home/datn/ydlidar_ws/install/slam_gmapping/lib/pkgconfig/slam_gmapping.pc'
[4.057s] Level 1:colcon.colcon_core.environment:checking '/home/datn/ydlidar_ws/install/slam_gmapping/lib/python3.8/site-packages'
[4.058s] Level 1:colcon.colcon_core.environment:checking '/home/datn/ydlidar_ws/install/slam_gmapping/bin'
[4.059s] INFO:colcon.colcon_core.shell:Creating package script '/home/datn/ydlidar_ws/install/slam_gmapping/share/slam_gmapping/package.ps1'
[4.062s] INFO:colcon.colcon_core.shell:Creating package descriptor '/home/datn/ydlidar_ws/install/slam_gmapping/share/slam_gmapping/package.dsv'
[4.063s] INFO:colcon.colcon_core.shell:Creating package script '/home/datn/ydlidar_ws/install/slam_gmapping/share/slam_gmapping/package.sh'
[4.066s] INFO:colcon.colcon_core.shell:Creating package script '/home/datn/ydlidar_ws/install/slam_gmapping/share/slam_gmapping/package.bash'
[4.068s] INFO:colcon.colcon_core.shell:Creating package script '/home/datn/ydlidar_ws/install/slam_gmapping/share/slam_gmapping/package.zsh'
[4.069s] Level 1:colcon.colcon_core.environment:create_file_with_runtime_dependencies(/home/datn/ydlidar_ws/install/slam_gmapping/share/colcon-core/packages/slam_gmapping)
[4.209s] Level 1:colcon.colcon_core.environment:create_environment_scripts_only(slam_gmapping)
[4.210s] Level 1:colcon.colcon_core.environment:checking '/home/datn/ydlidar_ws/install/slam_gmapping' for CMake module files
[4.215s] Level 1:colcon.colcon_core.environment:checking '/home/datn/ydlidar_ws/install/slam_gmapping' for CMake config files
[4.219s] Level 1:colcon.colcon_core.shell:create_environment_hook('slam_gmapping', 'cmake_prefix_path')
[4.220s] INFO:colcon.colcon_core.shell:Creating environment hook '/home/datn/ydlidar_ws/install/slam_gmapping/share/slam_gmapping/hook/cmake_prefix_path.ps1'
[4.223s] INFO:colcon.colcon_core.shell:Creating environment descriptor '/home/datn/ydlidar_ws/install/slam_gmapping/share/slam_gmapping/hook/cmake_prefix_path.dsv'
[4.224s] INFO:colcon.colcon_core.shell:Creating environment hook '/home/datn/ydlidar_ws/install/slam_gmapping/share/slam_gmapping/hook/cmake_prefix_path.sh'
[4.227s] Level 1:colcon.colcon_core.environment:checking '/home/datn/ydlidar_ws/install/slam_gmapping/lib'
[4.228s] Level 1:colcon.colcon_core.environment:checking '/home/datn/ydlidar_ws/install/slam_gmapping/bin'
[4.228s] Level 1:colcon.colcon_core.environment:checking '/home/datn/ydlidar_ws/install/slam_gmapping/lib/pkgconfig/slam_gmapping.pc'
[4.229s] Level 1:colcon.colcon_core.environment:checking '/home/datn/ydlidar_ws/install/slam_gmapping/lib/python3.8/site-packages'
[4.230s] Level 1:colcon.colcon_core.environment:checking '/home/datn/ydlidar_ws/install/slam_gmapping/bin'
[4.231s] INFO:colcon.colcon_core.shell:Creating package script '/home/datn/ydlidar_ws/install/slam_gmapping/share/slam_gmapping/package.ps1'
[4.233s] INFO:colcon.colcon_core.shell:Creating package descriptor '/home/datn/ydlidar_ws/install/slam_gmapping/share/slam_gmapping/package.dsv'
[4.235s] INFO:colcon.colcon_core.shell:Creating package script '/home/datn/ydlidar_ws/install/slam_gmapping/share/slam_gmapping/package.sh'
[4.237s] INFO:colcon.colcon_core.shell:Creating package script '/home/datn/ydlidar_ws/install/slam_gmapping/share/slam_gmapping/package.bash'
[4.239s] INFO:colcon.colcon_core.shell:Creating package script '/home/datn/ydlidar_ws/install/slam_gmapping/share/slam_gmapping/package.zsh'
[4.241s] Level 1:colcon.colcon_core.environment:create_file_with_runtime_dependencies(/home/datn/ydlidar_ws/install/slam_gmapping/share/colcon-core/packages/slam_gmapping)
[4.243s] DEBUG:colcon.colcon_parallel_executor.executor.parallel:closing loop
[4.244s] DEBUG:colcon.colcon_parallel_executor.executor.parallel:loop closed
[4.244s] DEBUG:colcon.colcon_parallel_executor.executor.parallel:run_until_complete finished with '0'
[4.245s] DEBUG:colcon.colcon_core.event_reactor:joining thread
[4.270s] INFO:colcon.colcon_core.plugin_system:Skipping extension 'colcon_notification.desktop_notification.terminal_notifier': Not used on non-Darwin systems
[4.270s] INFO:colcon.colcon_core.plugin_system:Skipping extension 'colcon_notification.desktop_notification.win32': Not used on non-Windows systems
[4.271s] INFO:colcon.colcon_notification.desktop_notification:Sending desktop notification using 'notify2'
[4.284s] DEBUG:colcon.colcon_core.event_reactor:joined thread
[4.285s] INFO:colcon.colcon_core.shell:Creating prefix script '/home/datn/ydlidar_ws/install/local_setup.ps1'
[4.290s] INFO:colcon.colcon_core.shell:Creating prefix util module '/home/datn/ydlidar_ws/install/_local_setup_util_ps1.py'
[4.297s] INFO:colcon.colcon_core.shell:Creating prefix chain script '/home/datn/ydlidar_ws/install/setup.ps1'
[4.302s] INFO:colcon.colcon_core.shell:Creating prefix script '/home/datn/ydlidar_ws/install/local_setup.sh'
[4.304s] INFO:colcon.colcon_core.shell:Creating prefix util module '/home/datn/ydlidar_ws/install/_local_setup_util_sh.py'
[4.307s] INFO:colcon.colcon_core.shell:Creating prefix chain script '/home/datn/ydlidar_ws/install/setup.sh'
[4.311s] INFO:colcon.colcon_core.shell:Creating prefix script '/home/datn/ydlidar_ws/install/local_setup.bash'
[4.313s] INFO:colcon.colcon_core.shell:Creating prefix chain script '/home/datn/ydlidar_ws/install/setup.bash'
[4.318s] INFO:colcon.colcon_core.shell:Creating prefix script '/home/datn/ydlidar_ws/install/local_setup.zsh'
[4.321s] INFO:colcon.colcon_core.shell:Creating prefix chain script '/home/datn/ydlidar_ws/install/setup.zsh'
