[100%] Built target slam_gmapping
[100%] Built target transform
-- Install configuration: ""
-- Execute custom install script
-- Up-to-date symlink: /home/ndp/ydlidar_ws/install/slam_gmapping/lib/slam_gmapping/slam_gmapping
-- Up-to-date symlink: /home/ndp/ydlidar_ws/install/slam_gmapping/lib/slam_gmapping/transform
-- Up-to-date symlink: /home/ndp/ydlidar_ws/install/slam_gmapping/share/slam_gmapping/launch/gmapping_4ros_launch.py
-- Up-to-date symlink: /home/ndp/ydlidar_ws/install/slam_gmapping/share/slam_gmapping/launch/gmapping_x3_launch.py
-- Up-to-date symlink: /home/ndp/ydlidar_ws/install/slam_gmapping/share/slam_gmapping/launch/slam_4ros_gmapping.launch.py
-- Up-to-date symlink: /home/ndp/ydlidar_ws/install/slam_gmapping/share/slam_gmapping/launch/test_gmapping.launch.py
-- Up-to-date symlink: /home/ndp/ydlidar_ws/install/slam_gmapping/share/slam_gmapping/launch/x3_slam.py
-- Symlinking: /home/ndp/ydlidar_ws/install/slam_gmapping/share/slam_gmapping/launch/ydlidar_slam.py
-- Up-to-date symlink: /home/ndp/ydlidar_ws/install/slam_gmapping/share/slam_gmapping/params/slam_gmapping.yaml
-- Up-to-date symlink: /home/ndp/ydlidar_ws/install/slam_gmapping/share/ament_index/resource_index/package_run_dependencies/slam_gmapping
-- Up-to-date symlink: /home/ndp/ydlidar_ws/install/slam_gmapping/share/ament_index/resource_index/parent_prefix_path/slam_gmapping
-- Up-to-date symlink: /home/ndp/ydlidar_ws/install/slam_gmapping/share/slam_gmapping/environment/ament_prefix_path.sh
-- Up-to-date symlink: /home/ndp/ydlidar_ws/install/slam_gmapping/share/slam_gmapping/environment/ament_prefix_path.dsv
-- Up-to-date symlink: /home/ndp/ydlidar_ws/install/slam_gmapping/share/slam_gmapping/environment/path.sh
-- Up-to-date symlink: /home/ndp/ydlidar_ws/install/slam_gmapping/share/slam_gmapping/environment/path.dsv
-- Up-to-date symlink: /home/ndp/ydlidar_ws/install/slam_gmapping/share/slam_gmapping/local_setup.bash
-- Up-to-date symlink: /home/ndp/ydlidar_ws/install/slam_gmapping/share/slam_gmapping/local_setup.sh
-- Up-to-date symlink: /home/ndp/ydlidar_ws/install/slam_gmapping/share/slam_gmapping/local_setup.zsh
-- Up-to-date symlink: /home/ndp/ydlidar_ws/install/slam_gmapping/share/slam_gmapping/local_setup.dsv
-- Symlinking: /home/ndp/ydlidar_ws/install/slam_gmapping/share/slam_gmapping/package.dsv
-- Up-to-date symlink: /home/ndp/ydlidar_ws/install/slam_gmapping/share/ament_index/resource_index/packages/slam_gmapping
-- Up-to-date symlink: /home/ndp/ydlidar_ws/install/slam_gmapping/share/slam_gmapping/cmake/slam_gmappingConfig.cmake
-- Up-to-date symlink: /home/ndp/ydlidar_ws/install/slam_gmapping/share/slam_gmapping/cmake/slam_gmappingConfig-version.cmake
-- Up-to-date symlink: /home/ndp/ydlidar_ws/install/slam_gmapping/share/slam_gmapping/package.xml
