[0.822s] DEBUG:colcon:Command line arguments: ['/usr/bin/colcon', 'build', '--symlink-install']
[0.822s] DEBUG:colcon:Parsed command line arguments: Namespace(allow_overriding=[], ament_cmake_args=None, base_paths=['.'], build_base='build', catkin_cmake_args=None, catkin_skip_building_tests=False, cmake_args=None, cmake_clean_cache=False, cmake_clean_first=False, cmake_force_configure=False, cmake_target=None, cmake_target_skip_unavailable=False, continue_on_error=False, event_handlers=None, executor='parallel', ignore_user_meta=False, install_base='install', log_base=None, log_level=None, main=<bound method BuildVerb.main of <colcon_core.verb.build.BuildVerb object at 0xffff8df9fc10>>, merge_install=False, metas=['./colcon.meta'], packages_above=None, packages_above_and_dependencies=None, packages_above_depth=None, packages_end=None, packages_ignore=None, packages_ignore_regex=None, packages_select=None, packages_select_build_failed=False, packages_select_by_dep=None, packages_select_regex=None, packages_select_test_failures=False, packages_skip=None, packages_skip_build_finished=False, packages_skip_by_dep=None, packages_skip_regex=None, packages_skip_test_passed=False, packages_skip_up_to=None, packages_start=None, packages_up_to=None, packages_up_to_regex=None, parallel_workers=4, paths=None, symlink_install=True, test_result_base=None, verb_extension=<colcon_core.verb.build.BuildVerb object at 0xffff8df9fc10>, verb_name='build', verb_parser=<colcon_defaults.argument_parser.defaults.DefaultArgumentsDecorator object at 0xffff8de967c0>)
[1.543s] Level 1:colcon.colcon_core.package_discovery:discover_packages(colcon_meta) check parameters
[1.544s] Level 1:colcon.colcon_core.package_discovery:discover_packages(recursive) check parameters
[1.552s] Level 1:colcon.colcon_core.package_discovery:discover_packages(ignore) check parameters
[1.552s] Level 1:colcon.colcon_core.package_discovery:discover_packages(path) check parameters
[1.552s] Level 1:colcon.colcon_core.package_discovery:discover_packages(colcon_meta) discover
[1.552s] Level 1:colcon.colcon_core.package_discovery:discover_packages(recursive) discover
[1.552s] INFO:colcon.colcon_core.package_discovery:Crawling recursively for packages in '/home/datn/ydlidar_ws'
[1.553s] Level 1:colcon.colcon_core.package_identification:_identify(.) by extensions ['ignore', 'ignore_ament_install']
[1.553s] Level 1:colcon.colcon_core.package_identification:_identify(.) by extension 'ignore'
[1.554s] Level 1:colcon.colcon_core.package_identification:_identify(.) by extension 'ignore_ament_install'
[1.554s] Level 1:colcon.colcon_core.package_identification:_identify(.) by extensions ['colcon_pkg']
[1.554s] Level 1:colcon.colcon_core.package_identification:_identify(.) by extension 'colcon_pkg'
[1.554s] Level 1:colcon.colcon_core.package_identification:_identify(.) by extensions ['colcon_meta']
[1.555s] Level 1:colcon.colcon_core.package_identification:_identify(.) by extension 'colcon_meta'
[1.555s] Level 1:colcon.colcon_core.package_identification:_identify(.) by extensions ['ros']
[1.555s] Level 1:colcon.colcon_core.package_identification:_identify(.) by extension 'ros'
[1.603s] Level 1:colcon.colcon_core.package_identification:_identify(.) by extensions ['cmake', 'python']
[1.604s] Level 1:colcon.colcon_core.package_identification:_identify(.) by extension 'cmake'
[1.604s] Level 1:colcon.colcon_core.package_identification:_identify(.) by extension 'python'
[1.604s] Level 1:colcon.colcon_core.package_identification:_identify(.) by extensions ['python_setup_py']
[1.604s] Level 1:colcon.colcon_core.package_identification:_identify(.) by extension 'python_setup_py'
[1.605s] Level 1:colcon.colcon_core.package_identification:_identify(build) by extensions ['ignore', 'ignore_ament_install']
[1.605s] Level 1:colcon.colcon_core.package_identification:_identify(build) by extension 'ignore'
[1.605s] Level 1:colcon.colcon_core.package_identification:_identify(build) ignored
[1.606s] Level 1:colcon.colcon_core.package_identification:_identify(install) by extensions ['ignore', 'ignore_ament_install']
[1.606s] Level 1:colcon.colcon_core.package_identification:_identify(install) by extension 'ignore'
[1.606s] Level 1:colcon.colcon_core.package_identification:_identify(install) ignored
[1.607s] Level 1:colcon.colcon_core.package_identification:_identify(log) by extensions ['ignore', 'ignore_ament_install']
[1.607s] Level 1:colcon.colcon_core.package_identification:_identify(log) by extension 'ignore'
[1.608s] Level 1:colcon.colcon_core.package_identification:_identify(log) ignored
[1.608s] Level 1:colcon.colcon_core.package_identification:_identify(openslam_gmapping) by extensions ['ignore', 'ignore_ament_install']
[1.608s] Level 1:colcon.colcon_core.package_identification:_identify(openslam_gmapping) by extension 'ignore'
[1.609s] Level 1:colcon.colcon_core.package_identification:_identify(openslam_gmapping) by extension 'ignore_ament_install'
[1.609s] Level 1:colcon.colcon_core.package_identification:_identify(openslam_gmapping) by extensions ['colcon_pkg']
[1.609s] Level 1:colcon.colcon_core.package_identification:_identify(openslam_gmapping) by extension 'colcon_pkg'
[1.609s] Level 1:colcon.colcon_core.package_identification:_identify(openslam_gmapping) by extensions ['colcon_meta']
[1.609s] Level 1:colcon.colcon_core.package_identification:_identify(openslam_gmapping) by extension 'colcon_meta'
[1.609s] Level 1:colcon.colcon_core.package_identification:_identify(openslam_gmapping) by extensions ['ros']
[1.610s] Level 1:colcon.colcon_core.package_identification:_identify(openslam_gmapping) by extension 'ros'
[1.618s] DEBUG:colcon.colcon_core.package_identification:Package 'openslam_gmapping' with type 'ros.ament_cmake' and name 'openslam_gmapping'
[1.619s] Level 1:colcon.colcon_core.package_identification:_identify(slam_gmapping) by extensions ['ignore', 'ignore_ament_install']
[1.619s] Level 1:colcon.colcon_core.package_identification:_identify(slam_gmapping) by extension 'ignore'
[1.620s] Level 1:colcon.colcon_core.package_identification:_identify(slam_gmapping) by extension 'ignore_ament_install'
[1.620s] Level 1:colcon.colcon_core.package_identification:_identify(slam_gmapping) by extensions ['colcon_pkg']
[1.620s] Level 1:colcon.colcon_core.package_identification:_identify(slam_gmapping) by extension 'colcon_pkg'
[1.620s] Level 1:colcon.colcon_core.package_identification:_identify(slam_gmapping) by extensions ['colcon_meta']
[1.620s] Level 1:colcon.colcon_core.package_identification:_identify(slam_gmapping) by extension 'colcon_meta'
[1.621s] Level 1:colcon.colcon_core.package_identification:_identify(slam_gmapping) by extensions ['ros']
[1.621s] Level 1:colcon.colcon_core.package_identification:_identify(slam_gmapping) by extension 'ros'
[1.631s] DEBUG:colcon.colcon_core.package_identification:Package 'slam_gmapping' with type 'ros.ament_cmake' and name 'slam_gmapping'
[1.632s] Level 1:colcon.colcon_core.package_identification:_identify(ydlidar_ros2_driver-master) by extensions ['ignore', 'ignore_ament_install']
[1.632s] Level 1:colcon.colcon_core.package_identification:_identify(ydlidar_ros2_driver-master) by extension 'ignore'
[1.632s] Level 1:colcon.colcon_core.package_identification:_identify(ydlidar_ros2_driver-master) by extension 'ignore_ament_install'
[1.633s] Level 1:colcon.colcon_core.package_identification:_identify(ydlidar_ros2_driver-master) by extensions ['colcon_pkg']
[1.633s] Level 1:colcon.colcon_core.package_identification:_identify(ydlidar_ros2_driver-master) by extension 'colcon_pkg'
[1.633s] Level 1:colcon.colcon_core.package_identification:_identify(ydlidar_ros2_driver-master) by extensions ['colcon_meta']
[1.633s] Level 1:colcon.colcon_core.package_identification:_identify(ydlidar_ros2_driver-master) by extension 'colcon_meta'
[1.633s] Level 1:colcon.colcon_core.package_identification:_identify(ydlidar_ros2_driver-master) by extensions ['ros']
[1.633s] Level 1:colcon.colcon_core.package_identification:_identify(ydlidar_ros2_driver-master) by extension 'ros'
[1.636s] DEBUG:colcon.colcon_core.package_identification:Package 'ydlidar_ros2_driver-master' with type 'ros.ament_cmake' and name 'ydlidar_ros2_driver'
[1.636s] Level 1:colcon.colcon_core.package_discovery:discover_packages(recursive) using defaults
[1.637s] Level 1:colcon.colcon_core.package_discovery:discover_packages(ignore) discover
[1.637s] Level 1:colcon.colcon_core.package_discovery:discover_packages(ignore) using defaults
[1.637s] Level 1:colcon.colcon_core.package_discovery:discover_packages(path) discover
[1.637s] Level 1:colcon.colcon_core.package_discovery:discover_packages(path) using defaults
[1.700s] Level 1:colcon.colcon_core.package_discovery:discover_packages(prefix_path) check parameters
[1.700s] Level 1:colcon.colcon_core.package_discovery:discover_packages(prefix_path) discover
[1.709s] DEBUG:colcon.colcon_installed_package_information.package_discovery:Found 3 installed packages in /home/datn/ydlidar_ws/install
[1.718s] DEBUG:colcon.colcon_installed_package_information.package_discovery:Found 256 installed packages in /opt/ros/foxy
[1.725s] Level 1:colcon.colcon_core.package_discovery:discover_packages(prefix_path) using defaults
[2.126s] Level 5:colcon.colcon_core.verb:set package 'openslam_gmapping' build argument 'cmake_args' from command line to 'None'
[2.126s] Level 5:colcon.colcon_core.verb:set package 'openslam_gmapping' build argument 'cmake_target' from command line to 'None'
[2.127s] Level 5:colcon.colcon_core.verb:set package 'openslam_gmapping' build argument 'cmake_target_skip_unavailable' from command line to 'False'
[2.127s] Level 5:colcon.colcon_core.verb:set package 'openslam_gmapping' build argument 'cmake_clean_cache' from command line to 'False'
[2.127s] Level 5:colcon.colcon_core.verb:set package 'openslam_gmapping' build argument 'cmake_clean_first' from command line to 'False'
[2.127s] Level 5:colcon.colcon_core.verb:set package 'openslam_gmapping' build argument 'cmake_force_configure' from command line to 'False'
[2.127s] Level 5:colcon.colcon_core.verb:set package 'openslam_gmapping' build argument 'ament_cmake_args' from command line to 'None'
[2.127s] Level 5:colcon.colcon_core.verb:set package 'openslam_gmapping' build argument 'catkin_cmake_args' from command line to 'None'
[2.127s] Level 5:colcon.colcon_core.verb:set package 'openslam_gmapping' build argument 'catkin_skip_building_tests' from command line to 'False'
[2.127s] DEBUG:colcon.colcon_core.verb:Building package 'openslam_gmapping' with the following arguments: {'ament_cmake_args': None, 'build_base': '/home/datn/ydlidar_ws/build/openslam_gmapping', 'catkin_cmake_args': None, 'catkin_skip_building_tests': False, 'cmake_args': None, 'cmake_clean_cache': False, 'cmake_clean_first': False, 'cmake_force_configure': False, 'cmake_target': None, 'cmake_target_skip_unavailable': False, 'install_base': '/home/datn/ydlidar_ws/install/openslam_gmapping', 'merge_install': False, 'path': '/home/datn/ydlidar_ws/openslam_gmapping', 'symlink_install': True, 'test_result_base': None}
[2.129s] Level 5:colcon.colcon_core.verb:set package 'ydlidar_ros2_driver' build argument 'cmake_args' from command line to 'None'
[2.129s] Level 5:colcon.colcon_core.verb:set package 'ydlidar_ros2_driver' build argument 'cmake_target' from command line to 'None'
[2.129s] Level 5:colcon.colcon_core.verb:set package 'ydlidar_ros2_driver' build argument 'cmake_target_skip_unavailable' from command line to 'False'
[2.130s] Level 5:colcon.colcon_core.verb:set package 'ydlidar_ros2_driver' build argument 'cmake_clean_cache' from command line to 'False'
[2.130s] Level 5:colcon.colcon_core.verb:set package 'ydlidar_ros2_driver' build argument 'cmake_clean_first' from command line to 'False'
[2.130s] Level 5:colcon.colcon_core.verb:set package 'ydlidar_ros2_driver' build argument 'cmake_force_configure' from command line to 'False'
[2.130s] Level 5:colcon.colcon_core.verb:set package 'ydlidar_ros2_driver' build argument 'ament_cmake_args' from command line to 'None'
[2.130s] Level 5:colcon.colcon_core.verb:set package 'ydlidar_ros2_driver' build argument 'catkin_cmake_args' from command line to 'None'
[2.130s] Level 5:colcon.colcon_core.verb:set package 'ydlidar_ros2_driver' build argument 'catkin_skip_building_tests' from command line to 'False'
[2.130s] DEBUG:colcon.colcon_core.verb:Building package 'ydlidar_ros2_driver' with the following arguments: {'ament_cmake_args': None, 'build_base': '/home/datn/ydlidar_ws/build/ydlidar_ros2_driver', 'catkin_cmake_args': None, 'catkin_skip_building_tests': False, 'cmake_args': None, 'cmake_clean_cache': False, 'cmake_clean_first': False, 'cmake_force_configure': False, 'cmake_target': None, 'cmake_target_skip_unavailable': False, 'install_base': '/home/datn/ydlidar_ws/install/ydlidar_ros2_driver', 'merge_install': False, 'path': '/home/datn/ydlidar_ws/ydlidar_ros2_driver-master', 'symlink_install': True, 'test_result_base': None}
[2.132s] Level 5:colcon.colcon_core.verb:set package 'slam_gmapping' build argument 'cmake_args' from command line to 'None'
[2.132s] Level 5:colcon.colcon_core.verb:set package 'slam_gmapping' build argument 'cmake_target' from command line to 'None'
[2.132s] Level 5:colcon.colcon_core.verb:set package 'slam_gmapping' build argument 'cmake_target_skip_unavailable' from command line to 'False'
[2.132s] Level 5:colcon.colcon_core.verb:set package 'slam_gmapping' build argument 'cmake_clean_cache' from command line to 'False'
[2.132s] Level 5:colcon.colcon_core.verb:set package 'slam_gmapping' build argument 'cmake_clean_first' from command line to 'False'
[2.133s] Level 5:colcon.colcon_core.verb:set package 'slam_gmapping' build argument 'cmake_force_configure' from command line to 'False'
[2.133s] Level 5:colcon.colcon_core.verb:set package 'slam_gmapping' build argument 'ament_cmake_args' from command line to 'None'
[2.133s] Level 5:colcon.colcon_core.verb:set package 'slam_gmapping' build argument 'catkin_cmake_args' from command line to 'None'
[2.133s] Level 5:colcon.colcon_core.verb:set package 'slam_gmapping' build argument 'catkin_skip_building_tests' from command line to 'False'
[2.133s] DEBUG:colcon.colcon_core.verb:Building package 'slam_gmapping' with the following arguments: {'ament_cmake_args': None, 'build_base': '/home/datn/ydlidar_ws/build/slam_gmapping', 'catkin_cmake_args': None, 'catkin_skip_building_tests': False, 'cmake_args': None, 'cmake_clean_cache': False, 'cmake_clean_first': False, 'cmake_force_configure': False, 'cmake_target': None, 'cmake_target_skip_unavailable': False, 'install_base': '/home/datn/ydlidar_ws/install/slam_gmapping', 'merge_install': False, 'path': '/home/datn/ydlidar_ws/slam_gmapping', 'symlink_install': True, 'test_result_base': None}
[2.133s] INFO:colcon.colcon_core.executor:Executing jobs using 'parallel' executor
[2.137s] DEBUG:colcon.colcon_parallel_executor.executor.parallel:run_until_complete
[2.138s] INFO:colcon.colcon_ros.task.ament_cmake.build:Building ROS package in '/home/datn/ydlidar_ws/openslam_gmapping' with build type 'ament_cmake'
[2.139s] INFO:colcon.colcon_cmake.task.cmake.build:Building CMake package in '/home/datn/ydlidar_ws/openslam_gmapping'
[2.147s] INFO:colcon.colcon_core.plugin_system:Skipping extension 'colcon_core.shell.bat': Not used on non-Windows systems
[2.148s] INFO:colcon.colcon_core.shell:Skip shell extension 'powershell' for command environment: Not usable outside of PowerShell
[2.148s] DEBUG:colcon.colcon_core.shell:Skip shell extension 'dsv' for command environment
[2.172s] INFO:colcon.colcon_ros.task.ament_cmake.build:Building ROS package in '/home/datn/ydlidar_ws/ydlidar_ros2_driver-master' with build type 'ament_cmake'
[2.173s] INFO:colcon.colcon_cmake.task.cmake.build:Building CMake package in '/home/datn/ydlidar_ws/ydlidar_ros2_driver-master'
[2.175s] INFO:colcon.colcon_core.shell:Skip shell extension 'powershell' for command environment: Not usable outside of PowerShell
[2.176s] DEBUG:colcon.colcon_core.shell:Skip shell extension 'dsv' for command environment
[2.218s] DEBUG:colcon.colcon_core.event_handler.log_command:Invoking command in '/home/datn/ydlidar_ws/build/openslam_gmapping': CMAKE_PREFIX_PATH=${CMAKE_PREFIX_PATH}:/opt/ros/foxy /usr/bin/cmake --build /home/datn/ydlidar_ws/build/openslam_gmapping -- -j4 -l4
[2.259s] DEBUG:colcon.colcon_core.event_handler.log_command:Invoking command in '/home/datn/ydlidar_ws/build/ydlidar_ros2_driver': CMAKE_PREFIX_PATH=${CMAKE_PREFIX_PATH}:/opt/ros/foxy /usr/bin/cmake --build /home/datn/ydlidar_ws/build/ydlidar_ros2_driver -- -j4 -l4
[2.657s] DEBUG:colcon.colcon_core.event_handler.log_command:Invoked command in '/home/datn/ydlidar_ws/build/ydlidar_ros2_driver' returned '0': CMAKE_PREFIX_PATH=${CMAKE_PREFIX_PATH}:/opt/ros/foxy /usr/bin/cmake --build /home/datn/ydlidar_ws/build/ydlidar_ros2_driver -- -j4 -l4
[2.844s] DEBUG:colcon.colcon_core.event_handler.log_command:Invoking command in '/home/datn/ydlidar_ws/build/ydlidar_ros2_driver': CMAKE_PREFIX_PATH=${CMAKE_PREFIX_PATH}:/opt/ros/foxy /usr/bin/cmake --install /home/datn/ydlidar_ws/build/ydlidar_ros2_driver
[2.853s] DEBUG:colcon.colcon_core.event_handler.log_command:Invoked command in '/home/datn/ydlidar_ws/build/openslam_gmapping' returned '0': CMAKE_PREFIX_PATH=${CMAKE_PREFIX_PATH}:/opt/ros/foxy /usr/bin/cmake --build /home/datn/ydlidar_ws/build/openslam_gmapping -- -j4 -l4
[2.984s] Level 1:colcon.colcon_core.environment:create_environment_scripts_only(ydlidar_ros2_driver)
[2.986s] DEBUG:colcon.colcon_core.event_handler.log_command:Invoked command in '/home/datn/ydlidar_ws/build/ydlidar_ros2_driver' returned '0': CMAKE_PREFIX_PATH=${CMAKE_PREFIX_PATH}:/opt/ros/foxy /usr/bin/cmake --install /home/datn/ydlidar_ws/build/ydlidar_ros2_driver
[2.999s] Level 1:colcon.colcon_core.environment:checking '/home/datn/ydlidar_ws/install/ydlidar_ros2_driver' for CMake module files
[3.003s] Level 1:colcon.colcon_core.environment:checking '/home/datn/ydlidar_ws/install/ydlidar_ros2_driver' for CMake config files
[3.007s] Level 1:colcon.colcon_core.shell:create_environment_hook('ydlidar_ros2_driver', 'cmake_prefix_path')
[3.008s] INFO:colcon.colcon_core.shell:Creating environment hook '/home/datn/ydlidar_ws/install/ydlidar_ros2_driver/share/ydlidar_ros2_driver/hook/cmake_prefix_path.ps1'
[3.010s] INFO:colcon.colcon_core.shell:Creating environment descriptor '/home/datn/ydlidar_ws/install/ydlidar_ros2_driver/share/ydlidar_ros2_driver/hook/cmake_prefix_path.dsv'
[3.012s] INFO:colcon.colcon_core.shell:Creating environment hook '/home/datn/ydlidar_ws/install/ydlidar_ros2_driver/share/ydlidar_ros2_driver/hook/cmake_prefix_path.sh'
[3.016s] Level 1:colcon.colcon_core.environment:checking '/home/datn/ydlidar_ws/install/ydlidar_ros2_driver/lib'
[3.017s] Level 1:colcon.colcon_core.environment:checking '/home/datn/ydlidar_ws/install/ydlidar_ros2_driver/bin'
[3.017s] Level 1:colcon.colcon_core.environment:checking '/home/datn/ydlidar_ws/install/ydlidar_ros2_driver/lib/pkgconfig/ydlidar_ros2_driver.pc'
[3.018s] Level 1:colcon.colcon_core.environment:checking '/home/datn/ydlidar_ws/install/ydlidar_ros2_driver/lib/python3.8/site-packages'
[3.019s] Level 1:colcon.colcon_core.environment:checking '/home/datn/ydlidar_ws/install/ydlidar_ros2_driver/bin'
[3.020s] INFO:colcon.colcon_core.shell:Creating package script '/home/datn/ydlidar_ws/install/ydlidar_ros2_driver/share/ydlidar_ros2_driver/package.ps1'
[3.023s] INFO:colcon.colcon_core.shell:Creating package descriptor '/home/datn/ydlidar_ws/install/ydlidar_ros2_driver/share/ydlidar_ros2_driver/package.dsv'
[3.026s] INFO:colcon.colcon_core.shell:Creating package script '/home/datn/ydlidar_ws/install/ydlidar_ros2_driver/share/ydlidar_ros2_driver/package.sh'
[3.029s] INFO:colcon.colcon_core.shell:Creating package script '/home/datn/ydlidar_ws/install/ydlidar_ros2_driver/share/ydlidar_ros2_driver/package.bash'
[3.033s] INFO:colcon.colcon_core.shell:Creating package script '/home/datn/ydlidar_ws/install/ydlidar_ros2_driver/share/ydlidar_ros2_driver/package.zsh'
[3.036s] Level 1:colcon.colcon_core.environment:create_file_with_runtime_dependencies(/home/datn/ydlidar_ws/install/ydlidar_ros2_driver/share/colcon-core/packages/ydlidar_ros2_driver)
[3.061s] DEBUG:colcon.colcon_core.event_handler.log_command:Invoking command in '/home/datn/ydlidar_ws/build/openslam_gmapping': CMAKE_PREFIX_PATH=${CMAKE_PREFIX_PATH}:/opt/ros/foxy /usr/bin/cmake --install /home/datn/ydlidar_ws/build/openslam_gmapping
[3.174s] Level 1:colcon.colcon_core.environment:create_environment_scripts_only(ydlidar_ros2_driver)
[3.176s] Level 1:colcon.colcon_core.environment:checking '/home/datn/ydlidar_ws/install/ydlidar_ros2_driver' for CMake module files
[3.181s] Level 1:colcon.colcon_core.environment:checking '/home/datn/ydlidar_ws/install/ydlidar_ros2_driver' for CMake config files
[3.185s] Level 1:colcon.colcon_core.shell:create_environment_hook('ydlidar_ros2_driver', 'cmake_prefix_path')
[3.186s] INFO:colcon.colcon_core.shell:Creating environment hook '/home/datn/ydlidar_ws/install/ydlidar_ros2_driver/share/ydlidar_ros2_driver/hook/cmake_prefix_path.ps1'
[3.188s] INFO:colcon.colcon_core.shell:Creating environment descriptor '/home/datn/ydlidar_ws/install/ydlidar_ros2_driver/share/ydlidar_ros2_driver/hook/cmake_prefix_path.dsv'
[3.190s] INFO:colcon.colcon_core.shell:Creating environment hook '/home/datn/ydlidar_ws/install/ydlidar_ros2_driver/share/ydlidar_ros2_driver/hook/cmake_prefix_path.sh'
[3.193s] Level 1:colcon.colcon_core.environment:checking '/home/datn/ydlidar_ws/install/ydlidar_ros2_driver/lib'
[3.194s] Level 1:colcon.colcon_core.environment:checking '/home/datn/ydlidar_ws/install/ydlidar_ros2_driver/bin'
[3.194s] Level 1:colcon.colcon_core.environment:checking '/home/datn/ydlidar_ws/install/ydlidar_ros2_driver/lib/pkgconfig/ydlidar_ros2_driver.pc'
[3.195s] Level 1:colcon.colcon_core.environment:checking '/home/datn/ydlidar_ws/install/ydlidar_ros2_driver/lib/python3.8/site-packages'
[3.196s] Level 1:colcon.colcon_core.environment:checking '/home/datn/ydlidar_ws/install/ydlidar_ros2_driver/bin'
[3.198s] INFO:colcon.colcon_core.shell:Creating package script '/home/datn/ydlidar_ws/install/ydlidar_ros2_driver/share/ydlidar_ros2_driver/package.ps1'
[3.201s] INFO:colcon.colcon_core.shell:Creating package descriptor '/home/datn/ydlidar_ws/install/ydlidar_ros2_driver/share/ydlidar_ros2_driver/package.dsv'
[3.204s] INFO:colcon.colcon_core.shell:Creating package script '/home/datn/ydlidar_ws/install/ydlidar_ros2_driver/share/ydlidar_ros2_driver/package.sh'
[3.207s] INFO:colcon.colcon_core.shell:Creating package script '/home/datn/ydlidar_ws/install/ydlidar_ros2_driver/share/ydlidar_ros2_driver/package.bash'
[3.209s] INFO:colcon.colcon_core.shell:Creating package script '/home/datn/ydlidar_ws/install/ydlidar_ros2_driver/share/ydlidar_ros2_driver/package.zsh'
[3.212s] Level 1:colcon.colcon_core.environment:create_file_with_runtime_dependencies(/home/datn/ydlidar_ws/install/ydlidar_ros2_driver/share/colcon-core/packages/ydlidar_ros2_driver)
[3.234s] Level 1:colcon.colcon_core.environment:create_environment_scripts_only(openslam_gmapping)
[3.235s] Level 1:colcon.colcon_core.environment:checking '/home/datn/ydlidar_ws/install/openslam_gmapping' for CMake module files
[3.237s] DEBUG:colcon.colcon_core.event_handler.log_command:Invoked command in '/home/datn/ydlidar_ws/build/openslam_gmapping' returned '0': CMAKE_PREFIX_PATH=${CMAKE_PREFIX_PATH}:/opt/ros/foxy /usr/bin/cmake --install /home/datn/ydlidar_ws/build/openslam_gmapping
[3.239s] Level 1:colcon.colcon_core.environment:checking '/home/datn/ydlidar_ws/install/openslam_gmapping' for CMake config files
[3.245s] Level 1:colcon.colcon_core.shell:create_environment_hook('openslam_gmapping', 'cmake_prefix_path')
[3.246s] INFO:colcon.colcon_core.shell:Creating environment hook '/home/datn/ydlidar_ws/install/openslam_gmapping/share/openslam_gmapping/hook/cmake_prefix_path.ps1'
[3.248s] INFO:colcon.colcon_core.shell:Creating environment descriptor '/home/datn/ydlidar_ws/install/openslam_gmapping/share/openslam_gmapping/hook/cmake_prefix_path.dsv'
[3.250s] INFO:colcon.colcon_core.shell:Creating environment hook '/home/datn/ydlidar_ws/install/openslam_gmapping/share/openslam_gmapping/hook/cmake_prefix_path.sh'
[3.252s] Level 1:colcon.colcon_core.environment:checking '/home/datn/ydlidar_ws/install/openslam_gmapping/lib'
[3.253s] Level 1:colcon.colcon_core.environment:checking '/home/datn/ydlidar_ws/install/openslam_gmapping/bin'
[3.253s] Level 1:colcon.colcon_core.environment:checking '/home/datn/ydlidar_ws/install/openslam_gmapping/lib/pkgconfig/openslam_gmapping.pc'
[3.254s] Level 1:colcon.colcon_core.environment:checking '/home/datn/ydlidar_ws/install/openslam_gmapping/lib/python3.8/site-packages'
[3.255s] Level 1:colcon.colcon_core.environment:checking '/home/datn/ydlidar_ws/install/openslam_gmapping/bin'
[3.256s] INFO:colcon.colcon_core.shell:Creating package script '/home/datn/ydlidar_ws/install/openslam_gmapping/share/openslam_gmapping/package.ps1'
[3.258s] INFO:colcon.colcon_core.shell:Creating package descriptor '/home/datn/ydlidar_ws/install/openslam_gmapping/share/openslam_gmapping/package.dsv'
[3.260s] INFO:colcon.colcon_core.shell:Creating package script '/home/datn/ydlidar_ws/install/openslam_gmapping/share/openslam_gmapping/package.sh'
[3.262s] INFO:colcon.colcon_core.shell:Creating package script '/home/datn/ydlidar_ws/install/openslam_gmapping/share/openslam_gmapping/package.bash'
[3.264s] INFO:colcon.colcon_core.shell:Creating package script '/home/datn/ydlidar_ws/install/openslam_gmapping/share/openslam_gmapping/package.zsh'
[3.265s] Level 1:colcon.colcon_core.environment:create_file_with_runtime_dependencies(/home/datn/ydlidar_ws/install/openslam_gmapping/share/colcon-core/packages/openslam_gmapping)
[3.401s] Level 1:colcon.colcon_core.environment:create_environment_scripts_only(openslam_gmapping)
[3.402s] Level 1:colcon.colcon_core.environment:checking '/home/datn/ydlidar_ws/install/openslam_gmapping' for CMake module files
[3.406s] Level 1:colcon.colcon_core.environment:checking '/home/datn/ydlidar_ws/install/openslam_gmapping' for CMake config files
[3.412s] Level 1:colcon.colcon_core.shell:create_environment_hook('openslam_gmapping', 'cmake_prefix_path')
[3.413s] INFO:colcon.colcon_core.shell:Creating environment hook '/home/datn/ydlidar_ws/install/openslam_gmapping/share/openslam_gmapping/hook/cmake_prefix_path.ps1'
[3.415s] INFO:colcon.colcon_core.shell:Creating environment descriptor '/home/datn/ydlidar_ws/install/openslam_gmapping/share/openslam_gmapping/hook/cmake_prefix_path.dsv'
[3.417s] INFO:colcon.colcon_core.shell:Creating environment hook '/home/datn/ydlidar_ws/install/openslam_gmapping/share/openslam_gmapping/hook/cmake_prefix_path.sh'
[3.420s] Level 1:colcon.colcon_core.environment:checking '/home/datn/ydlidar_ws/install/openslam_gmapping/lib'
[3.420s] Level 1:colcon.colcon_core.environment:checking '/home/datn/ydlidar_ws/install/openslam_gmapping/bin'
[3.420s] Level 1:colcon.colcon_core.environment:checking '/home/datn/ydlidar_ws/install/openslam_gmapping/lib/pkgconfig/openslam_gmapping.pc'
[3.421s] Level 1:colcon.colcon_core.environment:checking '/home/datn/ydlidar_ws/install/openslam_gmapping/lib/python3.8/site-packages'
[3.422s] Level 1:colcon.colcon_core.environment:checking '/home/datn/ydlidar_ws/install/openslam_gmapping/bin'
[3.423s] INFO:colcon.colcon_core.shell:Creating package script '/home/datn/ydlidar_ws/install/openslam_gmapping/share/openslam_gmapping/package.ps1'
[3.425s] INFO:colcon.colcon_core.shell:Creating package descriptor '/home/datn/ydlidar_ws/install/openslam_gmapping/share/openslam_gmapping/package.dsv'
[3.428s] INFO:colcon.colcon_core.shell:Creating package script '/home/datn/ydlidar_ws/install/openslam_gmapping/share/openslam_gmapping/package.sh'
[3.430s] INFO:colcon.colcon_core.shell:Creating package script '/home/datn/ydlidar_ws/install/openslam_gmapping/share/openslam_gmapping/package.bash'
[3.432s] INFO:colcon.colcon_core.shell:Creating package script '/home/datn/ydlidar_ws/install/openslam_gmapping/share/openslam_gmapping/package.zsh'
[3.433s] Level 1:colcon.colcon_core.environment:create_file_with_runtime_dependencies(/home/datn/ydlidar_ws/install/openslam_gmapping/share/colcon-core/packages/openslam_gmapping)
[3.435s] INFO:colcon.colcon_ros.task.ament_cmake.build:Building ROS package in '/home/datn/ydlidar_ws/slam_gmapping' with build type 'ament_cmake'
[3.435s] INFO:colcon.colcon_cmake.task.cmake.build:Building CMake package in '/home/datn/ydlidar_ws/slam_gmapping'
[3.437s] INFO:colcon.colcon_core.shell:Skip shell extension 'powershell' for command environment: Not usable outside of PowerShell
[3.437s] DEBUG:colcon.colcon_core.shell:Skip shell extension 'dsv' for command environment
[3.495s] DEBUG:colcon.colcon_core.event_handler.log_command:Invoking command in '/home/datn/ydlidar_ws/build/slam_gmapping': CMAKE_PREFIX_PATH=/home/datn/ydlidar_ws/install/openslam_gmapping:/home/datn/ydlidar_ws/install/ydlidar_ros2_driver:/home/datn/ydlidar_ws/install/slam_gmapping:/opt/ros/foxy /usr/bin/cmake --build /home/datn/ydlidar_ws/build/slam_gmapping -- -j4 -l4
[3.886s] DEBUG:colcon.colcon_core.event_handler.log_command:Invoked command in '/home/datn/ydlidar_ws/build/slam_gmapping' returned '0': CMAKE_PREFIX_PATH=/home/datn/ydlidar_ws/install/openslam_gmapping:/home/datn/ydlidar_ws/install/ydlidar_ros2_driver:/home/datn/ydlidar_ws/install/slam_gmapping:/opt/ros/foxy /usr/bin/cmake --build /home/datn/ydlidar_ws/build/slam_gmapping -- -j4 -l4
[4.045s] DEBUG:colcon.colcon_core.event_handler.log_command:Invoking command in '/home/datn/ydlidar_ws/build/slam_gmapping': CMAKE_PREFIX_PATH=/home/datn/ydlidar_ws/install/openslam_gmapping:/home/datn/ydlidar_ws/install/ydlidar_ros2_driver:/home/datn/ydlidar_ws/install/slam_gmapping:/opt/ros/foxy /usr/bin/cmake --install /home/datn/ydlidar_ws/build/slam_gmapping
[4.159s] Level 1:colcon.colcon_core.environment:create_environment_scripts_only(slam_gmapping)
[4.160s] Level 1:colcon.colcon_core.environment:checking '/home/datn/ydlidar_ws/install/slam_gmapping' for CMake module files
[4.162s] DEBUG:colcon.colcon_core.event_handler.log_command:Invoked command in '/home/datn/ydlidar_ws/build/slam_gmapping' returned '0': CMAKE_PREFIX_PATH=/home/datn/ydlidar_ws/install/openslam_gmapping:/home/datn/ydlidar_ws/install/ydlidar_ros2_driver:/home/datn/ydlidar_ws/install/slam_gmapping:/opt/ros/foxy /usr/bin/cmake --install /home/datn/ydlidar_ws/build/slam_gmapping
[4.165s] Level 1:colcon.colcon_core.environment:checking '/home/datn/ydlidar_ws/install/slam_gmapping' for CMake config files
[4.169s] Level 1:colcon.colcon_core.shell:create_environment_hook('slam_gmapping', 'cmake_prefix_path')
[4.170s] INFO:colcon.colcon_core.shell:Creating environment hook '/home/datn/ydlidar_ws/install/slam_gmapping/share/slam_gmapping/hook/cmake_prefix_path.ps1'
[4.172s] INFO:colcon.colcon_core.shell:Creating environment descriptor '/home/datn/ydlidar_ws/install/slam_gmapping/share/slam_gmapping/hook/cmake_prefix_path.dsv'
[4.173s] INFO:colcon.colcon_core.shell:Creating environment hook '/home/datn/ydlidar_ws/install/slam_gmapping/share/slam_gmapping/hook/cmake_prefix_path.sh'
[4.176s] Level 1:colcon.colcon_core.environment:checking '/home/datn/ydlidar_ws/install/slam_gmapping/lib'
[4.176s] Level 1:colcon.colcon_core.environment:checking '/home/datn/ydlidar_ws/install/slam_gmapping/bin'
[4.177s] Level 1:colcon.colcon_core.environment:checking '/home/datn/ydlidar_ws/install/slam_gmapping/lib/pkgconfig/slam_gmapping.pc'
[4.178s] Level 1:colcon.colcon_core.environment:checking '/home/datn/ydlidar_ws/install/slam_gmapping/lib/python3.8/site-packages'
[4.178s] Level 1:colcon.colcon_core.environment:checking '/home/datn/ydlidar_ws/install/slam_gmapping/bin'
[4.180s] INFO:colcon.colcon_core.shell:Creating package script '/home/datn/ydlidar_ws/install/slam_gmapping/share/slam_gmapping/package.ps1'
[4.182s] INFO:colcon.colcon_core.shell:Creating package descriptor '/home/datn/ydlidar_ws/install/slam_gmapping/share/slam_gmapping/package.dsv'
[4.184s] INFO:colcon.colcon_core.shell:Creating package script '/home/datn/ydlidar_ws/install/slam_gmapping/share/slam_gmapping/package.sh'
[4.186s] INFO:colcon.colcon_core.shell:Creating package script '/home/datn/ydlidar_ws/install/slam_gmapping/share/slam_gmapping/package.bash'
[4.188s] INFO:colcon.colcon_core.shell:Creating package script '/home/datn/ydlidar_ws/install/slam_gmapping/share/slam_gmapping/package.zsh'
[4.190s] Level 1:colcon.colcon_core.environment:create_file_with_runtime_dependencies(/home/datn/ydlidar_ws/install/slam_gmapping/share/colcon-core/packages/slam_gmapping)
[4.334s] Level 1:colcon.colcon_core.environment:create_environment_scripts_only(slam_gmapping)
[4.336s] Level 1:colcon.colcon_core.environment:checking '/home/datn/ydlidar_ws/install/slam_gmapping' for CMake module files
[4.340s] Level 1:colcon.colcon_core.environment:checking '/home/datn/ydlidar_ws/install/slam_gmapping' for CMake config files
[4.345s] Level 1:colcon.colcon_core.shell:create_environment_hook('slam_gmapping', 'cmake_prefix_path')
[4.346s] INFO:colcon.colcon_core.shell:Creating environment hook '/home/datn/ydlidar_ws/install/slam_gmapping/share/slam_gmapping/hook/cmake_prefix_path.ps1'
[4.348s] INFO:colcon.colcon_core.shell:Creating environment descriptor '/home/datn/ydlidar_ws/install/slam_gmapping/share/slam_gmapping/hook/cmake_prefix_path.dsv'
[4.349s] INFO:colcon.colcon_core.shell:Creating environment hook '/home/datn/ydlidar_ws/install/slam_gmapping/share/slam_gmapping/hook/cmake_prefix_path.sh'
[4.352s] Level 1:colcon.colcon_core.environment:checking '/home/datn/ydlidar_ws/install/slam_gmapping/lib'
[4.353s] Level 1:colcon.colcon_core.environment:checking '/home/datn/ydlidar_ws/install/slam_gmapping/bin'
[4.354s] Level 1:colcon.colcon_core.environment:checking '/home/datn/ydlidar_ws/install/slam_gmapping/lib/pkgconfig/slam_gmapping.pc'
[4.355s] Level 1:colcon.colcon_core.environment:checking '/home/datn/ydlidar_ws/install/slam_gmapping/lib/python3.8/site-packages'
[4.355s] Level 1:colcon.colcon_core.environment:checking '/home/datn/ydlidar_ws/install/slam_gmapping/bin'
[4.357s] INFO:colcon.colcon_core.shell:Creating package script '/home/datn/ydlidar_ws/install/slam_gmapping/share/slam_gmapping/package.ps1'
[4.359s] INFO:colcon.colcon_core.shell:Creating package descriptor '/home/datn/ydlidar_ws/install/slam_gmapping/share/slam_gmapping/package.dsv'
[4.361s] INFO:colcon.colcon_core.shell:Creating package script '/home/datn/ydlidar_ws/install/slam_gmapping/share/slam_gmapping/package.sh'
[4.363s] INFO:colcon.colcon_core.shell:Creating package script '/home/datn/ydlidar_ws/install/slam_gmapping/share/slam_gmapping/package.bash'
[4.365s] INFO:colcon.colcon_core.shell:Creating package script '/home/datn/ydlidar_ws/install/slam_gmapping/share/slam_gmapping/package.zsh'
[4.367s] Level 1:colcon.colcon_core.environment:create_file_with_runtime_dependencies(/home/datn/ydlidar_ws/install/slam_gmapping/share/colcon-core/packages/slam_gmapping)
[4.368s] DEBUG:colcon.colcon_parallel_executor.executor.parallel:closing loop
[4.369s] DEBUG:colcon.colcon_parallel_executor.executor.parallel:loop closed
[4.369s] DEBUG:colcon.colcon_parallel_executor.executor.parallel:run_until_complete finished with '0'
[4.370s] DEBUG:colcon.colcon_core.event_reactor:joining thread
[4.395s] INFO:colcon.colcon_core.plugin_system:Skipping extension 'colcon_notification.desktop_notification.terminal_notifier': Not used on non-Darwin systems
[4.395s] INFO:colcon.colcon_core.plugin_system:Skipping extension 'colcon_notification.desktop_notification.win32': Not used on non-Windows systems
[4.396s] INFO:colcon.colcon_notification.desktop_notification:Sending desktop notification using 'notify2'
[4.410s] DEBUG:colcon.colcon_core.event_reactor:joined thread
[4.411s] INFO:colcon.colcon_core.shell:Creating prefix script '/home/datn/ydlidar_ws/install/local_setup.ps1'
[4.415s] INFO:colcon.colcon_core.shell:Creating prefix util module '/home/datn/ydlidar_ws/install/_local_setup_util_ps1.py'
[4.422s] INFO:colcon.colcon_core.shell:Creating prefix chain script '/home/datn/ydlidar_ws/install/setup.ps1'
[4.427s] INFO:colcon.colcon_core.shell:Creating prefix script '/home/datn/ydlidar_ws/install/local_setup.sh'
[4.429s] INFO:colcon.colcon_core.shell:Creating prefix util module '/home/datn/ydlidar_ws/install/_local_setup_util_sh.py'
[4.432s] INFO:colcon.colcon_core.shell:Creating prefix chain script '/home/datn/ydlidar_ws/install/setup.sh'
[4.437s] INFO:colcon.colcon_core.shell:Creating prefix script '/home/datn/ydlidar_ws/install/local_setup.bash'
[4.439s] INFO:colcon.colcon_core.shell:Creating prefix chain script '/home/datn/ydlidar_ws/install/setup.bash'
[4.445s] INFO:colcon.colcon_core.shell:Creating prefix script '/home/datn/ydlidar_ws/install/local_setup.zsh'
[4.448s] INFO:colcon.colcon_core.shell:Creating prefix chain script '/home/datn/ydlidar_ws/install/setup.zsh'
