[0.008s] Invoking command in '/home/ndp/ydlidar_ws/build/slam_gmapping': AMENT_PREFIX_PATH=/home/ndp/ydlidar_ws/install/openslam_gmapping:${AMENT_PREFIX_PATH} CMAKE_PREFIX_PATH=/home/ndp/ydlidar_ws/install/openslam_gmapping:/home/ndp/ydlidar_ws/install/ydlidar_ros2_driver:/home/ndp/ydlidar/install/ydlidar_ros2_driver:/opt/ros/foxy LD_LIBRARY_PATH=/home/ndp/ydlidar_ws/install/openslam_gmapping/lib:${LD_LIBRARY_PATH} /usr/bin/cmake --build /home/ndp/ydlidar_ws/build/slam_gmapping -- -j8 -l8
[0.060s] [100%] Built target slam_gmapping
[0.060s] [100%] Built target transform
[0.068s] Invoked command in '/home/ndp/ydlidar_ws/build/slam_gmapping' returned '0': AMENT_PREFIX_PATH=/home/ndp/ydlidar_ws/install/openslam_gmapping:${AMENT_PREFIX_PATH} CMAKE_PREFIX_PATH=/home/ndp/ydlidar_ws/install/openslam_gmapping:/home/ndp/ydlidar_ws/install/ydlidar_ros2_driver:/home/ndp/ydlidar/install/ydlidar_ros2_driver:/opt/ros/foxy LD_LIBRARY_PATH=/home/ndp/ydlidar_ws/install/openslam_gmapping/lib:${LD_LIBRARY_PATH} /usr/bin/cmake --build /home/ndp/ydlidar_ws/build/slam_gmapping -- -j8 -l8
[0.087s] Invoking command in '/home/ndp/ydlidar_ws/build/slam_gmapping': AMENT_PREFIX_PATH=/home/ndp/ydlidar_ws/install/openslam_gmapping:${AMENT_PREFIX_PATH} CMAKE_PREFIX_PATH=/home/ndp/ydlidar_ws/install/openslam_gmapping:/home/ndp/ydlidar_ws/install/ydlidar_ros2_driver:/home/ndp/ydlidar/install/ydlidar_ros2_driver:/opt/ros/foxy LD_LIBRARY_PATH=/home/ndp/ydlidar_ws/install/openslam_gmapping/lib:${LD_LIBRARY_PATH} /usr/bin/cmake --install /home/ndp/ydlidar_ws/build/slam_gmapping
[0.093s] -- Install configuration: ""
[0.093s] -- Execute custom install script
[0.093s] -- Up-to-date symlink: /home/ndp/ydlidar_ws/install/slam_gmapping/lib/slam_gmapping/slam_gmapping
[0.094s] -- Up-to-date symlink: /home/ndp/ydlidar_ws/install/slam_gmapping/lib/slam_gmapping/transform
[0.094s] -- Up-to-date symlink: /home/ndp/ydlidar_ws/install/slam_gmapping/share/slam_gmapping/launch/gmapping_4ros_launch.py
[0.094s] -- Up-to-date symlink: /home/ndp/ydlidar_ws/install/slam_gmapping/share/slam_gmapping/launch/gmapping_x3_launch.py
[0.094s] -- Up-to-date symlink: /home/ndp/ydlidar_ws/install/slam_gmapping/share/slam_gmapping/launch/slam_4ros_gmapping.launch.py
[0.094s] -- Up-to-date symlink: /home/ndp/ydlidar_ws/install/slam_gmapping/share/slam_gmapping/launch/slam_x3_gmapping.launch.py
[0.095s] -- Up-to-date symlink: /home/ndp/ydlidar_ws/install/slam_gmapping/share/slam_gmapping/launch/test_gmapping.launch.py
[0.095s] -- Up-to-date symlink: /home/ndp/ydlidar_ws/install/slam_gmapping/share/ament_index/resource_index/package_run_dependencies/slam_gmapping
[0.095s] -- Up-to-date symlink: /home/ndp/ydlidar_ws/install/slam_gmapping/share/ament_index/resource_index/parent_prefix_path/slam_gmapping
[0.095s] -- Up-to-date symlink: /home/ndp/ydlidar_ws/install/slam_gmapping/share/slam_gmapping/environment/ament_prefix_path.sh
[0.095s] -- Up-to-date symlink: /home/ndp/ydlidar_ws/install/slam_gmapping/share/slam_gmapping/environment/ament_prefix_path.dsv
[0.096s] -- Up-to-date symlink: /home/ndp/ydlidar_ws/install/slam_gmapping/share/slam_gmapping/environment/path.sh
[0.096s] -- Up-to-date symlink: /home/ndp/ydlidar_ws/install/slam_gmapping/share/slam_gmapping/environment/path.dsv
[0.096s] -- Up-to-date symlink: /home/ndp/ydlidar_ws/install/slam_gmapping/share/slam_gmapping/local_setup.bash
[0.096s] -- Up-to-date symlink: /home/ndp/ydlidar_ws/install/slam_gmapping/share/slam_gmapping/local_setup.sh
[0.097s] -- Up-to-date symlink: /home/ndp/ydlidar_ws/install/slam_gmapping/share/slam_gmapping/local_setup.zsh
[0.097s] -- Up-to-date symlink: /home/ndp/ydlidar_ws/install/slam_gmapping/share/slam_gmapping/local_setup.dsv
[0.097s] -- Symlinking: /home/ndp/ydlidar_ws/install/slam_gmapping/share/slam_gmapping/package.dsv
[0.104s] -- Up-to-date symlink: /home/ndp/ydlidar_ws/install/slam_gmapping/share/ament_index/resource_index/packages/slam_gmapping
[0.104s] -- Up-to-date symlink: /home/ndp/ydlidar_ws/install/slam_gmapping/share/slam_gmapping/cmake/slam_gmappingConfig.cmake
[0.104s] -- Up-to-date symlink: /home/ndp/ydlidar_ws/install/slam_gmapping/share/slam_gmapping/cmake/slam_gmappingConfig-version.cmake
[0.104s] -- Up-to-date symlink: /home/ndp/ydlidar_ws/install/slam_gmapping/share/slam_gmapping/package.xml
[0.106s] Invoked command in '/home/ndp/ydlidar_ws/build/slam_gmapping' returned '0': AMENT_PREFIX_PATH=/home/ndp/ydlidar_ws/install/openslam_gmapping:${AMENT_PREFIX_PATH} CMAKE_PREFIX_PATH=/home/ndp/ydlidar_ws/install/openslam_gmapping:/home/ndp/ydlidar_ws/install/ydlidar_ros2_driver:/home/ndp/ydlidar/install/ydlidar_ros2_driver:/opt/ros/foxy LD_LIBRARY_PATH=/home/ndp/ydlidar_ws/install/openslam_gmapping/lib:${LD_LIBRARY_PATH} /usr/bin/cmake --install /home/ndp/ydlidar_ws/build/slam_gmapping
